#
# A fatal error has been detected by the Java Runtime Environment:
#
#  EXCEPTION_ACCESS_VIOLATION (0xc0000005) at pc=0x00000000558ca940, pid=5204, tid=0x0000000000001910
#
# JRE version: OpenJDK Runtime Environment (8.0_152-b01) (build 1.8.0_152-release-1248-b01)
# Java VM: OpenJDK 64-Bit Server VM (25.152-b01 mixed mode windows-amd64 compressed oops)
# Problematic frame:
# V  [jvm.dll+0x8a940]
#
# Failed to write core dump. Minidumps are not enabled by default on client versions of Windows
#
# If you would like to submit a bug report, please visit:
#   http://bugreport.java.com/bugreport/crash.jsp
#

---------------  T H R E A D  ---------------

Current thread (0x0000000003259000):  GCTaskThread [stack: 0x0000000012d10000,0x0000000012e10000] [id=6416]

siginfo: ExceptionCode=0xc0000005, reading address 0x0000000000000028

Registers:
RAX=0x0000000000000000, RBX=0x00000000e76feb0c, RCX=0x00000000e76feb0c, RDX=0x0000000000000020
RSP=0x0000000012e0f4b8, RBP=0x0000000012726681, RSI=0x0000000016c741c0, RDI=0x00000000a4cd0000
R8 =0x0000000016c741c0, R9 =0x000000000000000b, R10=0x0000000000000008, R11=0x00000000edad3820
R12=0x0000000012726601, R13=0x200d4fa400000000, R14=0x0000000000000000, R15=0x000000000324e5f0
RIP=0x00000000558ca940, EFLAGS=0x0000000000010202

Top of Stack: (sp=0x0000000012e0f4b8)
0x0000000012e0f4b8:   0000000055c0ca32 00000000f1aa57b8
0x0000000012e0f4c8:   0000000000000002 0000000016c741c0
0x0000000012e0f4d8:   00000000f123a6b0 00000000edacb830
0x0000000012e0f4e8:   0000000055c0d17b 00000000a7ec59c0
0x0000000012e0f4f8:   0000000000000400 0000000000000000
0x0000000012e0f508:   0000000016c74100 0000000012726601
0x0000000012e0f518:   0000000055c0cda0 00000000a7ec6650
0x0000000012e0f528:   0000000012726681 0000000016c741c0
0x0000000012e0f538:   00000000a4cd0000 00000000a7ec6650
0x0000000012e0f548:   0000000055c0d945 00000000e76fd498
0x0000000012e0f558:   0000000012726681 0000000016c741c0
0x0000000012e0f568:   0000000000000006 0000000016c741c0
0x0000000012e0f578:   0000000003252900 00000000a4508b1c
0x0000000012e0f588:   000000005592f747 0000000016c741c0
0x0000000012e0f598:   000000005592d903 00000000a4ccffed
0x0000000012e0f5a8:   00000000a4ccffed 00000000a4ccff98 

Instructions: (pc=0x00000000558ca940)
0x00000000558ca920:   ac 50 1d 00 48 8b 9c 24 c0 00 00 00 48 81 c4 b0
0x00000000558ca930:   00 00 00 5d c3 cc cc cc cc cc cc cc cc cc cc cc
0x00000000558ca940:   44 8b 42 08 4c 8b ca 45 85 c0 7e 0e 41 f6 c0 01
0x00000000558ca950:   75 57 41 c1 f8 03 41 8b c0 c3 79 4d 80 3d 9e 10 


Register to memory mapping:

RAX=0x0000000000000000 is an unknown value
RBX=0x00000000e76feb0c is an unknown value
RCX=0x00000000e76feb0c is an unknown value
RDX=0x0000000000000020 is an unknown value
RSP=0x0000000012e0f4b8 is an unknown value
RBP=0x0000000012726681 is an unknown value
RSI=0x0000000016c741c0 is an unknown value
RDI=0x00000000a4cd0000 is an oop
com.sun.tools.javac.comp.AttrContext 
 - klass: 'com/sun/tools/javac/comp/AttrContext'
R8 =0x0000000016c741c0 is an unknown value
R9 =0x000000000000000b is an unknown value
R10=0x0000000000000008 is an unknown value
R11=0x00000000edad3820 is an unknown value
R12=0x0000000012726601 is an unknown value
R13=0x200d4fa400000000 is an unknown value
R14=0x0000000000000000 is an unknown value
R15=0x000000000324e5f0 is an unknown value


Stack: [0x0000000012d10000,0x0000000012e10000],  sp=0x0000000012e0f4b8,  free space=1021k
Native frames: (J=compiled Java code, j=interpreted, Vv=VM code, C=native code)
V  [jvm.dll+0x8a940]


---------------  P R O C E S S  ---------------

Java Threads: ( => current thread )
  0x000000001cb36800 JavaThread "Thread-0" [_thread_blocked, id=7212, stack(0x0000000022610000,0x0000000022710000)]
  0x000000001cb37800 JavaThread "RMI RenewClean-[127.0.0.1:51354,org.jetbrains.kotlin.daemon.common.LoopbackNetworkInterface$ClientLoopbackSocketFactory@70ae8a98]" daemon [_thread_blocked, id=5820, stack(0x000000001fc80000,0x000000001fd80000)]
  0x00000000189a7000 JavaThread "RMI RenewClean-[127.0.0.1:51354,org.jetbrains.kotlin.daemon.common.LoopbackNetworkInterface$ClientLoopbackSocketFactory@54594e59]" daemon [_thread_blocked, id=10996, stack(0x000000001a370000,0x000000001a470000)]
  0x000000001861e800 JavaThread "RMI Scheduler(0)" daemon [_thread_blocked, id=7140, stack(0x000000001a170000,0x000000001a270000)]
  0x000000000313e800 JavaThread "DestroyJavaVM" [_thread_blocked, id=6540, stack(0x0000000003140000,0x0000000003240000)]
  0x0000000018cf9000 JavaThread "GC Daemon" daemon [_thread_blocked, id=10720, stack(0x0000000019c30000,0x0000000019d30000)]
  0x0000000018cdc800 JavaThread "Timer-0" daemon [_thread_blocked, id=5172, stack(0x0000000019930000,0x0000000019a30000)]
  0x0000000018cda000 JavaThread "RMI TCP Accept-17486" daemon [_thread_in_native, id=4448, stack(0x0000000019830000,0x0000000019930000)]
  0x0000000016d0e000 JavaThread "Service Thread" daemon [_thread_blocked, id=4248, stack(0x00000000189f0000,0x0000000018af0000)]
  0x0000000016cb9000 JavaThread "C1 CompilerThread2" daemon [_thread_blocked, id=5384, stack(0x00000000184f0000,0x00000000185f0000)]
  0x0000000016cac000 JavaThread "C2 CompilerThread1" daemon [_thread_blocked, id=2444, stack(0x00000000183f0000,0x00000000184f0000)]
  0x0000000016cb8000 JavaThread "C2 CompilerThread0" daemon [_thread_blocked, id=4904, stack(0x00000000182f0000,0x00000000183f0000)]
  0x0000000016cb6800 JavaThread "Attach Listener" daemon [_thread_blocked, id=3392, stack(0x00000000181f0000,0x00000000182f0000)]
  0x0000000016cb5000 JavaThread "Signal Dispatcher" daemon [_thread_blocked, id=1172, stack(0x00000000180f0000,0x00000000181f0000)]
  0x0000000016c99800 JavaThread "Finalizer" daemon [_thread_blocked, id=5876, stack(0x0000000017f00000,0x0000000018000000)]
  0x0000000003331800 JavaThread "Reference Handler" daemon [_thread_blocked, id=6356, stack(0x0000000017e00000,0x0000000017f00000)]

Other Threads:
  0x0000000016c75800 VMThread [stack: 0x0000000017d00000,0x0000000017e00000] [id=4464]
  0x0000000018622000 WatcherThread [stack: 0x0000000018af0000,0x0000000018bf0000] [id=10288]

=>0x0000000003259000 (exited) GCTaskThread [stack: 0x0000000012d10000,0x0000000012e10000] [id=6416]

VM state:at safepoint (normal execution)

VM Mutex/Monitor currently owned by a thread:  ([mutex/lock_event])
[0x000000000313d560] Threads_lock - owner thread: 0x0000000016c75800
[0x000000000313d460] Heap_lock - owner thread: 0x000000001cb36800

Heap:
 PSYoungGen      total 244736K, used 244724K [0x00000000e0000000, 0x00000000f4c80000, 0x0000000100000000)
  eden space 211456K, 100% used [0x00000000e0000000,0x00000000ece80000,0x00000000ece80000)
  from space 33280K, 99% used [0x00000000f0180000,0x00000000f21fd0c0,0x00000000f2200000)
  to   space 52224K, 31% used [0x00000000ece80000,0x00000000ede52538,0x00000000f0180000)
 ParOldGen       total 194048K, used 131581K [0x00000000a0000000, 0x00000000abd80000, 0x00000000e0000000)
  object space 194048K, 67% used [0x00000000a0000000,0x00000000a80817f8,0x00000000abd80000)
 Metaspace       used 63359K, capacity 64587K, committed 64920K, reserved 1105920K
  class space    used 7316K, capacity 7592K, committed 7600K, reserved 1048576K

Card table byte_map: [0x0000000012700000,0x0000000012a10000] byte_map_base: 0x0000000012200000

Marking Bits: (ParMarkBitMap*) 0x0000000056005aa0
 Begin Bits: [0x0000000013010000, 0x0000000014810000)
 End Bits:   [0x0000000014810000, 0x0000000016010000)

Polling page: 0x0000000000ff0000

CodeCache: size=245760Kb used=41994Kb max_used=42465Kb free=203765Kb
 bounds [0x0000000003340000, 0x0000000005cf0000, 0x0000000012340000]
 total_blobs=12611 nmethods=12069 adapters=453
 compilation: enabled

Compilation events (10 events):
Event: 74.342 Thread 0x0000000016cb9000 nmethod 14061 0x000000000346dd10 code [0x000000000346de60, 0x000000000346df70]
Event: 113.352 Thread 0x0000000016cb9000 14062       1       java.util.concurrent.locks.ReentrantReadWriteLock$Sync::sharedCount (5 bytes)
Event: 113.352 Thread 0x0000000016cb9000 nmethod 14062 0x0000000005085d90 code [0x0000000005085ee0, 0x0000000005085fd0]
Event: 130.443 Thread 0x0000000016cb9000 14063       1       org.jetbrains.kotlin.daemon.CompileServiceImpl$state$1::getSessions (5 bytes)
Event: 130.443 Thread 0x0000000016cb9000 nmethod 14063 0x000000000372c150 code [0x000000000372c2a0, 0x000000000372c3b0]
Event: 131.465 Thread 0x0000000016cb9000 14064       3       java.util.TaskQueue::getMin (7 bytes)
Event: 131.466 Thread 0x0000000016cb9000 nmethod 14064 0x00000000035be0d0 code [0x00000000035be220, 0x00000000035be390]
Event: 132.468 Thread 0x0000000016cb9000 14065       1       org.jetbrains.kotlin.daemon.CompileServiceImpl$state$1::getDelayedShutdownQueued (5 bytes)
Event: 132.468 Thread 0x0000000016cb9000 nmethod 14065 0x000000000394d190 code [0x000000000394d2e0, 0x000000000394d3f0]
Event: 132.469 Thread 0x0000000016cac000 14066       4       java.util.Formatter$FormatSpecifier::justify (105 bytes)

GC Heap History (10 events):
Event: 21.687 GC heap after
Heap after GC invocations=16 (full 3):
 PSYoungGen      total 166912K, used 21888K [0x00000000e0000000, 0x00000000ef480000, 0x0000000100000000)
  eden space 132608K, 0% used [0x00000000e0000000,0x00000000e0000000,0x00000000e8180000)
  from space 34304K, 63% used [0x00000000e8180000,0x00000000e96e0330,0x00000000ea300000)
  to   space 34816K, 0% used [0x00000000ed280000,0x00000000ed280000,0x00000000ef480000)
 ParOldGen       total 107008K, used 63657K [0x00000000a0000000, 0x00000000a6880000, 0x00000000e0000000)
  object space 107008K, 59% used [0x00000000a0000000,0x00000000a3e2a5d0,0x00000000a6880000)
 Metaspace       used 51740K, capacity 52693K, committed 52912K, reserved 1095680K
  class space    used 6309K, capacity 6552K, committed 6576K, reserved 1048576K
}
Event: 23.570 GC heap before
{Heap before GC invocations=17 (full 3):
 PSYoungGen      total 166912K, used 125079K [0x00000000e0000000, 0x00000000ef480000, 0x0000000100000000)
  eden space 132608K, 77% used [0x00000000e0000000,0x00000000e64c5bd8,0x00000000e8180000)
  from space 34304K, 63% used [0x00000000e8180000,0x00000000e96e0330,0x00000000ea300000)
  to   space 34816K, 0% used [0x00000000ed280000,0x00000000ed280000,0x00000000ef480000)
 ParOldGen       total 107008K, used 63657K [0x00000000a0000000, 0x00000000a6880000, 0x00000000e0000000)
  object space 107008K, 59% used [0x00000000a0000000,0x00000000a3e2a5d0,0x00000000a6880000)
 Metaspace       used 57995K, capacity 58973K, committed 59160K, reserved 1101824K
  class space    used 6945K, capacity 7144K, committed 7216K, reserved 1048576K
Event: 23.615 GC heap after
Heap after GC invocations=17 (full 3):
 PSYoungGen      total 212480K, used 6904K [0x00000000e0000000, 0x00000000ef280000, 0x0000000100000000)
  eden space 179712K, 0% used [0x00000000e0000000,0x00000000e0000000,0x00000000eaf80000)
  from space 32768K, 21% used [0x00000000ed280000,0x00000000ed93e158,0x00000000ef280000)
  to   space 34304K, 0% used [0x00000000eaf80000,0x00000000eaf80000,0x00000000ed100000)
 ParOldGen       total 107008K, used 81032K [0x00000000a0000000, 0x00000000a6880000, 0x00000000e0000000)
  object space 107008K, 75% used [0x00000000a0000000,0x00000000a4f22348,0x00000000a6880000)
 Metaspace       used 57995K, capacity 58973K, committed 59160K, reserved 1101824K
  class space    used 6945K, capacity 7144K, committed 7216K, reserved 1048576K
}
Event: 23.615 GC heap before
{Heap before GC invocations=18 (full 4):
 PSYoungGen      total 212480K, used 6904K [0x00000000e0000000, 0x00000000ef280000, 0x0000000100000000)
  eden space 179712K, 0% used [0x00000000e0000000,0x00000000e0000000,0x00000000eaf80000)
  from space 32768K, 21% used [0x00000000ed280000,0x00000000ed93e158,0x00000000ef280000)
  to   space 34304K, 0% used [0x00000000eaf80000,0x00000000eaf80000,0x00000000ed100000)
 ParOldGen       total 107008K, used 81032K [0x00000000a0000000, 0x00000000a6880000, 0x00000000e0000000)
  object space 107008K, 75% used [0x00000000a0000000,0x00000000a4f22348,0x00000000a6880000)
 Metaspace       used 57995K, capacity 58973K, committed 59160K, reserved 1101824K
  class space    used 6945K, capacity 7144K, committed 7216K, reserved 1048576K
Event: 23.946 GC heap after
Heap after GC invocations=18 (full 4):
 PSYoungGen      total 212480K, used 0K [0x00000000e0000000, 0x00000000ef280000, 0x0000000100000000)
  eden space 179712K, 0% used [0x00000000e0000000,0x00000000e0000000,0x00000000eaf80000)
  from space 32768K, 0% used [0x00000000ed280000,0x00000000ed280000,0x00000000ef280000)
  to   space 34304K, 0% used [0x00000000eaf80000,0x00000000eaf80000,0x00000000ed100000)
 ParOldGen       total 194048K, used 78489K [0x00000000a0000000, 0x00000000abd80000, 0x00000000e0000000)
  object space 194048K, 40% used [0x00000000a0000000,0x00000000a4ca6718,0x00000000abd80000)
 Metaspace       used 57995K, capacity 58973K, committed 59160K, reserved 1101824K
  class space    used 6945K, capacity 7144K, committed 7216K, reserved 1048576K
}
Event: 38.151 GC heap before
{Heap before GC invocations=19 (full 4):
 PSYoungGen      total 212480K, used 179712K [0x00000000e0000000, 0x00000000ef280000, 0x0000000100000000)
  eden space 179712K, 100% used [0x00000000e0000000,0x00000000eaf80000,0x00000000eaf80000)
  from space 32768K, 0% used [0x00000000ed280000,0x00000000ed280000,0x00000000ef280000)
  to   space 34304K, 0% used [0x00000000eaf80000,0x00000000eaf80000,0x00000000ed100000)
 ParOldGen       total 194048K, used 78489K [0x00000000a0000000, 0x00000000abd80000, 0x00000000e0000000)
  object space 194048K, 40% used [0x00000000a0000000,0x00000000a4ca6718,0x00000000abd80000)
 Metaspace       used 61309K, capacity 62437K, committed 62744K, reserved 1103872K
  class space    used 7194K, capacity 7456K, committed 7472K, reserved 1048576K
Event: 38.164 GC heap after
Heap after GC invocations=19 (full 4):
 PSYoungGen      total 214016K, used 11804K [0x00000000e0000000, 0x00000000f2200000, 0x0000000100000000)
  eden space 179712K, 0% used [0x00000000e0000000,0x00000000e0000000,0x00000000eaf80000)
  from space 34304K, 34% used [0x00000000eaf80000,0x00000000ebb07310,0x00000000ed100000)
  to   space 33280K, 0% used [0x00000000f0180000,0x00000000f0180000,0x00000000f2200000)
 ParOldGen       total 194048K, used 78497K [0x00000000a0000000, 0x00000000abd80000, 0x00000000e0000000)
  object space 194048K, 40% used [0x00000000a0000000,0x00000000a4ca8718,0x00000000abd80000)
 Metaspace       used 61309K, capacity 62437K, committed 62744K, reserved 1103872K
  class space    used 7194K, capacity 7456K, committed 7472K, reserved 1048576K
}
Event: 39.690 GC heap before
{Heap before GC invocations=20 (full 4):
 PSYoungGen      total 214016K, used 191516K [0x00000000e0000000, 0x00000000f2200000, 0x0000000100000000)
  eden space 179712K, 100% used [0x00000000e0000000,0x00000000eaf80000,0x00000000eaf80000)
  from space 34304K, 34% used [0x00000000eaf80000,0x00000000ebb07310,0x00000000ed100000)
  to   space 33280K, 0% used [0x00000000f0180000,0x00000000f0180000,0x00000000f2200000)
 ParOldGen       total 194048K, used 78497K [0x00000000a0000000, 0x00000000abd80000, 0x00000000e0000000)
  object space 194048K, 40% used [0x00000000a0000000,0x00000000a4ca8718,0x00000000abd80000)
 Metaspace       used 62555K, capacity 63653K, committed 63896K, reserved 1105920K
  class space    used 7260K, capacity 7520K, committed 7600K, reserved 1048576K
Event: 39.757 GC heap after
Heap after GC invocations=20 (full 4):
 PSYoungGen      total 244736K, used 33268K [0x00000000e0000000, 0x00000000f4c80000, 0x0000000100000000)
  eden space 211456K, 0% used [0x00000000e0000000,0x00000000e0000000,0x00000000ece80000)
  from space 33280K, 99% used [0x00000000f0180000,0x00000000f21fd0c0,0x00000000f2200000)
  to   space 52224K, 0% used [0x00000000ece80000,0x00000000ece80000,0x00000000f0180000)
 ParOldGen       total 194048K, used 117251K [0x00000000a0000000, 0x00000000abd80000, 0x00000000e0000000)
  object space 194048K, 60% used [0x00000000a0000000,0x00000000a7280ee0,0x00000000abd80000)
 Metaspace       used 62555K, capacity 63653K, committed 63896K, reserved 1105920K
  class space    used 7260K, capacity 7520K, committed 7600K, reserved 1048576K
}
Event: 132.470 GC heap before
{Heap before GC invocations=21 (full 4):
 PSYoungGen      total 244736K, used 244724K [0x00000000e0000000, 0x00000000f4c80000, 0x0000000100000000)
  eden space 211456K, 100% used [0x00000000e0000000,0x00000000ece80000,0x00000000ece80000)
  from space 33280K, 99% used [0x00000000f0180000,0x00000000f21fd0c0,0x00000000f2200000)
  to   space 52224K, 0% used [0x00000000ece80000,0x00000000ece80000,0x00000000f0180000)
 ParOldGen       total 194048K, used 117251K [0x00000000a0000000, 0x00000000abd80000, 0x00000000e0000000)
  object space 194048K, 60% used [0x00000000a0000000,0x00000000a7280ee0,0x00000000abd80000)
 Metaspace       used 63359K, capacity 64587K, committed 64920K, reserved 1105920K
  class space    used 7316K, capacity 7592K, committed 7600K, reserved 1048576K

Deoptimization events (10 events):
Event: 40.585 Thread 0x000000001cb36800 Uncommon trap: reason=bimorphic action=maybe_recompile pc=0x0000000005bab000 method=com.sun.tools.javac.comp.Check.checkUnique(Lcom/sun/tools/javac/util/JCDiagnostic$DiagnosticPosition;Lcom/sun/tools/javac/code/Symbol;Lcom/sun/tools/javac/code/Scope;)Z @ 
Event: 40.601 Thread 0x000000001cb36800 Uncommon trap: reason=bimorphic action=maybe_recompile pc=0x0000000005bb2600 method=com.sun.tools.javac.code.Symbol.complete()V @ 19
Event: 40.612 Thread 0x000000001cb36800 Uncommon trap: reason=bimorphic action=maybe_recompile pc=0x0000000005bb2600 method=com.sun.tools.javac.code.Symbol.complete()V @ 19
Event: 40.616 Thread 0x000000001cb36800 Uncommon trap: reason=class_check action=maybe_recompile pc=0x0000000005b06690 method=com.sun.tools.javac.code.Type$ClassType.isErroneous()Z @ 4
Event: 40.617 Thread 0x000000001cb36800 Uncommon trap: reason=class_check action=maybe_recompile pc=0x0000000005b06690 method=com.sun.tools.javac.code.Type$ClassType.isErroneous()Z @ 4
Event: 40.628 Thread 0x000000001cb36800 Uncommon trap: reason=unstable_if action=reinterpret pc=0x00000000046a799c method=com.sun.tools.javac.code.Types$18.visitClassType(Lcom/sun/tools/javac/code/Type$ClassType;Ljava/lang/Void;)Lcom/sun/tools/javac/code/Type; @ 4
Event: 40.729 Thread 0x000000001cb36800 Uncommon trap: reason=null_check action=make_not_entrant pc=0x0000000004f1e0f8 method=org.jetbrains.kotlin.com.intellij.psi.impl.DebugUtil.startPsiModification(Ljava/lang/String;)V @ 43
Event: 40.967 Thread 0x000000001cb36800 Uncommon trap: reason=class_check action=maybe_recompile pc=0x0000000003faec68 method=org.jetbrains.kotlin.com.intellij.psi.impl.source.CharTableImpl$StringHashToCharSequencesMap.getSubSequenceWithHashCode(ILjava/lang/CharSequence;II)Ljava/lang/CharSequen
Event: 41.168 Thread 0x000000001cb36800 Uncommon trap: reason=unstable_if action=reinterpret pc=0x00000000056524a4 method=java.util.Formatter$FormatSpecifier.precision(Ljava/lang/String;)I @ 6
Event: 41.169 Thread 0x000000001cb36800 Uncommon trap: reason=class_check action=maybe_recompile pc=0x0000000003e36d80 method=java.lang.Throwable.<init>(Ljava/lang/String;Ljava/lang/Throwable;)V @ 24

Classes redefined (0 events):
No events

Internal exceptions (10 events):
Event: 29.739 Thread 0x000000001861f800 Exception <a 'sun/nio/fs/WindowsException'> (0x00000000e7970f00) thrown at [D:\src\AOSP-openjdk-cygwin\jdk8u\hotspot\src\share\vm\prims\jni.cpp, line 709]
Event: 29.739 Thread 0x000000001861f800 Exception <a 'java/lang/reflect/InvocationTargetException'> (0x00000000e7971af8) thrown at [D:\src\AOSP-openjdk-cygwin\jdk8u\hotspot\src\share\vm\runtime\reflection.cpp, line 1092]
Event: 29.761 Thread 0x000000001861f800 Exception <a 'sun/nio/fs/WindowsException'> (0x00000000e7a03e80) thrown at [D:\src\AOSP-openjdk-cygwin\jdk8u\hotspot\src\share\vm\prims\jni.cpp, line 709]
Event: 29.761 Thread 0x000000001861f800 Exception <a 'java/lang/reflect/InvocationTargetException'> (0x00000000e7a04a78) thrown at [D:\src\AOSP-openjdk-cygwin\jdk8u\hotspot\src\share\vm\runtime\reflection.cpp, line 1092]
Event: 29.785 Thread 0x000000001861f800 Exception <a 'sun/nio/fs/WindowsException'> (0x00000000e7a57058) thrown at [D:\src\AOSP-openjdk-cygwin\jdk8u\hotspot\src\share\vm\prims\jni.cpp, line 709]
Event: 29.785 Thread 0x000000001861f800 Exception <a 'java/lang/reflect/InvocationTargetException'> (0x00000000e7a57c50) thrown at [D:\src\AOSP-openjdk-cygwin\jdk8u\hotspot\src\share\vm\runtime\reflection.cpp, line 1092]
Event: 37.578 Thread 0x000000001cb37800 Exception <a 'java/lang/InterruptedException'> (0x00000000e8a5f8a8) thrown at [D:\src\AOSP-openjdk-cygwin\jdk8u\hotspot\src\share\vm\runtime\objectMonitor.cpp, line 1684]
Event: 40.294 Thread 0x000000001cb36800 Implicit null exception at 0x0000000005aabdf1 to 0x0000000005aac2f1
Event: 40.729 Thread 0x000000001cb36800 Implicit null exception at 0x0000000004f1bd13 to 0x0000000004f1e0ed
Event: 132.469 Thread 0x0000000018d85000 Exception <a 'java/lang/InterruptedException'> (0x00000000ec7050f8) thrown at [D:\src\AOSP-openjdk-cygwin\jdk8u\hotspot\src\share\vm\runtime\objectMonitor.cpp, line 1684]

Events (10 events):
Event: 132.469 loading class sun/rmi/transport/ObjectTable$1 done
Event: 132.469 Thread 0x0000000018d85000 Thread exited: 0x0000000018d85000
Event: 132.469 loading class java/util/IdentityHashMap$KeyIterator
Event: 132.469 loading class java/util/IdentityHashMap$IdentityHashMapIterator
Event: 132.470 loading class java/util/IdentityHashMap$IdentityHashMapIterator done
Event: 132.470 loading class java/util/IdentityHashMap$KeyIterator done
Event: 132.470 loading class org/jetbrains/kotlin/daemon/KotlinCompileDaemon$main$compilerService$1$$special$$inlined$schedule$1
Event: 132.470 loading class org/jetbrains/kotlin/daemon/KotlinCompileDaemon$main$compilerService$1$$special$$inlined$schedule$1 done
Event: 132.470 Thread 0x000000001cb36800 Thread added: 0x000000001cb36800
Event: 132.470 Executing VM operation: ParallelGCFailedAllocation


Dynamic libraries:
0x00007ff600a60000 - 0x00007ff600a91000 	C:\Program Files\Android\Android Studio\jre\jre\bin\java.exe
0x00007ffbc1250000 - 0x00007ffbc1431000 	C:\WINDOWS\SYSTEM32\ntdll.dll
0x00007ffbc0b60000 - 0x00007ffbc0c12000 	C:\WINDOWS\System32\KERNEL32.DLL
0x00007ffbbd700000 - 0x00007ffbbd973000 	C:\WINDOWS\System32\KERNELBASE.dll
0x00007ffbc0d40000 - 0x00007ffbc0de1000 	C:\WINDOWS\System32\ADVAPI32.dll
0x00007ffbc0c90000 - 0x00007ffbc0d2e000 	C:\WINDOWS\System32\msvcrt.dll
0x00007ffbbe9f0000 - 0x00007ffbbea4b000 	C:\WINDOWS\System32\sechost.dll
0x00007ffbbe710000 - 0x00007ffbbe834000 	C:\WINDOWS\System32\RPCRT4.dll
0x00007ffbc05a0000 - 0x00007ffbc0730000 	C:\WINDOWS\System32\USER32.dll
0x00007ffbbd980000 - 0x00007ffbbd9a0000 	C:\WINDOWS\System32\win32u.dll
0x00007ffbc0570000 - 0x00007ffbc0598000 	C:\WINDOWS\System32\GDI32.dll
0x00007ffbbe200000 - 0x00007ffbbe392000 	C:\WINDOWS\System32\gdi32full.dll
0x00007ffbbd9a0000 - 0x00007ffbbda3f000 	C:\WINDOWS\System32\msvcp_win.dll
0x00007ffbbe5e0000 - 0x00007ffbbe6da000 	C:\WINDOWS\System32\ucrtbase.dll
0x00007ffbb03f0000 - 0x00007ffbb0659000 	C:\WINDOWS\WinSxS\amd64_microsoft.windows.common-controls_6595b64144ccf1df_6.0.17134.590_none_fb3d9bff3069e088\COMCTL32.dll
0x00007ffbc0df0000 - 0x00007ffbc1112000 	C:\WINDOWS\System32\combase.dll
0x00007ffbbd620000 - 0x00007ffbbd69a000 	C:\WINDOWS\System32\bcryptPrimitives.dll
0x00007ffbbe6e0000 - 0x00007ffbbe70d000 	C:\WINDOWS\System32\IMM32.DLL
0x0000000055760000 - 0x0000000055832000 	C:\Program Files\Android\Android Studio\jre\jre\bin\msvcr100.dll
0x0000000055840000 - 0x0000000056081000 	C:\Program Files\Android\Android Studio\jre\jre\bin\server\jvm.dll
0x00007ffbc0d30000 - 0x00007ffbc0d38000 	C:\WINDOWS\System32\PSAPI.DLL
0x00007ffbb5880000 - 0x00007ffbb5889000 	C:\WINDOWS\SYSTEM32\WSOCK32.dll
0x00007ffbc0c20000 - 0x00007ffbc0c8c000 	C:\WINDOWS\System32\WS2_32.dll
0x00007ffbbb750000 - 0x00007ffbbb773000 	C:\WINDOWS\SYSTEM32\WINMM.dll
0x00007ffbb46e0000 - 0x00007ffbb46ea000 	C:\WINDOWS\SYSTEM32\VERSION.dll
0x00007ffbbb2b0000 - 0x00007ffbbb2da000 	C:\WINDOWS\SYSTEM32\WINMMBASE.dll
0x00007ffbbe590000 - 0x00007ffbbe5d9000 	C:\WINDOWS\System32\cfgmgr32.dll
0x00007ffbb5870000 - 0x00007ffbb587f000 	C:\Program Files\Android\Android Studio\jre\jre\bin\verify.dll
0x00007ffbb2990000 - 0x00007ffbb29b9000 	C:\Program Files\Android\Android Studio\jre\jre\bin\java.dll
0x00007ffbb28b0000 - 0x00007ffbb28c6000 	C:\Program Files\Android\Android Studio\jre\jre\bin\zip.dll
0x00007ffbbeab0000 - 0x00007ffbbfef0000 	C:\WINDOWS\System32\SHELL32.dll
0x00007ffbc0730000 - 0x00007ffbc07d9000 	C:\WINDOWS\System32\shcore.dll
0x00007ffbbda40000 - 0x00007ffbbe14d000 	C:\WINDOWS\System32\windows.storage.dll
0x00007ffbc0b00000 - 0x00007ffbc0b51000 	C:\WINDOWS\System32\shlwapi.dll
0x00007ffbbd5d0000 - 0x00007ffbbd5e1000 	C:\WINDOWS\System32\kernel.appcore.dll
0x00007ffbbd5b0000 - 0x00007ffbbd5cf000 	C:\WINDOWS\System32\profapi.dll
0x00007ffbbd560000 - 0x00007ffbbd5ac000 	C:\WINDOWS\System32\powrprof.dll
0x00007ffbbd610000 - 0x00007ffbbd61a000 	C:\WINDOWS\System32\FLTLIB.DLL
0x00007ffbb29d0000 - 0x00007ffbb29dd000 	C:\Program Files\Android\Android Studio\jre\jre\bin\management.dll
0x00007ffbaf9c0000 - 0x00007ffbaf9da000 	C:\Program Files\Android\Android Studio\jre\jre\bin\net.dll
0x00007ffbbcd80000 - 0x00007ffbbcde6000 	C:\WINDOWS\system32\mswsock.dll
0x00007ffbaf940000 - 0x00007ffbaf951000 	C:\Program Files\Android\Android Studio\jre\jre\bin\nio.dll
0x00007ffbbcf30000 - 0x00007ffbbcf47000 	C:\WINDOWS\SYSTEM32\CRYPTSP.dll
0x00007ffbbc960000 - 0x00007ffbbc993000 	C:\WINDOWS\system32\rsaenh.dll
0x00007ffbbd0c0000 - 0x00007ffbbd0e5000 	C:\WINDOWS\SYSTEM32\bcrypt.dll
0x00007ffbbd460000 - 0x00007ffbbd488000 	C:\WINDOWS\SYSTEM32\USERENV.dll
0x00007ffbbcf50000 - 0x00007ffbbcf5b000 	C:\WINDOWS\SYSTEM32\CRYPTBASE.dll
0x00007ffbbcb00000 - 0x00007ffbbcb38000 	C:\WINDOWS\SYSTEM32\IPHLPAPI.DLL
0x00007ffbc0110000 - 0x00007ffbc0118000 	C:\WINDOWS\System32\NSI.dll
0x00007ffbb6ff0000 - 0x00007ffbb7006000 	C:\WINDOWS\SYSTEM32\dhcpcsvc6.DLL
0x00007ffbb6fa0000 - 0x00007ffbb6fba000 	C:\WINDOWS\SYSTEM32\dhcpcsvc.DLL
0x00007ffbb2490000 - 0x00007ffbb2659000 	C:\WINDOWS\SYSTEM32\dbghelp.dll

VM Arguments:
jvm_args: -Djava.awt.headless=true -Djava.rmi.server.hostname=127.0.0.1 -Xmx1536m -Dkotlin.environment.keepalive 
java_command: org.jetbrains.kotlin.daemon.KotlinCompileDaemon --daemon-runFilesPath C:\Users\Developer\AppData\Local\kotlin\daemon --daemon-autoshutdownIdleSeconds=7200 --daemon-compilerClasspath C:\Users\Developer\.gradle\caches\modules-2\files-2.1\org.jetbrains.kotlin\kotlin-compiler-embeddable\1.2.30\9b3f10d4717b9ac238b287e9b6eb2b4eadd8e870\kotlin-compiler-embeddable-1.2.30.jar;C:\Users\Developer\.gradle\caches\modules-2\files-2.1\org.jetbrains.kotlin\kotlin-stdlib\1.2.30\2dfac33f8b4e92c9dd1422cd286834701a6f6d6\kotlin-stdlib-1.2.30.jar;C:\Users\Developer\.gradle\caches\modules-2\files-2.1\org.jetbrains.kotlin\kotlin-script-runtime\1.2.30\37ee7531a636e99b639f8b1544cdda27d0ee30b0\kotlin-script-runtime-1.2.30.jar;C:\Users\Developer\.gradle\caches\modules-2\files-2.1\org.jetbrains.kotlin\kotlin-reflect\1.2.30\9758025a415ee400e1f90ff222bcfec247779133\kotlin-reflect-1.2.30.jar;C:\Program Files\Android\Android Studio\jre\lib\tools.jar
java_class_path (initial): C:\Users\Developer\.gradle\caches\modules-2\files-2.1\org.jetbrains.kotlin\kotlin-compiler-embeddable\1.2.30\9b3f10d4717b9ac238b287e9b6eb2b4eadd8e870\kotlin-compiler-embeddable-1.2.30.jar;C:\Users\Developer\.gradle\caches\modules-2\files-2.1\org.jetbrains.kotlin\kotlin-stdlib\1.2.30\2dfac33f8b4e92c9dd1422cd286834701a6f6d6\kotlin-stdlib-1.2.30.jar;C:\Users\Developer\.gradle\caches\modules-2\files-2.1\org.jetbrains.kotlin\kotlin-script-runtime\1.2.30\37ee7531a636e99b639f8b1544cdda27d0ee30b0\kotlin-script-runtime-1.2.30.jar;C:\Users\Developer\.gradle\caches\modules-2\files-2.1\org.jetbrains.kotlin\kotlin-reflect\1.2.30\9758025a415ee400e1f90ff222bcfec247779133\kotlin-reflect-1.2.30.jar;C:\Program Files\Android\Android Studio\jre\lib\tools.jar
Launcher Type: SUN_STANDARD

Environment Variables:
PATH=C:\WINDOWS\system32;C:\WINDOWS;C:\WINDOWS\System32\Wbem;C:\WINDOWS\System32\WindowsPowerShell\v1.0\;F:\Git\cmd;C:\WINDOWS\System32\OpenSSH\;C:\Users\Developer\AppData\Local\Programs\Python\Python37-32\Scripts\;C:\Users\Developer\AppData\Local\Programs\Python\Python37-32\;C:\Users\Developer\AppData\Local\Microsoft\WindowsApps;
USERNAME=Developer
OS=Windows_NT
PROCESSOR_IDENTIFIER=Intel64 Family 6 Model 42 Stepping 7, GenuineIntel



---------------  S Y S T E M  ---------------

OS: Windows 10.0 , 64 bit Build 17134 (10.0.17134.556)

CPU:total 4 (initial active 4) (2 cores per cpu, 2 threads per core) family 6 model 42 stepping 7, cmov, cx8, fxsr, mmx, sse, sse2, sse3, ssse3, sse4.1, sse4.2, popcnt, avx, clmul, ht, tsc, tscinvbit

Memory: 4k page, physical 8280124k(4835368k free), swap 10049596k(5569332k free)

vm_info: OpenJDK 64-Bit Server VM (25.152-b01) for windows-amd64 JRE (1.8.0_152-release-1248-b01), built by "builder" with MS VC++ 10.0 (VS2010)

time: Thu Mar 07 17:06:45 2019
elapsed time: 132 seconds (0d 0h 2m 12s)

