#
# A fatal error has been detected by the Java Runtime Environment:
#
#  EXCEPTION_ACCESS_VIOLATION (0xc0000005) at pc=0x00000000003e000a, pid=3104, tid=0x0000000000002258
#
# JRE version: OpenJDK Runtime Environment (8.0_152-b01) (build 1.8.0_152-release-1248-b01)
# Java VM: OpenJDK 64-Bit Server VM (25.152-b01 mixed mode windows-amd64 compressed oops)
# Problematic frame:
# C  0x00000000003e000a
#
# Failed to write core dump. Minidumps are not enabled by default on client versions of Windows
#
# If you would like to submit a bug report, please visit:
#   http://bugreport.java.com/bugreport/crash.jsp
#

---------------  T H R E A D  ---------------

Current thread (0x0000000002a09800):  GCTaskThread [stack: 0x00000000125c0000,0x00000000126c0000] [id=8792]

siginfo: ExceptionCode=0xc0000005, ExceptionInformation=0x0000000000000008 0x00000000003e000a

Registers:
RAX=0x0000000015ac0088, RBX=0x00000000ecf51138, RCX=0x0000000100a6dbe8, RDX=0x0000000016424440
RSP=0x00000000126bf9c8, RBP=0x00000000000001d5, RSI=0x0000000016424440, RDI=0x00000000f8548788
R8 =0x00000000f8548788, R9 =0x0000000100a6dbe8, R10=0x000000002014db7d, R11=0x00000000f8548788
R12=0x00000000518562c8, R13=0x0000000000000005, R14=0x0000000000000000, R15=0x0000000002a0a020
RIP=0x00000000003e000a, EFLAGS=0x0000000000010203

Top of Stack: (sp=0x00000000126bf9c8)
0x00000000126bf9c8:   000000005160ccb1 000000000000000d
0x00000000126bf9d8:   0000000000000006 0000000016424440
0x00000000126bf9e8:   0000000002a01c00 00000000f8543898
0x00000000126bf9f8:   000000005160d17b 00000000f82728f4
0x00000000126bfa08:   0000000000000000 0000000000000000
0x00000000126bfa18:   0000000002a01c01 00000000518562c8
0x00000000126bfa28:   000000005160cda0 00000000f851c04c
0x00000000126bfa38:   0000000000000000 0000000016424440
0x00000000126bfa48:   0000000018d009d0 00000000f851c04c
0x00000000126bfa58:   000000005160d775 00000000ecf24ee0
0x00000000126bfa68:   0000000000000000 0000000016424440
0x00000000126bfa78:   0000000018cf6000 0000000051856001
0x00000000126bfa88:   000000005142facd 0000d4dcb0e39904
0x00000000126bfa98:   00000000126bfb30 0000000002a0a010
0x00000000126bfaa8:   0000000002a01c70 00000000029f0a50
0x00000000126bfab8:   0000000051435fd2 0000000002a09800 

Instructions: (pc=0x00000000003e000a)
0x00000000003dffea:   
[error occurred during error reporting (printing registers, top of stack, instructions near pc), id 0xc0000005]

Register to memory mapping:

RAX=0x0000000015ac0088 is pointing into metadata
RBX=0x00000000ecf51138 is an oop

[error occurred during error reporting (printing register info), id 0xc0000005]

Stack: [0x00000000125c0000,0x00000000126c0000],  sp=0x00000000126bf9c8,  free space=1022k
Native frames: (J=compiled Java code, j=interpreted, Vv=VM code, C=native code)
C  0x00000000003e000a


---------------  P R O C E S S  ---------------

Java Threads: ( => current thread )
  0x000000001bf40800 JavaThread "ForkJoinPool.commonPool-worker-1" daemon [_thread_blocked, id=3992, stack(0x000000004b4d0000,0x000000004b5d0000)]
  0x0000000018cf7800 JavaThread "ForkJoinPool.commonPool-worker-0" daemon [_thread_blocked, id=5048, stack(0x000000004b3d0000,0x000000004b4d0000)]
  0x0000000018cf6000 JavaThread "ForkJoinPool.commonPool-worker-3" daemon [_thread_blocked, id=900, stack(0x000000004b2d0000,0x000000004b3d0000)]
  0x0000000018cf5000 JavaThread "RMI TCP Connection(81)-127.0.0.1" daemon [_thread_in_native, id=5284, stack(0x000000004b1d0000,0x000000004b2d0000)]
  0x0000000018ced000 JavaThread "RMI TCP Connection(79)-127.0.0.1" daemon [_thread_in_native, id=6596, stack(0x000000004afd0000,0x000000004b0d0000)]
  0x0000000018cf1800 JavaThread "RMI TCP Connection(80)-127.0.0.1" daemon [_thread_in_native, id=9772, stack(0x000000004add0000,0x000000004aed0000)]
  0x0000000018cf3000 JavaThread "Task worker for ':' Thread 3" [_thread_blocked, id=800, stack(0x000000004abd0000,0x000000004acd0000)]
  0x0000000018cf0800 JavaThread "Task worker for ':' Thread 2" [_thread_blocked, id=10168, stack(0x000000004aad0000,0x000000004abd0000)]
  0x0000000018cf0000 JavaThread "Task worker for ':'" [_thread_blocked, id=3648, stack(0x000000004a9d0000,0x000000004aad0000)]
  0x0000000018ced800 JavaThread "Cache worker for Build Output Cleanup Cache (F:\samBeautyWorld-android\.gradle\buildOutputCleanup)" [_thread_blocked, id=2872, stack(0x000000004a8d0000,0x000000004a9d0000)]
  0x0000000018ceb800 JavaThread "Cache worker for task history cache (F:\samBeautyWorld-android\.gradle\4.4\taskHistory)" [_thread_blocked, id=3812, stack(0x000000004a7d0000,0x000000004a8d0000)]
  0x0000000018cea800 JavaThread "Cache worker for file content cache (F:\samBeautyWorld-android\.gradle\4.4\fileContent)" [_thread_blocked, id=7408, stack(0x000000004a6d0000,0x000000004a7d0000)]
  0x000000001edf7000 JavaThread "build operations Thread 4" [_thread_blocked, id=1400, stack(0x000000004a5d0000,0x000000004a6d0000)]
  0x000000001edfc800 JavaThread "build operations Thread 3" [_thread_blocked, id=8952, stack(0x000000004a4d0000,0x000000004a5d0000)]
  0x000000001edfb800 JavaThread "build operations Thread 2" [_thread_blocked, id=7384, stack(0x000000004a3d0000,0x000000004a4d0000)]
  0x000000001edf4000 JavaThread "build operations" [_thread_blocked, id=8672, stack(0x000000004a2d0000,0x000000004a3d0000)]
  0x000000001edf8000 JavaThread "Cache worker for Artifact transforms cache (C:\Users\Developer\.gradle\caches\transforms-1)" [_thread_blocked, id=3772, stack(0x000000004a1d0000,0x000000004a2d0000)]
  0x000000001edfb000 JavaThread "Cache worker for file hash cache (F:\samBeautyWorld-android\.gradle\4.4\fileHashes)" [_thread_blocked, id=2496, stack(0x000000004a0d0000,0x000000004a1d0000)]
  0x000000001edf9800 JavaThread "Stdin handler" [_thread_blocked, id=3112, stack(0x0000000049fd0000,0x000000004a0d0000)]
  0x000000001eded800 JavaThread "Asynchronous log dispatcher for DefaultDaemonConnection: socket connection from /127.0.0.1:50026 to /127.0.0.1:50841" [_thread_blocked, id=1768, stack(0x0000000049ed0000,0x0000000049fd0000)]
  0x000000001edf3800 JavaThread "Daemon worker Thread 13" [_thread_blocked, id=9200, stack(0x0000000049dd0000,0x0000000049ed0000)]
  0x000000001edf1000 JavaThread "Cancel handler" [_thread_blocked, id=9488, stack(0x0000000049cd0000,0x0000000049dd0000)]
  0x000000001edf2000 JavaThread "Handler for socket connection from /127.0.0.1:50026 to /127.0.0.1:50841" [_thread_in_native, id=8668, stack(0x0000000049bd0000,0x0000000049cd0000)]
  0x000000001edef000 JavaThread "Daemon Thread 13" [_thread_blocked, id=2128, stack(0x0000000049ad0000,0x0000000049bd0000)]
  0x000000001be7f800 JavaThread "RMI Reaper" [_thread_blocked, id=2584, stack(0x0000000025530000,0x0000000025630000)]
  0x000000001be76000 JavaThread "RMI TCP Accept-0" daemon [_thread_in_native, id=10232, stack(0x0000000025430000,0x0000000025530000)]
  0x000000001be78000 JavaThread "GC Daemon" daemon [_thread_blocked, id=7092, stack(0x0000000025330000,0x0000000025430000)]
  0x000000001be7b000 JavaThread "RMI Scheduler(0)" daemon [_thread_blocked, id=8788, stack(0x0000000025130000,0x0000000025230000)]
  0x000000001bf3d000 JavaThread "Memory manager" [_thread_blocked, id=1724, stack(0x0000000021a70000,0x0000000021b70000)]
  0x0000000019547000 JavaThread "File lock request listener" [_thread_in_native, id=7236, stack(0x000000001af00000,0x000000001b000000)]
  0x00000000194f3000 JavaThread "Cache worker for file hash cache (C:\Users\Developer\.gradle\caches\4.4\fileHashes)" [_thread_blocked, id=1956, stack(0x000000001ae00000,0x000000001af00000)]
  0x00000000193b3800 JavaThread "Daemon periodic checks" [_thread_blocked, id=7480, stack(0x000000001a300000,0x000000001a400000)]
  0x0000000019385000 JavaThread "Incoming local TCP Connector on port 50026" [_thread_in_native, id=5776, stack(0x000000001a0c0000,0x000000001a1c0000)]
  0x0000000017dd0800 JavaThread "Service Thread" daemon [_thread_blocked, id=1472, stack(0x00000000181b0000,0x00000000182b0000)]
  0x0000000016462000 JavaThread "C1 CompilerThread2" daemon [_thread_blocked, id=8148, stack(0x0000000017cb0000,0x0000000017db0000)]
  0x000000001645c000 JavaThread "C2 CompilerThread1" daemon [_thread_blocked, id=4912, stack(0x0000000017bb0000,0x0000000017cb0000)]
  0x0000000016468000 JavaThread "C2 CompilerThread0" daemon [_thread_blocked, id=7956, stack(0x0000000017ab0000,0x0000000017bb0000)]
  0x0000000016466800 JavaThread "Attach Listener" daemon [_thread_blocked, id=9160, stack(0x00000000179b0000,0x0000000017ab0000)]
  0x0000000016465800 JavaThread "Signal Dispatcher" daemon [_thread_blocked, id=4956, stack(0x00000000178b0000,0x00000000179b0000)]
  0x0000000002aeb800 JavaThread "Finalizer" daemon [_thread_blocked, id=6908, stack(0x00000000176c0000,0x00000000177c0000)]
  0x0000000002adf800 JavaThread "Reference Handler" daemon [_thread_blocked, id=9108, stack(0x00000000175c0000,0x00000000176c0000)]
  0x00000000028be000 JavaThread "main" [_thread_blocked, id=7720, stack(0x00000000028f0000,0x00000000029f0000)]

Other Threads:
  0x0000000016426800 VMThread [stack: 0x00000000174c0000,0x00000000175c0000] [id=8472]
  0x0000000017dd1000 WatcherThread [stack: 0x00000000182b0000,0x00000000183b0000] [id=7028]

=>0x0000000002a09800 (exited) GCTaskThread [stack: 0x00000000125c0000,0x00000000126c0000] [id=8792]

VM state:at safepoint (normal execution)

VM Mutex/Monitor currently owned by a thread:  ([mutex/lock_event])
[0x00000000028bcb50] Threads_lock - owner thread: 0x0000000016426800
[0x00000000028bc650] Heap_lock - owner thread: 0x0000000018cf6000

Heap:
 PSYoungGen      total 391168K, used 380960K [0x00000000e0000000, 0x0000000100000000, 0x0000000100000000)
  eden space 276992K, 99% used [0x00000000e0000000,0x00000000f0e786f8,0x00000000f0e80000)
  from space 114176K, 91% used [0x00000000f0e80000,0x00000000f740fb08,0x00000000f7e00000)
  to   space 130048K, 3% used [0x00000000f8100000,0x00000000f859b898,0x0000000100000000)
 ParOldGen       total 506880K, used 302106K [0x00000000a0000000, 0x00000000bef00000, 0x00000000e0000000)
  object space 506880K, 59% used [0x00000000a0000000,0x00000000b2708b68,0x00000000bef00000)
 Metaspace       used 90861K, capacity 95656K, committed 96600K, reserved 1132544K
  class space    used 11427K, capacity 12295K, committed 12672K, reserved 1048576K

Card table byte_map: [0x0000000011eb0000,0x00000000121c0000] byte_map_base: 0x00000000119b0000

Marking Bits: (ParMarkBitMap*) 0x0000000051a05aa0
 Begin Bits: [0x00000000127c0000, 0x0000000013fc0000)
 End Bits:   [0x0000000013fc0000, 0x00000000157c0000)

Polling page: 0x0000000002850000

CodeCache: size=245760Kb used=67587Kb max_used=67595Kb free=178172Kb
 bounds [0x0000000002af0000, 0x0000000006d70000, 0x0000000011af0000]
 total_blobs=19669 nmethods=18790 adapters=790
 compilation: enabled

Compilation events (10 events):
Event: 6264.620 Thread 0x0000000016462000 nmethod 25884 0x000000000631fa10 code [0x000000000631fbc0, 0x0000000006320178]
Event: 6264.624 Thread 0x0000000016462000 25885       3       com.sun.org.apache.xerces.internal.parsers.AbstractSAXParser$AttributesProxy::getValue (35 bytes)
Event: 6264.625 Thread 0x0000000016462000 nmethod 25885 0x0000000006d3e290 code [0x0000000006d3e460, 0x0000000006d3ecc8]
Event: 6264.641 Thread 0x000000001645c000 nmethod 25881 0x0000000006d62d10 code [0x0000000006d62fc0, 0x0000000006d64430]
Event: 6264.657 Thread 0x0000000016462000 25886       3       sun.security.util.DerInputStream::init (124 bytes)
Event: 6264.658 Thread 0x0000000016462000 nmethod 25886 0x0000000006d3c890 code [0x0000000006d3cae0, 0x0000000006d3d9c8]
Event: 6264.658 Thread 0x0000000016462000 25887       3       sun.security.util.DerIndefLenConverter::isIndefinite (20 bytes)
Event: 6264.659 Thread 0x0000000016462000 nmethod 25887 0x000000000631f550 code [0x000000000631f6c0, 0x000000000631f950]
Event: 6264.748 Thread 0x0000000016462000 25888       3       com.android.apksig.internal.apk.AndroidBinXmlParser::getUnsignedInt32 (10 bytes)
Event: 6264.748 Thread 0x0000000016462000 nmethod 25888 0x0000000006d3c450 code [0x0000000006d3c5c0, 0x0000000006d3c7c8]

GC Heap History (10 events):
Event: 4924.705 GC heap after
Heap after GC invocations=94 (full 9):
 PSYoungGen      total 383488K, used 0K [0x00000000e0000000, 0x0000000100000000, 0x0000000100000000)
  eden space 281088K, 0% used [0x00000000e0000000,0x00000000e0000000,0x00000000f1280000)
  from space 102400K, 0% used [0x00000000f1280000,0x00000000f1280000,0x00000000f7680000)
  to   space 130048K, 0% used [0x00000000f8100000,0x00000000f8100000,0x0000000100000000)
 ParOldGen       total 506880K, used 238241K [0x00000000a0000000, 0x00000000bef00000, 0x00000000e0000000)
  object space 506880K, 47% used [0x00000000a0000000,0x00000000ae8a87d8,0x00000000bef00000)
 Metaspace       used 90769K, capacity 95644K, committed 96600K, reserved 1132544K
  class space    used 11425K, capacity 12293K, committed 12672K, reserved 1048576K
}
Event: 4925.715 GC heap before
{Heap before GC invocations=95 (full 9):
 PSYoungGen      total 383488K, used 281088K [0x00000000e0000000, 0x0000000100000000, 0x0000000100000000)
  eden space 281088K, 100% used [0x00000000e0000000,0x00000000f1280000,0x00000000f1280000)
  from space 102400K, 0% used [0x00000000f1280000,0x00000000f1280000,0x00000000f7680000)
  to   space 130048K, 0% used [0x00000000f8100000,0x00000000f8100000,0x0000000100000000)
 ParOldGen       total 506880K, used 238241K [0x00000000a0000000, 0x00000000bef00000, 0x00000000e0000000)
  object space 506880K, 47% used [0x00000000a0000000,0x00000000ae8a87d8,0x00000000bef00000)
 Metaspace       used 90776K, capacity 95644K, committed 96600K, reserved 1132544K
  class space    used 11425K, capacity 12293K, committed 12672K, reserved 1048576K
Event: 4925.728 GC heap after
Heap after GC invocations=95 (full 9):
 PSYoungGen      total 399360K, used 28078K [0x00000000e0000000, 0x0000000100000000, 0x0000000100000000)
  eden space 269312K, 0% used [0x00000000e0000000,0x00000000e0000000,0x00000000f0700000)
  from space 130048K, 21% used [0x00000000f8100000,0x00000000f9c6b858,0x0000000100000000)
  to   space 124928K, 0% used [0x00000000f0700000,0x00000000f0700000,0x00000000f8100000)
 ParOldGen       total 506880K, used 238249K [0x00000000a0000000, 0x00000000bef00000, 0x00000000e0000000)
  object space 506880K, 47% used [0x00000000a0000000,0x00000000ae8aa7d8,0x00000000bef00000)
 Metaspace       used 90776K, capacity 95644K, committed 96600K, reserved 1132544K
  class space    used 11425K, capacity 12293K, committed 12672K, reserved 1048576K
}
Event: 6253.403 GC heap before
{Heap before GC invocations=96 (full 9):
 PSYoungGen      total 399360K, used 297390K [0x00000000e0000000, 0x0000000100000000, 0x0000000100000000)
  eden space 269312K, 100% used [0x00000000e0000000,0x00000000f0700000,0x00000000f0700000)
  from space 130048K, 21% used [0x00000000f8100000,0x00000000f9c6b858,0x0000000100000000)
  to   space 124928K, 0% used [0x00000000f0700000,0x00000000f0700000,0x00000000f8100000)
 ParOldGen       total 506880K, used 238249K [0x00000000a0000000, 0x00000000bef00000, 0x00000000e0000000)
  object space 506880K, 47% used [0x00000000a0000000,0x00000000ae8aa7d8,0x00000000bef00000)
 Metaspace       used 90834K, capacity 95656K, committed 96600K, reserved 1132544K
  class space    used 11427K, capacity 12295K, committed 12672K, reserved 1048576K
Event: 6253.433 GC heap after
Heap after GC invocations=96 (full 9):
 PSYoungGen      total 287232K, used 17816K [0x00000000e0000000, 0x00000000ff500000, 0x0000000100000000)
  eden space 269312K, 0% used [0x00000000e0000000,0x00000000e0000000,0x00000000f0700000)
  from space 17920K, 99% used [0x00000000f0700000,0x00000000f1866328,0x00000000f1880000)
  to   space 121856K, 0% used [0x00000000f7e00000,0x00000000f7e00000,0x00000000ff500000)
 ParOldGen       total 506880K, used 260902K [0x00000000a0000000, 0x00000000bef00000, 0x00000000e0000000)
  object space 506880K, 51% used [0x00000000a0000000,0x00000000afec9ba0,0x00000000bef00000)
 Metaspace       used 90834K, capacity 95656K, committed 96600K, reserved 1132544K
  class space    used 11427K, capacity 12295K, committed 12672K, reserved 1048576K
}
Event: 6261.668 GC heap before
{Heap before GC invocations=97 (full 9):
 PSYoungGen      total 287232K, used 287128K [0x00000000e0000000, 0x00000000ff500000, 0x0000000100000000)
  eden space 269312K, 100% used [0x00000000e0000000,0x00000000f0700000,0x00000000f0700000)
  from space 17920K, 99% used [0x00000000f0700000,0x00000000f1866328,0x00000000f1880000)
  to   space 121856K, 0% used [0x00000000f7e00000,0x00000000f7e00000,0x00000000ff500000)
 ParOldGen       total 506880K, used 260902K [0x00000000a0000000, 0x00000000bef00000, 0x00000000e0000000)
  object space 506880K, 51% used [0x00000000a0000000,0x00000000afec9ba0,0x00000000bef00000)
 Metaspace       used 90855K, capacity 95656K, committed 96600K, reserved 1132544K
  class space    used 11427K, capacity 12295K, committed 12672K, reserved 1048576K
Event: 6261.688 GC heap after
Heap after GC invocations=97 (full 9):
 PSYoungGen      total 398848K, used 40094K [0x00000000e0000000, 0x0000000100000000, 0x0000000100000000)
  eden space 276992K, 0% used [0x00000000e0000000,0x00000000e0000000,0x00000000f0e80000)
  from space 121856K, 32% used [0x00000000f7e00000,0x00000000fa5279c8,0x00000000ff500000)
  to   space 114176K, 0% used [0x00000000f0e80000,0x00000000f0e80000,0x00000000f7e00000)
 ParOldGen       total 506880K, used 266588K [0x00000000a0000000, 0x00000000bef00000, 0x00000000e0000000)
  object space 506880K, 52% used [0x00000000a0000000,0x00000000b04570c0,0x00000000bef00000)
 Metaspace       used 90855K, capacity 95656K, committed 96600K, reserved 1132544K
  class space    used 11427K, capacity 12295K, committed 12672K, reserved 1048576K
}
Event: 6263.634 GC heap before
{Heap before GC invocations=98 (full 9):
 PSYoungGen      total 398848K, used 317086K [0x00000000e0000000, 0x0000000100000000, 0x0000000100000000)
  eden space 276992K, 100% used [0x00000000e0000000,0x00000000f0e80000,0x00000000f0e80000)
  from space 121856K, 32% used [0x00000000f7e00000,0x00000000fa5279c8,0x00000000ff500000)
  to   space 114176K, 0% used [0x00000000f0e80000,0x00000000f0e80000,0x00000000f7e00000)
 ParOldGen       total 506880K, used 266588K [0x00000000a0000000, 0x00000000bef00000, 0x00000000e0000000)
  object space 506880K, 52% used [0x00000000a0000000,0x00000000b04570c0,0x00000000bef00000)
 Metaspace       used 90855K, capacity 95656K, committed 96600K, reserved 1132544K
  class space    used 11427K, capacity 12295K, committed 12672K, reserved 1048576K
Event: 6263.817 GC heap after
Heap after GC invocations=98 (full 9):
 PSYoungGen      total 391168K, used 103998K [0x00000000e0000000, 0x0000000100000000, 0x0000000100000000)
  eden space 276992K, 0% used [0x00000000e0000000,0x00000000e0000000,0x00000000f0e80000)
  from space 114176K, 91% used [0x00000000f0e80000,0x00000000f740fb08,0x00000000f7e00000)
  to   space 130048K, 0% used [0x00000000f8100000,0x00000000f8100000,0x0000000100000000)
 ParOldGen       total 506880K, used 287471K [0x00000000a0000000, 0x00000000bef00000, 0x00000000e0000000)
  object space 506880K, 56% used [0x00000000a0000000,0x00000000b18bbe20,0x00000000bef00000)
 Metaspace       used 90855K, capacity 95656K, committed 96600K, reserved 1132544K
  class space    used 11427K, capacity 12295K, committed 12672K, reserved 1048576K
}
Event: 6264.805 GC heap before
{Heap before GC invocations=99 (full 9):
 PSYoungGen      total 391168K, used 380960K [0x00000000e0000000, 0x0000000100000000, 0x0000000100000000)
  eden space 276992K, 99% used [0x00000000e0000000,0x00000000f0e786f8,0x00000000f0e80000)
  from space 114176K, 91% used [0x00000000f0e80000,0x00000000f740fb08,0x00000000f7e00000)
  to   space 130048K, 0% used [0x00000000f8100000,0x00000000f8100000,0x0000000100000000)
 ParOldGen       total 506880K, used 287471K [0x00000000a0000000, 0x00000000bef00000, 0x00000000e0000000)
  object space 506880K, 56% used [0x00000000a0000000,0x00000000b18bbe20,0x00000000bef00000)
 Metaspace       used 90861K, capacity 95656K, committed 96600K, reserved 1132544K
  class space    used 11427K, capacity 12295K, committed 12672K, reserved 1048576K

Deoptimization events (10 events):
Event: 4904.809 Thread 0x000000001bf42000 Uncommon trap: reason=bimorphic action=maybe_recompile pc=0x0000000006c1aa54 method=java.util.stream.ReduceOps$3ReducingSink.accept(Ljava/lang/Object;)V @ 9
Event: 4904.820 Thread 0x000000001bf42000 Uncommon trap: reason=bimorphic action=maybe_recompile pc=0x0000000006c1aa54 method=java.util.stream.ReduceOps$3ReducingSink.accept(Ljava/lang/Object;)V @ 9
Event: 4904.821 Thread 0x000000001bf42000 Uncommon trap: reason=bimorphic action=maybe_recompile pc=0x0000000006c1aa54 method=java.util.stream.ReduceOps$3ReducingSink.accept(Ljava/lang/Object;)V @ 9
Event: 4919.537 Thread 0x0000000018cf0800 Uncommon trap: reason=class_check action=maybe_recompile pc=0x00000000051e1a8c method=com.sun.tools.javac.comp.MemberEnter.annotateLater(Lcom/sun/tools/javac/util/List;Lcom/sun/tools/javac/comp/Env;Lcom/sun/tools/javac/code/Symbol;Lcom/sun/tools/javac/uti
Event: 4919.579 Thread 0x0000000018cf0800 Uncommon trap: reason=class_check action=maybe_recompile pc=0x0000000005146618 method=com.sun.tools.javac.code.Type$ArrayType.map(Lcom/sun/tools/javac/code/Type$Mapping;)Lcom/sun/tools/javac/code/Type; @ 5
Event: 4919.581 Thread 0x0000000018cf0800 Uncommon trap: reason=class_check action=maybe_recompile pc=0x00000000049a824c method=com.sun.tools.javac.jvm.Gen.genExpr(Lcom/sun/tools/javac/tree/JCTree;Lcom/sun/tools/javac/code/Type;)Lcom/sun/tools/javac/jvm/Items$Item; @ 32
Event: 4920.186 Thread 0x000000001edfb800 Uncommon trap: reason=unstable_if action=reinterpret pc=0x0000000004994f1c method=com.android.tools.r8.it.unimi.dsi.fastutil.ints.Int2ReferenceOpenHashMap.insert(ILjava/lang/Object;)I @ 8
Event: 4920.264 Thread 0x000000001edfb800 Uncommon trap: reason=bimorphic action=maybe_recompile pc=0x0000000005d14550 method=com.android.tools.r8.ir.analysis.constant.SparseConditionalConstantPropagation.visitInstruction(Lcom/android/tools/r8/ir/code/Instruction;)V @ 40
Event: 6251.962 Thread 0x000000001edf3800 Uncommon trap: reason=class_check action=maybe_recompile pc=0x00000000061addf4 method=com.google.common.cache.LocalCache$Segment.drainValueReferenceQueue()V @ 15
Event: 6251.962 Thread 0x000000001edf3800 Uncommon trap: reason=bimorphic action=maybe_recompile pc=0x00000000057af194 method=com.google.common.cache.LocalCache$Segment.enqueueNotification(Ljava/lang/Object;ILcom/google/common/cache/LocalCache$ValueReference;Lcom/google/common/cache/RemovalCause;

Classes redefined (0 events):
No events

Internal exceptions (10 events):
Event: 6252.316 Thread 0x000000001edf3800 Exception <a 'sun/nio/fs/WindowsException'> (0x00000000ed4447d8) thrown at [D:\src\AOSP-openjdk-cygwin\jdk8u\hotspot\src\share\vm\prims\jni.cpp, line 709]
Event: 6252.316 Thread 0x000000001edf3800 Exception <a 'sun/nio/fs/WindowsException'> (0x00000000ed445370) thrown at [D:\src\AOSP-openjdk-cygwin\jdk8u\hotspot\src\share\vm\prims\jni.cpp, line 709]
Event: 6254.614 Thread 0x0000000018cf2000 Exception <a 'java/lang/InterruptedException'> (0x00000000e46f3468) thrown at [D:\src\AOSP-openjdk-cygwin\jdk8u\hotspot\src\share\vm\runtime\objectMonitor.cpp, line 1684]
Event: 6256.321 Thread 0x0000000018cec000 Exception <a 'java/lang/InterruptedException'> (0x00000000e6081c38) thrown at [D:\src\AOSP-openjdk-cygwin\jdk8u\hotspot\src\share\vm\runtime\objectMonitor.cpp, line 1684]
Event: 6258.605 Thread 0x0000000018cf3800 Exception <a 'java/lang/InterruptedException'> (0x00000000e78a7ab0) thrown at [D:\src\AOSP-openjdk-cygwin\jdk8u\hotspot\src\share\vm\runtime\objectMonitor.cpp, line 1684]
Event: 6261.115 Thread 0x0000000018cf6000 Exception <a 'sun/nio/fs/WindowsException'> (0x00000000eb034010) thrown at [D:\src\AOSP-openjdk-cygwin\jdk8u\hotspot\src\share\vm\prims\jni.cpp, line 709]
Event: 6261.143 Thread 0x000000001bf42000 Exception <a 'sun/nio/fs/WindowsException'> (0x00000000eb234990) thrown at [D:\src\AOSP-openjdk-cygwin\jdk8u\hotspot\src\share\vm\prims\jni.cpp, line 709]
Event: 6261.640 Thread 0x0000000018cf6000 Exception <a 'sun/nio/fs/WindowsException'> (0x00000000ec93b220) thrown at [D:\src\AOSP-openjdk-cygwin\jdk8u\hotspot\src\share\vm\prims\jni.cpp, line 709]
Event: 6263.946 Thread 0x000000001bf3c000 Exception <a 'sun/nio/fs/WindowsException'> (0x00000000e2103330) thrown at [D:\src\AOSP-openjdk-cygwin\jdk8u\hotspot\src\share\vm\prims\jni.cpp, line 709]
Event: 6264.339 Thread 0x000000001bf3d800 Exception <a 'sun/nio/fs/WindowsException'> (0x00000000eaea7bd0) thrown at [D:\src\AOSP-openjdk-cygwin\jdk8u\hotspot\src\share\vm\prims\jni.cpp, line 709]

Events (10 events):
Event: 6262.044 Thread 0x0000000016468000 flushing nmethod 0x0000000005ef0e50
Event: 6263.633 Executing VM operation: ParallelGCFailedAllocation
Event: 6263.817 Executing VM operation: ParallelGCFailedAllocation done
Event: 6264.338 Executing VM operation: RevokeBias
Event: 6264.339 Executing VM operation: RevokeBias done
Event: 6264.355 Executing VM operation: RevokeBias
Event: 6264.355 Executing VM operation: RevokeBias done
Event: 6264.355 Thread 0x000000001bf3d800 Thread exited: 0x000000001bf3d800
Event: 6264.355 Thread 0x000000001bf3c000 Thread exited: 0x000000001bf3c000
Event: 6264.805 Executing VM operation: ParallelGCFailedAllocation


Dynamic libraries:
0x00007ff6db060000 - 0x00007ff6db091000 	C:\Program Files\Android\Android Studio\jre\bin\java.exe
0x00007ff92d320000 - 0x00007ff92d501000 	C:\WINDOWS\SYSTEM32\ntdll.dll
0x00007ff92a820000 - 0x00007ff92a8d2000 	C:\WINDOWS\System32\KERNEL32.DLL
0x00007ff9296f0000 - 0x00007ff929963000 	C:\WINDOWS\System32\KERNELBASE.dll
0x00007ff92b520000 - 0x00007ff92b5c1000 	C:\WINDOWS\System32\ADVAPI32.dll
0x00007ff92aba0000 - 0x00007ff92ac3e000 	C:\WINDOWS\System32\msvcrt.dll
0x00007ff92b030000 - 0x00007ff92b08b000 	C:\WINDOWS\System32\sechost.dll
0x00007ff92ae00000 - 0x00007ff92af24000 	C:\WINDOWS\System32\RPCRT4.dll
0x00007ff92a940000 - 0x00007ff92aad0000 	C:\WINDOWS\System32\USER32.dll
0x00007ff929f50000 - 0x00007ff929f70000 	C:\WINDOWS\System32\win32u.dll
0x00007ff92b090000 - 0x00007ff92b0b8000 	C:\WINDOWS\System32\GDI32.dll
0x00007ff929b60000 - 0x00007ff929cf2000 	C:\WINDOWS\System32\gdi32full.dll
0x00007ff929eb0000 - 0x00007ff929f4f000 	C:\WINDOWS\System32\msvcp_win.dll
0x00007ff929db0000 - 0x00007ff929eaa000 	C:\WINDOWS\System32\ucrtbase.dll
0x00007ff91d9f0000 - 0x00007ff91dc59000 	C:\WINDOWS\WinSxS\amd64_microsoft.windows.common-controls_6595b64144ccf1df_6.0.17134.590_none_fb3d9bff3069e088\COMCTL32.dll
0x00007ff92cfc0000 - 0x00007ff92d2e2000 	C:\WINDOWS\System32\combase.dll
0x00007ff92a6e0000 - 0x00007ff92a75a000 	C:\WINDOWS\System32\bcryptPrimitives.dll
0x00007ff92b5d0000 - 0x00007ff92b5fd000 	C:\WINDOWS\System32\IMM32.DLL
0x0000000051160000 - 0x0000000051232000 	C:\Program Files\Android\Android Studio\jre\jre\bin\msvcr100.dll
0x0000000051240000 - 0x0000000051a81000 	C:\Program Files\Android\Android Studio\jre\jre\bin\server\jvm.dll
0x00007ff92b460000 - 0x00007ff92b468000 	C:\WINDOWS\System32\PSAPI.DLL
0x00007ff91c820000 - 0x00007ff91c829000 	C:\WINDOWS\SYSTEM32\WSOCK32.dll
0x00007ff927750000 - 0x00007ff927773000 	C:\WINDOWS\SYSTEM32\WINMM.dll
0x00007ff928270000 - 0x00007ff92827a000 	C:\WINDOWS\SYSTEM32\VERSION.dll
0x00007ff92a7b0000 - 0x00007ff92a81c000 	C:\WINDOWS\System32\WS2_32.dll
0x00007ff927720000 - 0x00007ff92774a000 	C:\WINDOWS\SYSTEM32\WINMMBASE.dll
0x00007ff92a760000 - 0x00007ff92a7a9000 	C:\WINDOWS\System32\cfgmgr32.dll
0x00007ff918870000 - 0x00007ff91887f000 	C:\Program Files\Android\Android Studio\jre\jre\bin\verify.dll
0x00007ff917110000 - 0x00007ff917139000 	C:\Program Files\Android\Android Studio\jre\jre\bin\java.dll
0x00007ff917c50000 - 0x00007ff917c66000 	C:\Program Files\Android\Android Studio\jre\jre\bin\zip.dll
0x00007ff92b6b0000 - 0x00007ff92caf0000 	C:\WINDOWS\System32\SHELL32.dll
0x00007ff92b470000 - 0x00007ff92b519000 	C:\WINDOWS\System32\shcore.dll
0x00007ff929f70000 - 0x00007ff92a67d000 	C:\WINDOWS\System32\windows.storage.dll
0x00007ff92a8e0000 - 0x00007ff92a931000 	C:\WINDOWS\System32\shlwapi.dll
0x00007ff9296d0000 - 0x00007ff9296e1000 	C:\WINDOWS\System32\kernel.appcore.dll
0x00007ff929690000 - 0x00007ff9296af000 	C:\WINDOWS\System32\profapi.dll
0x00007ff929640000 - 0x00007ff92968c000 	C:\WINDOWS\System32\powrprof.dll
0x00007ff929630000 - 0x00007ff92963a000 	C:\WINDOWS\System32\FLTLIB.DLL
0x00007ff917850000 - 0x00007ff91786a000 	C:\Program Files\Android\Android Studio\jre\jre\bin\net.dll
0x00007ff928e50000 - 0x00007ff928eb6000 	C:\WINDOWS\system32\mswsock.dll
0x00007ff913840000 - 0x00007ff913851000 	C:\Program Files\Android\Android Studio\jre\jre\bin\nio.dll
0x00007ff906150000 - 0x00007ff90616e000 	C:\Users\Developer\.gradle\native\25\windows-amd64\native-platform.dll
0x00007ff9184a0000 - 0x00007ff9184ad000 	C:\Program Files\Android\Android Studio\jre\jre\bin\management.dll
0x00007ff929000000 - 0x00007ff929017000 	C:\WINDOWS\SYSTEM32\CRYPTSP.dll
0x00007ff928a30000 - 0x00007ff928a63000 	C:\WINDOWS\system32\rsaenh.dll
0x00007ff929130000 - 0x00007ff929155000 	C:\WINDOWS\SYSTEM32\bcrypt.dll
0x00007ff929560000 - 0x00007ff929588000 	C:\WINDOWS\SYSTEM32\USERENV.dll
0x00007ff929020000 - 0x00007ff92902b000 	C:\WINDOWS\SYSTEM32\CRYPTBASE.dll
0x00007ff928bd0000 - 0x00007ff928c08000 	C:\WINDOWS\SYSTEM32\IPHLPAPI.DLL
0x00007ff92af30000 - 0x00007ff92af38000 	C:\WINDOWS\System32\NSI.dll
0x00007ff921c80000 - 0x00007ff921c96000 	C:\WINDOWS\SYSTEM32\dhcpcsvc6.DLL
0x00007ff921c60000 - 0x00007ff921c7a000 	C:\WINDOWS\SYSTEM32\dhcpcsvc.DLL
0x00007ff9281e0000 - 0x00007ff9281fe000 	C:\Users\Developer\AppData\Local\Temp\native-platform7337115386818131146dir\native-platform.dll
0x00007ff919200000 - 0x00007ff9193c9000 	C:\WINDOWS\SYSTEM32\dbghelp.dll

VM Arguments:
jvm_args: -Xmx1536m -Dfile.encoding=windows-1252 -Duser.country=IN -Duser.language=en -Duser.variant 
java_command: org.gradle.launcher.daemon.bootstrap.GradleDaemon 4.4
java_class_path (initial): C:\Users\Developer\.gradle\wrapper\dists\gradle-4.4-all\9br9xq1tocpiv8o6njlyu5op1\gradle-4.4\lib\gradle-launcher-4.4.jar
Launcher Type: SUN_STANDARD

Environment Variables:
PATH=C:\WINDOWS\system32;C:\WINDOWS;C:\WINDOWS\System32\Wbem;C:\WINDOWS\System32\WindowsPowerShell\v1.0\;F:\Git\cmd;C:\WINDOWS\System32\OpenSSH\;C:\Users\Developer\AppData\Local\Programs\Python\Python37-32\Scripts\;C:\Users\Developer\AppData\Local\Programs\Python\Python37-32\;C:\Users\Developer\AppData\Local\Microsoft\WindowsApps;
USERNAME=Developer
OS=Windows_NT
PROCESSOR_IDENTIFIER=Intel64 Family 6 Model 42 Stepping 7, GenuineIntel



---------------  S Y S T E M  ---------------

OS: Windows 10.0 , 64 bit Build 17134 (10.0.17134.556)

CPU:total 4 (initial active 4) (2 cores per cpu, 2 threads per core) family 6 model 42 stepping 7, cmov, cx8, fxsr, mmx, sse, sse2, sse3, ssse3, sse4.1, sse4.2, popcnt, avx, clmul, ht, tsc, tscinvbit

Memory: 4k page, physical 8280124k(1677976k free), swap 10049596k(2507832k free)

vm_info: OpenJDK 64-Bit Server VM (25.152-b01) for windows-amd64 JRE (1.8.0_152-release-1248-b01), built by "builder" with MS VC++ 10.0 (VS2010)

time: Thu Mar 07 19:10:47 2019
elapsed time: 6264 seconds (0d 1h 44m 24s)

