#
# A fatal error has been detected by the Java Runtime Environment:
#
#  EXCEPTION_ACCESS_VIOLATION (0xc0000005) at pc=0x0000000051718d1b, pid=8832, tid=0x0000000000001794
#
# JRE version: OpenJDK Runtime Environment (8.0_152-b01) (build 1.8.0_152-release-1248-b01)
# Java VM: OpenJDK 64-Bit Server VM (25.152-b01 mixed mode windows-amd64 compressed oops)
# Problematic frame:
# V  [jvm.dll+0x4d8d1b]
#
# Failed to write core dump. Minidumps are not enabled by default on client versions of Windows
#
# If you would like to submit a bug report, please visit:
#   http://bugreport.java.com/bugreport/crash.jsp
#

---------------  T H R E A D  ---------------

Current thread (0x0000000016b98000):  JavaThread "C2 CompilerThread0" daemon [_thread_in_native, id=6036, stack(0x00000000181d0000,0x00000000182d0000)]

siginfo: ExceptionCode=0xc0000005, reading address 0xffffffffffffffff

Registers:
RAX=0x1c2a2a4800000000, RBX=0x00000000182ce7f8, RCX=0x000000001c2a2a14, RDX=0x000000001c2a2a14
RSP=0x00000000182cd7c0, RBP=0x0000000000020000, RSI=0x0000000000000f8c, RDI=0x000000001c2a2a14
R8 =0x0000000000000c61, R9 =0x0000000000002839, R10=0x0000000000003fff, R11=0x000000001bbb7490
R12=0x0000000000002000, R13=0x000000001f596b30, R14=0x000000000000193f, R15=0x0000000016bc9480
RIP=0x0000000051718d1b, EFLAGS=0x0000000000010206

Top of Stack: (sp=0x00000000182cd7c0)
0x00000000182cd7c0:   00000000182ce7f8 0000000000000f99
0x00000000182cd7d0:   000000001c0d7648 000000001f34b700
0x00000000182cd7e0:   00000000182ce7f8 000000005171908c
0x00000000182cd7f0:   000000001d6f6148 0000000000000f8c
0x00000000182cd800:   00000000182cea78 0000000000000014
0x00000000182cd810:   000000001c27cdf0 0000000051719846
0x00000000182cd820:   00000000182ce7f8 000000000000193e
0x00000000182cd830:   000000001c27cdf0 0000000000000000
0x00000000182cd840:   000000001f596b30 000000001f596660
0x00000000182cd850:   0000000000000003 000000001f5966c0
0x00000000182cd860:   000000001f596b30 000000005171b6cd
0x00000000182cd870:   0000000000000003 00000000182cde70
0x00000000182cd880:   00000000182cde70 000000001c27cdf0
0x00000000182cd890:   00000000182ce8e0 00000000516a4e97
0x00000000182cd8a0:   0000000000000003 000000001c27cdf0
0x00000000182cd8b0:   0000000019d8eb70 00000000182cdb20 

Instructions: (pc=0x0000000051718d1b)
0x0000000051718cfb:   cc cc cc cc cc 48 89 5c 24 08 48 89 74 24 10 57
0x0000000051718d0b:   48 83 ec 20 48 8b 02 48 8b d9 48 8b ca 48 8b fa
0x0000000051718d1b:   ff 50 60 8b f0 85 c0 74 54 ff 43 0c 44 8b 43 0c
0x0000000051718d2b:   44 3b 43 10 75 08 48 8b cb e8 77 02 00 00 44 8b 


Register to memory mapping:

RAX=0x1c2a2a4800000000 is an unknown value
RBX=0x00000000182ce7f8 is pointing into the stack for thread: 0x0000000016b98000
RCX=0x000000001c2a2a14 is an unknown value
RDX=0x000000001c2a2a14 is an unknown value
RSP=0x00000000182cd7c0 is pointing into the stack for thread: 0x0000000016b98000
RBP=0x0000000000020000 is an unknown value
RSI=0x0000000000000f8c is an unknown value
RDI=0x000000001c2a2a14 is an unknown value
R8 =0x0000000000000c61 is an unknown value
R9 =0x0000000000002839 is an unknown value
R10=0x0000000000003fff is an unknown value
R11=0x000000001bbb7490 is an unknown value
R12=0x0000000000002000 is an unknown value
R13=0x000000001f596b30 is an unknown value
R14=0x000000000000193f is an unknown value
R15=0x0000000016bc9480 is an unknown value


Stack: [0x00000000181d0000,0x00000000182d0000],  sp=0x00000000182cd7c0,  free space=1013k
Native frames: (J=compiled Java code, j=interpreted, Vv=VM code, C=native code)
V  [jvm.dll+0x4d8d1b]
V  [jvm.dll+0x4d908c]
V  [jvm.dll+0x4d9846]
V  [jvm.dll+0x4db6cd]
V  [jvm.dll+0x464e97]
V  [jvm.dll+0x4d8b01]
V  [jvm.dll+0x4d57f4]
V  [jvm.dll+0x4ce287]
V  [jvm.dll+0x4ce609]
V  [jvm.dll+0x4ceb9f]
V  [jvm.dll+0x426210]
V  [jvm.dll+0x441fc5]
V  [jvm.dll+0x4252c2]
V  [jvm.dll+0x813d8]
V  [jvm.dll+0x81d0f]
V  [jvm.dll+0x21d41f]
V  [jvm.dll+0x26d9aa]
C  [msvcr100.dll+0x21d9f]
C  [msvcr100.dll+0x21e3b]
C  [KERNEL32.DLL+0x13dc4]
C  [ntdll.dll+0x73691]


Current CompileTask:
C2: 363041 21146       4       org.gradle.internal.component.external.model.AbstractMutableModuleComponentResolveMetadata::populateConfigurationFromDescriptor (264 bytes)


---------------  P R O C E S S  ---------------

Java Threads: ( => current thread )
  0x000000001c1e2800 JavaThread "Cache worker for Artifact transforms cache (C:\Users\Developer\.gradle\caches\transforms-1)" [_thread_blocked, id=2584, stack(0x0000000034500000,0x0000000034600000)]
  0x000000001c1de000 JavaThread "Cache worker for file hash cache (F:\samBeautyWorld-android\.gradle\4.4\fileHashes)" [_thread_blocked, id=9076, stack(0x0000000034400000,0x0000000034500000)]
  0x000000001c1e2000 JavaThread "Stdin handler" [_thread_blocked, id=7444, stack(0x0000000034300000,0x0000000034400000)]
  0x000000001c1e1000 JavaThread "Asynchronous log dispatcher for DefaultDaemonConnection: socket connection from /127.0.0.1:49875 to /127.0.0.1:50020" [_thread_blocked, id=7276, stack(0x0000000034200000,0x0000000034300000)]
  0x000000001c1e0800 JavaThread "Daemon worker Thread 2" [_thread_in_native, id=9204, stack(0x0000000034100000,0x0000000034200000)]
  0x000000001c1dd800 JavaThread "Cancel handler" [_thread_blocked, id=5644, stack(0x0000000034000000,0x0000000034100000)]
  0x000000001c1d6000 JavaThread "Handler for socket connection from /127.0.0.1:49875 to /127.0.0.1:50020" [_thread_in_native, id=6028, stack(0x0000000033f00000,0x0000000034000000)]
  0x000000001c1dc000 JavaThread "Daemon Thread 2" [_thread_blocked, id=10212, stack(0x0000000033e00000,0x0000000033f00000)]
  0x000000001be87800 JavaThread "RMI Reaper" [_thread_blocked, id=3632, stack(0x0000000027c60000,0x0000000027d60000)]
  0x000000001be86000 JavaThread "RMI TCP Accept-0" daemon [_thread_in_native, id=1856, stack(0x0000000027b60000,0x0000000027c60000)]
  0x000000001be84800 JavaThread "GC Daemon" daemon [_thread_blocked, id=7440, stack(0x0000000027a60000,0x0000000027b60000)]
  0x000000001be83800 JavaThread "RMI Scheduler(0)" daemon [_thread_blocked, id=5612, stack(0x0000000027860000,0x0000000027960000)]
  0x000000001be83000 JavaThread "Memory manager" [_thread_blocked, id=7756, stack(0x00000000221b0000,0x00000000222b0000)]
  0x0000000019e15000 JavaThread "File lock request listener" [_thread_in_native, id=6612, stack(0x000000001b620000,0x000000001b720000)]
  0x0000000019ade000 JavaThread "Cache worker for file hash cache (C:\Users\Developer\.gradle\caches\4.4\fileHashes)" [_thread_blocked, id=9024, stack(0x000000001b520000,0x000000001b620000)]
  0x0000000019a0b000 JavaThread "Daemon periodic checks" [_thread_blocked, id=10232, stack(0x000000001aa20000,0x000000001ab20000)]
  0x0000000019a03800 JavaThread "Incoming local TCP Connector on port 49875" [_thread_in_native, id=4384, stack(0x000000001a7e0000,0x000000001a8e0000)]
  0x0000000018500800 JavaThread "Service Thread" daemon [_thread_blocked, id=7080, stack(0x00000000188d0000,0x00000000189d0000)]
  0x0000000016b92800 JavaThread "C1 CompilerThread2" daemon [_thread_blocked, id=8788, stack(0x00000000183d0000,0x00000000184d0000)]
  0x0000000016b8c000 JavaThread "C2 CompilerThread1" daemon [_thread_in_native, id=8896, stack(0x00000000182d0000,0x00000000183d0000)]
=>0x0000000016b98000 JavaThread "C2 CompilerThread0" daemon [_thread_in_native, id=6036, stack(0x00000000181d0000,0x00000000182d0000)]
  0x0000000016b96800 JavaThread "Attach Listener" daemon [_thread_blocked, id=6356, stack(0x00000000180d0000,0x00000000181d0000)]
  0x0000000016b95800 JavaThread "Signal Dispatcher" daemon [_thread_blocked, id=6540, stack(0x0000000017fd0000,0x00000000180d0000)]
  0x000000000321c000 JavaThread "Finalizer" daemon [_thread_blocked, id=7252, stack(0x0000000017de0000,0x0000000017ee0000)]
  0x000000000320f800 JavaThread "Reference Handler" daemon [_thread_blocked, id=5604, stack(0x0000000017ce0000,0x0000000017de0000)]
  0x00000000016de000 JavaThread "main" [_thread_blocked, id=9316, stack(0x0000000002ff0000,0x00000000030f0000)]

Other Threads:
  0x0000000016b56800 VMThread [stack: 0x0000000017be0000,0x0000000017ce0000] [id=5600]
  0x0000000016bea800 WatcherThread [stack: 0x00000000189d0000,0x0000000018ad0000] [id=7092]

VM state:not at safepoint (normal execution)

VM Mutex/Monitor currently owned by a thread: None

Heap:
 PSYoungGen      total 419840K, used 298020K [0x00000000e0000000, 0x00000000ffd00000, 0x0000000100000000)
  eden space 328704K, 90% used [0x00000000e0000000,0x00000000f22e91e8,0x00000000f4100000)
  from space 91136K, 0% used [0x00000000f4100000,0x00000000f4120000,0x00000000f9a00000)
  to   space 87040K, 0% used [0x00000000fa800000,0x00000000fa800000,0x00000000ffd00000)
 ParOldGen       total 388608K, used 232788K [0x00000000a0000000, 0x00000000b7b80000, 0x00000000e0000000)
  object space 388608K, 59% used [0x00000000a0000000,0x00000000ae355160,0x00000000b7b80000)
 Metaspace       used 89620K, capacity 93427K, committed 93656K, reserved 1130496K
  class space    used 11428K, capacity 12248K, committed 12288K, reserved 1048576K

Card table byte_map: [0x00000000125e0000,0x00000000128f0000] byte_map_base: 0x00000000120e0000

Marking Bits: (ParMarkBitMap*) 0x0000000051a05aa0
 Begin Bits: [0x0000000012ef0000, 0x00000000146f0000)
 End Bits:   [0x00000000146f0000, 0x0000000015ef0000)

Polling page: 0x0000000001170000

CodeCache: size=245760Kb used=54741Kb max_used=56050Kb free=191018Kb
 bounds [0x0000000003220000, 0x0000000006930000, 0x0000000012220000]
 total_blobs=16979 nmethods=16111 adapters=779
 compilation: enabled

Compilation events (10 events):
Event: 362.968 Thread 0x0000000016b92800 nmethod 21157 0x000000000446cb50 code [0x000000000446ccc0, 0x000000000446cf88]
Event: 362.968 Thread 0x0000000016b92800 21158       3       org.gradle.internal.component.external.model.AbstractMutableModuleComponentResolveMetadata::getConfigurations (24 bytes)
Event: 362.968 Thread 0x0000000016b92800 nmethod 21158 0x0000000004406050 code [0x00000000044061c0, 0x0000000004406478]
Event: 362.968 Thread 0x0000000016b92800 21159       3       org.gradle.internal.component.external.model.DefaultMutableMavenModuleResolveMetadata::getConfigurationDefinitions (4 bytes)
Event: 362.968 Thread 0x0000000016b92800 nmethod 21159 0x0000000006857950 code [0x0000000006857aa0, 0x0000000006857bf0]
Event: 362.968 Thread 0x0000000016b92800 21160       3       org.gradle.internal.component.external.model.DefaultMutableMavenModuleResolveMetadata::getContentHash (5 bytes)
Event: 362.968 Thread 0x0000000016b92800 nmethod 21160 0x0000000004024c90 code [0x0000000004024de0, 0x0000000004024f50]
Event: 362.968 Thread 0x0000000016b92800 21161       3       org.gradle.internal.component.external.model.DefaultMutableMavenModuleResolveMetadata::getVariantsForGraphTraversal (121 bytes)
Event: 362.970 Thread 0x0000000016b92800 nmethod 21161 0x00000000040d8a90 code [0x00000000040d8d40, 0x00000000040d9ef8]
Event: 362.973 Thread 0x0000000016b8c000 21162       4       org.gradle.internal.component.external.model.DefaultMutableMavenModuleResolveMetadata::createConfiguration (14 bytes)

GC Heap History (10 events):
Event: 189.078 GC heap before
{Heap before GC invocations=36 (full 5):
 PSYoungGen      total 403968K, used 305243K [0x00000000e0000000, 0x00000000ff780000, 0x0000000100000000)
  eden space 300544K, 99% used [0x00000000e0000000,0x00000000f24a9c28,0x00000000f2580000)
  from space 103424K, 5% used [0x00000000f9280000,0x00000000f97ed388,0x00000000ff780000)
  to   space 107520K, 0% used [0x00000000f2580000,0x00000000f2580000,0x00000000f8e80000)
 ParOldGen       total 388608K, used 229262K [0x00000000a0000000, 0x00000000b7b80000, 0x00000000e0000000)
  object space 388608K, 58% used [0x00000000a0000000,0x00000000adfe3860,0x00000000b7b80000)
 Metaspace       used 88336K, capacity 92035K, committed 92120K, reserved 1130496K
  class space    used 11231K, capacity 11978K, committed 12032K, reserved 1048576K
Event: 189.082 GC heap after
Heap after GC invocations=36 (full 5):
 PSYoungGen      total 408064K, used 128K [0x00000000e0000000, 0x00000000ffd00000, 0x0000000100000000)
  eden space 300544K, 0% used [0x00000000e0000000,0x00000000e0000000,0x00000000f2580000)
  from space 107520K, 0% used [0x00000000f2580000,0x00000000f25a0000,0x00000000f8e80000)
  to   space 103936K, 0% used [0x00000000f9780000,0x00000000f9780000,0x00000000ffd00000)
 ParOldGen       total 388608K, used 232612K [0x00000000a0000000, 0x00000000b7b80000, 0x00000000e0000000)
  object space 388608K, 59% used [0x00000000a0000000,0x00000000ae329160,0x00000000b7b80000)
 Metaspace       used 88336K, capacity 92035K, committed 92120K, reserved 1130496K
  class space    used 11231K, capacity 11978K, committed 12032K, reserved 1048576K
}
Event: 189.128 GC heap before
{Heap before GC invocations=37 (full 5):
 PSYoungGen      total 408064K, used 299928K [0x00000000e0000000, 0x00000000ffd00000, 0x0000000100000000)
  eden space 300544K, 99% used [0x00000000e0000000,0x00000000f24c61a0,0x00000000f2580000)
  from space 107520K, 0% used [0x00000000f2580000,0x00000000f25a0000,0x00000000f8e80000)
  to   space 103936K, 0% used [0x00000000f9780000,0x00000000f9780000,0x00000000ffd00000)
 ParOldGen       total 388608K, used 232612K [0x00000000a0000000, 0x00000000b7b80000, 0x00000000e0000000)
  object space 388608K, 59% used [0x00000000a0000000,0x00000000ae329160,0x00000000b7b80000)
 Metaspace       used 88336K, capacity 92035K, committed 92120K, reserved 1130496K
  class space    used 11231K, capacity 11978K, committed 12032K, reserved 1048576K
Event: 189.131 GC heap after
Heap after GC invocations=37 (full 5):
 PSYoungGen      total 408064K, used 128K [0x00000000e0000000, 0x00000000ff480000, 0x0000000100000000)
  eden space 312832K, 0% used [0x00000000e0000000,0x00000000e0000000,0x00000000f3180000)
  from space 95232K, 0% used [0x00000000f9780000,0x00000000f97a0000,0x00000000ff480000)
  to   space 99840K, 0% used [0x00000000f3180000,0x00000000f3180000,0x00000000f9300000)
 ParOldGen       total 388608K, used 232668K [0x00000000a0000000, 0x00000000b7b80000, 0x00000000e0000000)
  object space 388608K, 59% used [0x00000000a0000000,0x00000000ae337160,0x00000000b7b80000)
 Metaspace       used 88336K, capacity 92035K, committed 92120K, reserved 1130496K
  class space    used 11231K, capacity 11978K, committed 12032K, reserved 1048576K
}
Event: 189.178 GC heap before
{Heap before GC invocations=38 (full 5):
 PSYoungGen      total 408064K, used 312122K [0x00000000e0000000, 0x00000000ff480000, 0x0000000100000000)
  eden space 312832K, 99% used [0x00000000e0000000,0x00000000f30ae9c8,0x00000000f3180000)
  from space 95232K, 0% used [0x00000000f9780000,0x00000000f97a0000,0x00000000ff480000)
  to   space 99840K, 0% used [0x00000000f3180000,0x00000000f3180000,0x00000000f9300000)
 ParOldGen       total 388608K, used 232668K [0x00000000a0000000, 0x00000000b7b80000, 0x00000000e0000000)
  object space 388608K, 59% used [0x00000000a0000000,0x00000000ae337160,0x00000000b7b80000)
 Metaspace       used 88336K, capacity 92035K, committed 92120K, reserved 1130496K
  class space    used 11231K, capacity 11978K, committed 12032K, reserved 1048576K
Event: 189.182 GC heap after
Heap after GC invocations=38 (full 5):
 PSYoungGen      total 412672K, used 96K [0x00000000e0000000, 0x00000000ffc80000, 0x0000000100000000)
  eden space 312832K, 0% used [0x00000000e0000000,0x00000000e0000000,0x00000000f3180000)
  from space 99840K, 0% used [0x00000000f3180000,0x00000000f3198000,0x00000000f9300000)
  to   space 95744K, 0% used [0x00000000f9f00000,0x00000000f9f00000,0x00000000ffc80000)
 ParOldGen       total 388608K, used 232700K [0x00000000a0000000, 0x00000000b7b80000, 0x00000000e0000000)
  object space 388608K, 59% used [0x00000000a0000000,0x00000000ae33f160,0x00000000b7b80000)
 Metaspace       used 88336K, capacity 92035K, committed 92120K, reserved 1130496K
  class space    used 11231K, capacity 11978K, committed 12032K, reserved 1048576K
}
Event: 189.229 GC heap before
{Heap before GC invocations=39 (full 5):
 PSYoungGen      total 412672K, used 311914K [0x00000000e0000000, 0x00000000ffc80000, 0x0000000100000000)
  eden space 312832K, 99% used [0x00000000e0000000,0x00000000f3082b28,0x00000000f3180000)
  from space 99840K, 0% used [0x00000000f3180000,0x00000000f3198000,0x00000000f9300000)
  to   space 95744K, 0% used [0x00000000f9f00000,0x00000000f9f00000,0x00000000ffc80000)
 ParOldGen       total 388608K, used 232700K [0x00000000a0000000, 0x00000000b7b80000, 0x00000000e0000000)
  object space 388608K, 59% used [0x00000000a0000000,0x00000000ae33f160,0x00000000b7b80000)
 Metaspace       used 88336K, capacity 92035K, committed 92120K, reserved 1130496K
  class space    used 11231K, capacity 11978K, committed 12032K, reserved 1048576K
Event: 189.232 GC heap after
Heap after GC invocations=39 (full 5):
 PSYoungGen      total 414720K, used 128K [0x00000000e0000000, 0x00000000ff300000, 0x0000000100000000)
  eden space 328704K, 0% used [0x00000000e0000000,0x00000000e0000000,0x00000000f4100000)
  from space 86016K, 0% used [0x00000000f9f00000,0x00000000f9f20000,0x00000000ff300000)
  to   space 91136K, 0% used [0x00000000f4100000,0x00000000f4100000,0x00000000f9a00000)
 ParOldGen       total 388608K, used 232748K [0x00000000a0000000, 0x00000000b7b80000, 0x00000000e0000000)
  object space 388608K, 59% used [0x00000000a0000000,0x00000000ae34b160,0x00000000b7b80000)
 Metaspace       used 88336K, capacity 92035K, committed 92120K, reserved 1130496K
  class space    used 11231K, capacity 11978K, committed 12032K, reserved 1048576K
}
Event: 189.288 GC heap before
{Heap before GC invocations=40 (full 5):
 PSYoungGen      total 414720K, used 328600K [0x00000000e0000000, 0x00000000ff300000, 0x0000000100000000)
  eden space 328704K, 99% used [0x00000000e0000000,0x00000000f40c6170,0x00000000f4100000)
  from space 86016K, 0% used [0x00000000f9f00000,0x00000000f9f20000,0x00000000ff300000)
  to   space 91136K, 0% used [0x00000000f4100000,0x00000000f4100000,0x00000000f9a00000)
 ParOldGen       total 388608K, used 232748K [0x00000000a0000000, 0x00000000b7b80000, 0x00000000e0000000)
  object space 388608K, 59% used [0x00000000a0000000,0x00000000ae34b160,0x00000000b7b80000)
 Metaspace       used 88336K, capacity 92035K, committed 92120K, reserved 1130496K
  class space    used 11231K, capacity 11978K, committed 12032K, reserved 1048576K
Event: 189.291 GC heap after
Heap after GC invocations=40 (full 5):
 PSYoungGen      total 419840K, used 128K [0x00000000e0000000, 0x00000000ffd00000, 0x0000000100000000)
  eden space 328704K, 0% used [0x00000000e0000000,0x00000000e0000000,0x00000000f4100000)
  from space 91136K, 0% used [0x00000000f4100000,0x00000000f4120000,0x00000000f9a00000)
  to   space 87040K, 0% used [0x00000000fa800000,0x00000000fa800000,0x00000000ffd00000)
 ParOldGen       total 388608K, used 232788K [0x00000000a0000000, 0x00000000b7b80000, 0x00000000e0000000)
  object space 388608K, 59% used [0x00000000a0000000,0x00000000ae355160,0x00000000b7b80000)
 Metaspace       used 88336K, capacity 92035K, committed 92120K, reserved 1130496K
  class space    used 11231K, capacity 11978K, committed 12032K, reserved 1048576K
}

Deoptimization events (10 events):
Event: 362.858 Thread 0x000000001c1d6000 Uncommon trap: reason=unstable_if action=reinterpret pc=0x0000000005b9482c method=java.io.ObjectStreamClass.readNonProxy(Ljava/io/ObjectInputStream;)V @ 305
Event: 362.880 Thread 0x000000001c1e0800 Uncommon trap: reason=bimorphic action=maybe_recompile pc=0x0000000005af3e3c method=java.io.ObjectInputStream.readNonProxyDesc(Z)Ljava/io/ObjectStreamClass; @ 56
Event: 362.880 Thread 0x000000001c1e0800 Uncommon trap: reason=array_check action=maybe_recompile pc=0x0000000005a814e8 method=com.google.common.collect.ImmutableSet.construct(I[Ljava/lang/Object;)Lcom/google/common/collect/ImmutableSet; @ 122
Event: 362.881 Thread 0x000000001c1e0800 Uncommon trap: reason=bimorphic action=maybe_recompile pc=0x0000000005af3e3c method=java.io.ObjectInputStream.readNonProxyDesc(Z)Ljava/io/ObjectStreamClass; @ 56
Event: 362.881 Thread 0x000000001c1e0800 Uncommon trap: reason=array_check action=maybe_recompile pc=0x0000000005a814e8 method=com.google.common.collect.ImmutableSet.construct(I[Ljava/lang/Object;)Lcom/google/common/collect/ImmutableSet; @ 122
Event: 362.881 Thread 0x000000001c1e0800 Uncommon trap: reason=bimorphic action=maybe_recompile pc=0x0000000005af3e3c method=java.io.ObjectInputStream.readNonProxyDesc(Z)Ljava/io/ObjectStreamClass; @ 56
Event: 362.881 Thread 0x000000001c1e0800 Uncommon trap: reason=array_check action=maybe_recompile pc=0x0000000005a814e8 method=com.google.common.collect.ImmutableSet.construct(I[Ljava/lang/Object;)Lcom/google/common/collect/ImmutableSet; @ 122
Event: 362.881 Thread 0x000000001c1e0800 Uncommon trap: reason=bimorphic action=maybe_recompile pc=0x0000000005af3e3c method=java.io.ObjectInputStream.readNonProxyDesc(Z)Ljava/io/ObjectStreamClass; @ 56
Event: 362.882 Thread 0x000000001c1e0800 Uncommon trap: reason=array_check action=maybe_recompile pc=0x0000000005a814e8 method=com.google.common.collect.ImmutableSet.construct(I[Ljava/lang/Object;)Lcom/google/common/collect/ImmutableSet; @ 122
Event: 362.893 Thread 0x000000001c1e0800 Uncommon trap: reason=class_check action=maybe_recompile pc=0x0000000005aa3fdc method=com.google.common.collect.ImmutableCollection$Builder.addAll(Ljava/lang/Iterable;)Lcom/google/common/collect/ImmutableCollection$Builder; @ 1

Classes redefined (0 events):
No events

Internal exceptions (10 events):
Event: 185.154 Thread 0x000000001b808800 Implicit null exception at 0x0000000006703330 to 0x0000000006703340
Event: 188.088 Thread 0x000000001e4bc000 Exception <a 'java/lang/NoSuchMethodError': java.lang.Object.lambda$comparing$ea9a8b3a$1(Ljava/util/Comparator;Ljava/util/function/Function;Ljava/lang/Object;Ljava/lang/Object;)I> (0x00000000e9046728) thrown at [D:\src\AOSP-openjdk-cygwin\jdk8u\hotspot\sr
Event: 188.142 Thread 0x000000001e4bc000 Exception <a 'java/lang/NoSuchMethodError': java.lang.Object.lambda$or$2(Ljava/util/function/Predicate;Ljava/lang/Object;)Z> (0x00000000eb7f31a8) thrown at [D:\src\AOSP-openjdk-cygwin\jdk8u\hotspot\src\share\vm\interpreter\linkResolver.cpp, line 584]
Event: 189.534 Thread 0x000000001e4bc000 Exception <a 'java/io/FileNotFoundException'> (0x00000000ee228c50) thrown at [D:\src\AOSP-openjdk-cygwin\jdk8u\hotspot\src\share\vm\prims\jni.cpp, line 709]
Event: 189.905 Thread 0x0000000019a9b800 Exception <a 'java/lang/NoSuchMethodError': <clinit>> (0x00000000f025ca18) thrown at [D:\src\AOSP-openjdk-cygwin\jdk8u\hotspot\src\share\vm\prims\jni.cpp, line 1613]
Event: 189.906 Thread 0x0000000019a9b800 Exception <a 'java/lang/NoSuchMethodError': <clinit>> (0x00000000f02679d8) thrown at [D:\src\AOSP-openjdk-cygwin\jdk8u\hotspot\src\share\vm\prims\jni.cpp, line 1613]
Event: 189.908 Thread 0x0000000019a9b800 Exception <a 'java/lang/NoSuchMethodError': <clinit>> (0x00000000f0273460) thrown at [D:\src\AOSP-openjdk-cygwin\jdk8u\hotspot\src\share\vm\prims\jni.cpp, line 1613]
Event: 189.912 Thread 0x0000000019a9b800 Exception <a 'java/lang/NoSuchMethodError': <clinit>> (0x00000000f028bd40) thrown at [D:\src\AOSP-openjdk-cygwin\jdk8u\hotspot\src\share\vm\prims\jni.cpp, line 1613]
Event: 189.913 Thread 0x0000000019a9b800 Exception <a 'java/lang/NoSuchMethodError': <clinit>> (0x00000000f029c0f8) thrown at [D:\src\AOSP-openjdk-cygwin\jdk8u\hotspot\src\share\vm\prims\jni.cpp, line 1613]
Event: 189.928 Thread 0x0000000019a9b800 Implicit null exception at 0x0000000003dc2c37 to 0x0000000003dc30f9

Events (10 events):
Event: 362.893 Thread 0x000000001c1e0800 DEOPT UNPACKING pc=0x000000000326557b sp=0x00000000341f9368 mode 2
Event: 362.894 Executing VM operation: RevokeBias
Event: 362.894 Executing VM operation: RevokeBias done
Event: 362.902 Thread 0x0000000016b92800 flushing nmethod 0x0000000003b93390
Event: 362.910 Thread 0x000000001c1e2800 Thread added: 0x000000001c1e2800
Event: 362.911 Thread 0x0000000016b92800 flushing nmethod 0x0000000004a58f10
Event: 362.914 Thread 0x0000000016b92800 flushing nmethod 0x0000000004f5bd10
Event: 362.915 Thread 0x0000000016b92800 flushing nmethod 0x000000000532ff90
Event: 362.926 Thread 0x0000000016b92800 flushing nmethod 0x0000000005feb890
Event: 362.928 Thread 0x0000000016b92800 flushing nmethod 0x0000000006287550


Dynamic libraries:
0x00007ff6db060000 - 0x00007ff6db091000 	C:\Program Files\Android\Android Studio\jre\bin\java.exe
0x00007ff92d320000 - 0x00007ff92d501000 	C:\WINDOWS\SYSTEM32\ntdll.dll
0x00007ff92a820000 - 0x00007ff92a8d2000 	C:\WINDOWS\System32\KERNEL32.DLL
0x00007ff9296f0000 - 0x00007ff929963000 	C:\WINDOWS\System32\KERNELBASE.dll
0x00007ff92b520000 - 0x00007ff92b5c1000 	C:\WINDOWS\System32\ADVAPI32.dll
0x00007ff92aba0000 - 0x00007ff92ac3e000 	C:\WINDOWS\System32\msvcrt.dll
0x00007ff92b030000 - 0x00007ff92b08b000 	C:\WINDOWS\System32\sechost.dll
0x00007ff92ae00000 - 0x00007ff92af24000 	C:\WINDOWS\System32\RPCRT4.dll
0x00007ff92a940000 - 0x00007ff92aad0000 	C:\WINDOWS\System32\USER32.dll
0x00007ff929f50000 - 0x00007ff929f70000 	C:\WINDOWS\System32\win32u.dll
0x00007ff92b090000 - 0x00007ff92b0b8000 	C:\WINDOWS\System32\GDI32.dll
0x00007ff929b60000 - 0x00007ff929cf2000 	C:\WINDOWS\System32\gdi32full.dll
0x00007ff929eb0000 - 0x00007ff929f4f000 	C:\WINDOWS\System32\msvcp_win.dll
0x00007ff929db0000 - 0x00007ff929eaa000 	C:\WINDOWS\System32\ucrtbase.dll
0x00007ff91d9f0000 - 0x00007ff91dc59000 	C:\WINDOWS\WinSxS\amd64_microsoft.windows.common-controls_6595b64144ccf1df_6.0.17134.590_none_fb3d9bff3069e088\COMCTL32.dll
0x00007ff92cfc0000 - 0x00007ff92d2e2000 	C:\WINDOWS\System32\combase.dll
0x00007ff92a6e0000 - 0x00007ff92a75a000 	C:\WINDOWS\System32\bcryptPrimitives.dll
0x00007ff92b5d0000 - 0x00007ff92b5fd000 	C:\WINDOWS\System32\IMM32.DLL
0x0000000051160000 - 0x0000000051232000 	C:\Program Files\Android\Android Studio\jre\jre\bin\msvcr100.dll
0x0000000051240000 - 0x0000000051a81000 	C:\Program Files\Android\Android Studio\jre\jre\bin\server\jvm.dll
0x00007ff92b460000 - 0x00007ff92b468000 	C:\WINDOWS\System32\PSAPI.DLL
0x00007ff927750000 - 0x00007ff927773000 	C:\WINDOWS\SYSTEM32\WINMM.dll
0x00007ff91c820000 - 0x00007ff91c829000 	C:\WINDOWS\SYSTEM32\WSOCK32.dll
0x00007ff928270000 - 0x00007ff92827a000 	C:\WINDOWS\SYSTEM32\VERSION.dll
0x00007ff92a7b0000 - 0x00007ff92a81c000 	C:\WINDOWS\System32\WS2_32.dll
0x00007ff927720000 - 0x00007ff92774a000 	C:\WINDOWS\SYSTEM32\WINMMBASE.dll
0x00007ff92a760000 - 0x00007ff92a7a9000 	C:\WINDOWS\System32\cfgmgr32.dll
0x00007ff918870000 - 0x00007ff91887f000 	C:\Program Files\Android\Android Studio\jre\jre\bin\verify.dll
0x00007ff917110000 - 0x00007ff917139000 	C:\Program Files\Android\Android Studio\jre\jre\bin\java.dll
0x00007ff917c50000 - 0x00007ff917c66000 	C:\Program Files\Android\Android Studio\jre\jre\bin\zip.dll
0x00007ff92b6b0000 - 0x00007ff92caf0000 	C:\WINDOWS\System32\SHELL32.dll
0x00007ff92b470000 - 0x00007ff92b519000 	C:\WINDOWS\System32\shcore.dll
0x00007ff929f70000 - 0x00007ff92a67d000 	C:\WINDOWS\System32\windows.storage.dll
0x00007ff92a8e0000 - 0x00007ff92a931000 	C:\WINDOWS\System32\shlwapi.dll
0x00007ff9296d0000 - 0x00007ff9296e1000 	C:\WINDOWS\System32\kernel.appcore.dll
0x00007ff929690000 - 0x00007ff9296af000 	C:\WINDOWS\System32\profapi.dll
0x00007ff929640000 - 0x00007ff92968c000 	C:\WINDOWS\System32\powrprof.dll
0x00007ff929630000 - 0x00007ff92963a000 	C:\WINDOWS\System32\FLTLIB.DLL
0x00007ff917850000 - 0x00007ff91786a000 	C:\Program Files\Android\Android Studio\jre\jre\bin\net.dll
0x00007ff928e50000 - 0x00007ff928eb6000 	C:\WINDOWS\system32\mswsock.dll
0x00007ff913840000 - 0x00007ff913851000 	C:\Program Files\Android\Android Studio\jre\jre\bin\nio.dll
0x00007ff906150000 - 0x00007ff90616e000 	C:\Users\Developer\.gradle\native\25\windows-amd64\native-platform.dll
0x00007ff9184a0000 - 0x00007ff9184ad000 	C:\Program Files\Android\Android Studio\jre\jre\bin\management.dll
0x00007ff929000000 - 0x00007ff929017000 	C:\WINDOWS\SYSTEM32\CRYPTSP.dll
0x00007ff928a30000 - 0x00007ff928a63000 	C:\WINDOWS\system32\rsaenh.dll
0x00007ff929130000 - 0x00007ff929155000 	C:\WINDOWS\SYSTEM32\bcrypt.dll
0x00007ff929560000 - 0x00007ff929588000 	C:\WINDOWS\SYSTEM32\USERENV.dll
0x00007ff929020000 - 0x00007ff92902b000 	C:\WINDOWS\SYSTEM32\CRYPTBASE.dll
0x00007ff928bd0000 - 0x00007ff928c08000 	C:\WINDOWS\SYSTEM32\IPHLPAPI.DLL
0x00007ff92af30000 - 0x00007ff92af38000 	C:\WINDOWS\System32\NSI.dll
0x00007ff921c80000 - 0x00007ff921c96000 	C:\WINDOWS\SYSTEM32\dhcpcsvc6.DLL
0x00007ff921c60000 - 0x00007ff921c7a000 	C:\WINDOWS\SYSTEM32\dhcpcsvc.DLL
0x00007ff912e60000 - 0x00007ff912e7e000 	C:\Users\Developer\AppData\Local\Temp\native-platform8655164198115557643dir\native-platform.dll
0x00007ff928720000 - 0x00007ff928751000 	C:\WINDOWS\SYSTEM32\ntmarta.dll
0x00007ff919200000 - 0x00007ff9193c9000 	C:\WINDOWS\SYSTEM32\dbghelp.dll

VM Arguments:
jvm_args: -Xmx1536m -Dfile.encoding=windows-1252 -Duser.country=IN -Duser.language=en -Duser.variant 
java_command: org.gradle.launcher.daemon.bootstrap.GradleDaemon 4.4
java_class_path (initial): C:\Users\Developer\.gradle\wrapper\dists\gradle-4.4-all\9br9xq1tocpiv8o6njlyu5op1\gradle-4.4\lib\gradle-launcher-4.4.jar
Launcher Type: SUN_STANDARD

Environment Variables:
PATH=C:\WINDOWS\system32;C:\WINDOWS;C:\WINDOWS\System32\Wbem;C:\WINDOWS\System32\WindowsPowerShell\v1.0\;F:\Git\cmd;C:\WINDOWS\System32\OpenSSH\;C:\Users\Developer\AppData\Local\Programs\Python\Python37-32\Scripts\;C:\Users\Developer\AppData\Local\Programs\Python\Python37-32\;C:\Users\Developer\AppData\Local\Microsoft\WindowsApps;
USERNAME=Developer
OS=Windows_NT
PROCESSOR_IDENTIFIER=Intel64 Family 6 Model 42 Stepping 7, GenuineIntel



---------------  S Y S T E M  ---------------

OS: Windows 10.0 , 64 bit Build 17134 (10.0.17134.556)

CPU:total 4 (initial active 4) (2 cores per cpu, 2 threads per core) family 6 model 42 stepping 7, cmov, cx8, fxsr, mmx, sse, sse2, sse3, ssse3, sse4.1, sse4.2, popcnt, avx, clmul, ht, tsc, tscinvbit

Memory: 4k page, physical 8280124k(2068136k free), swap 10049596k(3316344k free)

vm_info: OpenJDK 64-Bit Server VM (25.152-b01) for windows-amd64 JRE (1.8.0_152-release-1248-b01), built by "builder" with MS VC++ 10.0 (VS2010)

time: Thu Mar 07 17:26:16 2019
elapsed time: 363 seconds (0d 0h 6m 3s)

