#
# A fatal error has been detected by the Java Runtime Environment:
#
#  EXCEPTION_ACCESS_VIOLATION (0xc0000005) at pc=0x00000000587eda03, pid=6616, tid=0x0000000000000d40
#
# JRE version: OpenJDK Runtime Environment (8.0_152-b01) (build 1.8.0_152-release-1248-b01)
# Java VM: OpenJDK 64-Bit Server VM (25.152-b01 mixed mode windows-amd64 compressed oops)
# Problematic frame:
# V  [jvm.dll+0x4dda03]
#
# Failed to write core dump. Minidumps are not enabled by default on client versions of Windows
#
# If you would like to submit a bug report, please visit:
#   http://bugreport.java.com/bugreport/crash.jsp
#

---------------  T H R E A D  ---------------

Current thread (0x0000000016bcd000):  JavaThread "C2 CompilerThread1" daemon [_thread_in_native, id=3392, stack(0x0000000018340000,0x0000000018440000)]

siginfo: ExceptionCode=0xc0000005, reading address 0x000000000000004c

Registers:
RAX=0x000000000000022d, RBX=0x0000000000000020, RCX=0x0000000000000000, RDX=0x000000001c4f00d0
RSP=0x000000001843c180, RBP=0x000000001843c280, RSI=0x0000000000000001, RDI=0x000000000000022c
R8 =0x0000000000000002, R9 =0x0000000000000006, R10=0x000000001c4f0010, R11=0x000000001843c660
R12=0x0000000020fc3820, R13=0x0000000000000008, R14=0x000000001d532c10, R15=0x0000000000000001
RIP=0x00000000587eda03, EFLAGS=0x0000000000010297

Top of Stack: (sp=0x000000001843c180)
0x000000001843c180:   000000001843c660 000000001d2c7fe8
0x000000001843c190:   0000000000000004 0000000020fc45e0
0x000000001843c1a0:   0000000018e68a50 0000000018e68a10
0x000000001843c1b0:   0000000000000001 00000000ffffffff
0x000000001843c1c0:   0000000020fc3820 000000200000000a
0x000000001843c1d0:   0000000000000000 0000000000000007
0x000000001843c1e0:   000000001ed27330 0000000000000000
0x000000001843c1f0:   000000001d592dd0 00000001000003c0
0x000000001843c200:   000000001c4f0010 0000000000000008
0x000000001843c210:   000000001d532c10 00000000000003c0
0x000000001843c220:   0000000000000010 000000001d532c10
0x000000001843c230:   000000000023e520 000000001d530300
0x000000001843c240:   000000001d5382e8 0000000016b96520
0x000000001843c250:   0000000000000000 0000000000000000
0x000000001843c260:   0000000000000000 0000000000000000
0x000000001843c270:   0000000000000000 000000000018e2a0 

Instructions: (pc=0x00000000587eda03)
0x00000000587ed9e3:   90 49 83 3c fe 00 0f 84 cf 02 00 00 45 8b 4a 48
0x00000000587ed9f3:   45 33 c0 45 85 c9 74 23 49 8b 52 40 90 48 8b 0a
0x00000000587eda03:   8b 41 4c 49 83 3c c6 00 75 05 49 3b cc 75 0c 41
0x00000000587eda13:   ff c0 48 83 c2 08 45 3b c1 72 e2 45 3b c1 0f 82 


Register to memory mapping:

RAX=0x000000000000022d is an unknown value
RBX=0x0000000000000020 is an unknown value
RCX=0x0000000000000000 is an unknown value
RDX=0x000000001c4f00d0 is an unknown value
RSP=0x000000001843c180 is pointing into the stack for thread: 0x0000000016bcd000
RBP=0x000000001843c280 is pointing into the stack for thread: 0x0000000016bcd000
RSI=0x0000000000000001 is an unknown value
RDI=0x000000000000022c is an unknown value
R8 =0x0000000000000002 is an unknown value
R9 =0x0000000000000006 is an unknown value
R10=0x000000001c4f0010 is an unknown value
R11=0x000000001843c660 is pointing into the stack for thread: 0x0000000016bcd000
R12=0x0000000020fc3820 is an unknown value
R13=0x0000000000000008 is an unknown value
R14=0x000000001d532c10 is an unknown value
R15=0x0000000000000001 is an unknown value


Stack: [0x0000000018340000,0x0000000018440000],  sp=0x000000001843c180,  free space=1008k
Native frames: (J=compiled Java code, j=interpreted, Vv=VM code, C=native code)
V  [jvm.dll+0x4dda03]
V  [jvm.dll+0x434e63]
V  [jvm.dll+0x43f99b]
V  [jvm.dll+0x44226e]
V  [jvm.dll+0x4252c2]
V  [jvm.dll+0x813d8]
V  [jvm.dll+0x81d0f]
V  [jvm.dll+0x21d41f]
V  [jvm.dll+0x26d9aa]
C  [msvcr100.dll+0x21d9f]
C  [msvcr100.dll+0x21e3b]
C  [KERNEL32.DLL+0x13dc4]
C  [ntdll.dll+0x73691]


Current CompileTask:
C2:  81691 11284   !   4       com.android.manifmerger.XmlElement::<init> (595 bytes)


---------------  P R O C E S S  ---------------

Java Threads: ( => current thread )
  0x00000000207c0800 JavaThread "stdout" daemon [_thread_in_native, id=5316, stack(0x00000000290b0000,0x00000000291b0000)]
  0x00000000207c4000 JavaThread "stderr" daemon [_thread_in_native, id=9004, stack(0x0000000028fb0000,0x00000000290b0000)]
  0x00000000207be000 JavaThread "stdout" daemon [_thread_in_native, id=876, stack(0x0000000028eb0000,0x0000000028fb0000)]
  0x00000000207b6800 JavaThread "stderr" daemon [_thread_in_native, id=5936, stack(0x0000000028db0000,0x0000000028eb0000)]
  0x00000000207b9800 JavaThread "stdout" daemon [_thread_in_native, id=9340, stack(0x0000000028cb0000,0x0000000028db0000)]
  0x00000000207bd800 JavaThread "stderr" daemon [_thread_in_native, id=8856, stack(0x0000000028bb0000,0x0000000028cb0000)]
  0x00000000207b6000 JavaThread "stdout" daemon [_thread_in_native, id=6516, stack(0x0000000028ab0000,0x0000000028bb0000)]
  0x00000000207b8000 JavaThread "stderr" daemon [_thread_in_native, id=5868, stack(0x00000000289b0000,0x0000000028ab0000)]
  0x00000000207bc800 JavaThread "queued-resource-processor_16" daemon [_thread_blocked, id=7180, stack(0x00000000288b0000,0x00000000289b0000)]
  0x00000000207bc000 JavaThread "queued-resource-processor_15" daemon [_thread_blocked, id=7800, stack(0x00000000287b0000,0x00000000288b0000)]
  0x00000000207bb000 JavaThread "queued-resource-processor_14" daemon [_thread_blocked, id=9952, stack(0x00000000286b0000,0x00000000287b0000)]
  0x00000000207b5000 JavaThread "queued-resource-processor_13" daemon [_thread_blocked, id=2724, stack(0x00000000285b0000,0x00000000286b0000)]
  0x00000000207b9000 JavaThread "Task worker for ':' Thread 3" [_thread_blocked, id=5800, stack(0x00000000277b0000,0x00000000278b0000)]
  0x00000000207b7800 JavaThread "Task worker for ':' Thread 2" [_thread_blocked, id=4028, stack(0x00000000276b0000,0x00000000277b0000)]
  0x00000000207ba800 JavaThread "Task worker for ':'" [_thread_blocked, id=4856, stack(0x00000000275b0000,0x00000000276b0000)]
  0x000000001a21b000 JavaThread "Cache worker for Build Output Cleanup Cache (F:\samBeautyWorld-android\.gradle\buildOutputCleanup)" [_thread_blocked, id=9180, stack(0x00000000274b0000,0x00000000275b0000)]
  0x000000001a21f800 JavaThread "Cache worker for task history cache (F:\samBeautyWorld-android\.gradle\4.4\taskHistory)" [_thread_blocked, id=9104, stack(0x00000000273b0000,0x00000000274b0000)]
  0x000000001a21c800 JavaThread "build operations Thread 4" [_thread_blocked, id=1180, stack(0x00000000272b0000,0x00000000273b0000)]
  0x000000001a221000 JavaThread "build operations Thread 3" [_thread_blocked, id=1808, stack(0x00000000271b0000,0x00000000272b0000)]
  0x000000001a21c000 JavaThread "build operations Thread 2" [_thread_blocked, id=4912, stack(0x00000000270b0000,0x00000000271b0000)]
  0x000000001f4dc800 JavaThread "build operations" [_thread_blocked, id=4580, stack(0x0000000026fb0000,0x00000000270b0000)]
  0x000000001f4d7800 JavaThread "Cache worker for Artifact transforms cache (C:\Users\Developer\.gradle\caches\transforms-1)" [_thread_blocked, id=8084, stack(0x0000000026eb0000,0x0000000026fb0000)]
  0x000000001f4dc000 JavaThread "Cache worker for file hash cache (F:\samBeautyWorld-android\.gradle\4.4\fileHashes)" [_thread_blocked, id=5744, stack(0x0000000026db0000,0x0000000026eb0000)]
  0x000000001f4da800 JavaThread "Stdin handler" [_thread_blocked, id=4188, stack(0x0000000026cb0000,0x0000000026db0000)]
  0x000000001f4de000 JavaThread "Asynchronous log dispatcher for DefaultDaemonConnection: socket connection from /127.0.0.1:50709 to /127.0.0.1:50715" [_thread_blocked, id=5100, stack(0x0000000026bb0000,0x0000000026cb0000)]
  0x000000001f4db000 JavaThread "Cancel handler" [_thread_blocked, id=6528, stack(0x0000000026ab0000,0x0000000026bb0000)]
  0x000000001f4d9000 JavaThread "Handler for socket connection from /127.0.0.1:50709 to /127.0.0.1:50715" [_thread_in_native, id=4520, stack(0x00000000269b0000,0x0000000026ab0000)]
  0x000000001a21a800 JavaThread "Memory manager" [_thread_blocked, id=3240, stack(0x00000000200e0000,0x00000000201e0000)]
  0x0000000019e10000 JavaThread "File lock request listener" [_thread_in_native, id=8136, stack(0x000000001b690000,0x000000001b790000)]
  0x0000000019e1e800 JavaThread "Cache worker for file hash cache (C:\Users\Developer\.gradle\caches\4.4\fileHashes)" [_thread_blocked, id=7884, stack(0x000000001b590000,0x000000001b690000)]
  0x0000000019ce8000 JavaThread "Daemon worker" [_thread_blocked, id=6792, stack(0x000000001b090000,0x000000001b190000)]
  0x0000000019c92000 JavaThread "Daemon" [_thread_blocked, id=6632, stack(0x000000001ab90000,0x000000001ac90000)]
  0x0000000019c5b000 JavaThread "Daemon periodic checks" [_thread_blocked, id=4104, stack(0x000000001aa90000,0x000000001ab90000)]
  0x0000000019c44800 JavaThread "Incoming local TCP Connector on port 50709" [_thread_in_native, id=5928, stack(0x000000001a850000,0x000000001a950000)]
  0x0000000018568800 JavaThread "Service Thread" daemon [_thread_blocked, id=5188, stack(0x0000000018940000,0x0000000018a40000)]
  0x0000000016bd7000 JavaThread "C1 CompilerThread2" daemon [_thread_blocked, id=8700, stack(0x0000000018440000,0x0000000018540000)]
=>0x0000000016bcd000 JavaThread "C2 CompilerThread1" daemon [_thread_in_native, id=3392, stack(0x0000000018340000,0x0000000018440000)]
  0x0000000016bc7800 JavaThread "C2 CompilerThread0" daemon [_thread_in_native, id=4840, stack(0x0000000018240000,0x0000000018340000)]
  0x0000000016bd5800 JavaThread "Attach Listener" daemon [_thread_blocked, id=4964, stack(0x0000000018140000,0x0000000018240000)]
  0x0000000016bd4000 JavaThread "Signal Dispatcher" daemon [_thread_blocked, id=8200, stack(0x0000000018040000,0x0000000018140000)]
  0x000000000325b800 JavaThread "Finalizer" daemon [_thread_blocked, id=8812, stack(0x0000000017e50000,0x0000000017f50000)]
  0x0000000003250000 JavaThread "Reference Handler" daemon [_thread_blocked, id=9016, stack(0x0000000017d50000,0x0000000017e50000)]
  0x000000000315d800 JavaThread "main" [_thread_blocked, id=9272, stack(0x0000000003000000,0x0000000003100000)]

Other Threads:
  0x0000000016b95000 VMThread [stack: 0x0000000017c50000,0x0000000017d50000] [id=8948]
  0x0000000016c2d000 WatcherThread [stack: 0x0000000018a40000,0x0000000018b40000] [id=2468]

VM state:not at safepoint (normal execution)

VM Mutex/Monitor currently owned by a thread: None

Heap:
 PSYoungGen      total 251904K, used 120140K [0x00000000e0000000, 0x00000000f4880000, 0x0000000100000000)
  eden space 217600K, 55% used [0x00000000e0000000,0x00000000e7553228,0x00000000ed480000)
  from space 34304K, 0% used [0x00000000f0680000,0x00000000f0680000,0x00000000f2800000)
  to   space 51200K, 0% used [0x00000000ed480000,0x00000000ed480000,0x00000000f0680000)
 ParOldGen       total 254976K, used 103762K [0x00000000a0000000, 0x00000000af900000, 0x00000000e0000000)
  object space 254976K, 40% used [0x00000000a0000000,0x00000000a6554880,0x00000000af900000)
 Metaspace       used 63605K, capacity 65764K, committed 65880K, reserved 1105920K
  class space    used 8265K, capacity 8750K, committed 8832K, reserved 1048576K

Card table byte_map: [0x0000000012620000,0x0000000012930000] byte_map_base: 0x0000000012120000

Marking Bits: (ParMarkBitMap*) 0x0000000058ad5aa0
 Begin Bits: [0x0000000012f30000, 0x0000000014730000)
 End Bits:   [0x0000000014730000, 0x0000000015f30000)

Polling page: 0x0000000001250000

CodeCache: size=245760Kb used=32012Kb max_used=32012Kb free=213747Kb
 bounds [0x0000000003260000, 0x00000000051d0000, 0x0000000012260000]
 total_blobs=10185 nmethods=9401 adapters=696
 compilation: enabled

Compilation events (10 events):
Event: 81.259 Thread 0x0000000016bd7000 11348       3       com.google.common.collect.SortedLists$KeyPresentBehavior$1::resultIndex (3 bytes)
Event: 81.259 Thread 0x0000000016bd7000 nmethod 11348 0x00000000051c5790 code [0x00000000051c58e0, 0x00000000051c5a30]
Event: 81.259 Thread 0x0000000016bd7000 11347       3       java.util.Collections$SetFromMap::contains (11 bytes)
Event: 81.259 Thread 0x0000000016bd7000 nmethod 11347 0x00000000051c5ad0 code [0x00000000051c5c40, 0x00000000051c5e68]
Event: 81.264 Thread 0x0000000016bd7000 11350       3       com.google.gson.stream.JsonReader::hasNext (30 bytes)
Event: 81.264 Thread 0x0000000016bd7000 nmethod 11350 0x00000000051c5f10 code [0x00000000051c6080, 0x00000000051c6368]
Event: 81.356 Thread 0x0000000016bd7000 11351       3       java.util.concurrent.locks.ReentrantLock::newCondition (8 bytes)
Event: 81.356 Thread 0x0000000016bd7000 nmethod 11351 0x00000000051c6410 code [0x00000000051c6580, 0x00000000051c68d0]
Event: 81.430 Thread 0x0000000016bd7000 11352       3       java.util.Iterator::forEachRemaining (30 bytes)
Event: 81.431 Thread 0x0000000016bd7000 nmethod 11352 0x00000000051c6a50 code [0x00000000051c6c00, 0x00000000051c7198]

GC Heap History (10 events):
Event: 24.883 GC heap before
{Heap before GC invocations=18 (full 3):
 PSYoungGen      total 196096K, used 196076K [0x00000000e0000000, 0x00000000eea80000, 0x0000000100000000)
  eden space 177152K, 100% used [0x00000000e0000000,0x00000000ead00000,0x00000000ead00000)
  from space 18944K, 99% used [0x00000000ec800000,0x00000000eda7b240,0x00000000eda80000)
  to   space 27648K, 0% used [0x00000000ead00000,0x00000000ead00000,0x00000000ec800000)
 ParOldGen       total 140800K, used 60023K [0x00000000a0000000, 0x00000000a8980000, 0x00000000e0000000)
  object space 140800K, 42% used [0x00000000a0000000,0x00000000a3a9de60,0x00000000a8980000)
 Metaspace       used 58942K, capacity 60756K, committed 60888K, reserved 1101824K
  class space    used 7895K, capacity 8364K, committed 8448K, reserved 1048576K
Event: 24.936 GC heap after
Heap after GC invocations=18 (full 3):
 PSYoungGen      total 204800K, used 9607K [0x00000000e0000000, 0x00000000f0680000, 0x0000000100000000)
  eden space 177152K, 0% used [0x00000000e0000000,0x00000000e0000000,0x00000000ead00000)
  from space 27648K, 34% used [0x00000000ead00000,0x00000000eb661f68,0x00000000ec800000)
  to   space 26624K, 0% used [0x00000000eec80000,0x00000000eec80000,0x00000000f0680000)
 ParOldGen       total 140800K, used 75507K [0x00000000a0000000, 0x00000000a8980000, 0x00000000e0000000)
  object space 140800K, 53% used [0x00000000a0000000,0x00000000a49bceb8,0x00000000a8980000)
 Metaspace       used 58942K, capacity 60756K, committed 60888K, reserved 1101824K
  class space    used 7895K, capacity 8364K, committed 8448K, reserved 1048576K
}
Event: 28.259 GC heap before
{Heap before GC invocations=19 (full 3):
 PSYoungGen      total 204800K, used 186759K [0x00000000e0000000, 0x00000000f0680000, 0x0000000100000000)
  eden space 177152K, 100% used [0x00000000e0000000,0x00000000ead00000,0x00000000ead00000)
  from space 27648K, 34% used [0x00000000ead00000,0x00000000eb661f68,0x00000000ec800000)
  to   space 26624K, 0% used [0x00000000eec80000,0x00000000eec80000,0x00000000f0680000)
 ParOldGen       total 140800K, used 75507K [0x00000000a0000000, 0x00000000a8980000, 0x00000000e0000000)
  object space 140800K, 53% used [0x00000000a0000000,0x00000000a49bceb8,0x00000000a8980000)
 Metaspace       used 60293K, capacity 62190K, committed 62296K, reserved 1103872K
  class space    used 8047K, capacity 8525K, committed 8576K, reserved 1048576K
Event: 28.300 GC heap after
Heap after GC invocations=19 (full 3):
 PSYoungGen      total 236544K, used 26622K [0x00000000e0000000, 0x00000000f1080000, 0x0000000100000000)
  eden space 209920K, 0% used [0x00000000e0000000,0x00000000e0000000,0x00000000ecd00000)
  from space 26624K, 99% used [0x00000000eec80000,0x00000000f067fab0,0x00000000f0680000)
  to   space 32256K, 0% used [0x00000000ecd00000,0x00000000ecd00000,0x00000000eec80000)
 ParOldGen       total 140800K, used 80065K [0x00000000a0000000, 0x00000000a8980000, 0x00000000e0000000)
  object space 140800K, 56% used [0x00000000a0000000,0x00000000a4e30738,0x00000000a8980000)
 Metaspace       used 60293K, capacity 62190K, committed 62296K, reserved 1103872K
  class space    used 8047K, capacity 8525K, committed 8576K, reserved 1048576K
}
Event: 73.167 GC heap before
{Heap before GC invocations=20 (full 3):
 PSYoungGen      total 236544K, used 236542K [0x00000000e0000000, 0x00000000f1080000, 0x0000000100000000)
  eden space 209920K, 100% used [0x00000000e0000000,0x00000000ecd00000,0x00000000ecd00000)
  from space 26624K, 99% used [0x00000000eec80000,0x00000000f067fab0,0x00000000f0680000)
  to   space 32256K, 0% used [0x00000000ecd00000,0x00000000ecd00000,0x00000000eec80000)
 ParOldGen       total 140800K, used 80065K [0x00000000a0000000, 0x00000000a8980000, 0x00000000e0000000)
  object space 140800K, 56% used [0x00000000a0000000,0x00000000a4e30738,0x00000000a8980000)
 Metaspace       used 63414K, capacity 65562K, committed 65880K, reserved 1105920K
  class space    used 8259K, capacity 8739K, committed 8832K, reserved 1048576K
Event: 73.219 GC heap after
Heap after GC invocations=20 (full 3):
 PSYoungGen      total 242176K, used 23356K [0x00000000e0000000, 0x00000000f2800000, 0x0000000100000000)
  eden space 209920K, 0% used [0x00000000e0000000,0x00000000e0000000,0x00000000ecd00000)
  from space 32256K, 72% used [0x00000000ecd00000,0x00000000ee3cf1a8,0x00000000eec80000)
  to   space 34304K, 0% used [0x00000000f0680000,0x00000000f0680000,0x00000000f2800000)
 ParOldGen       total 140800K, used 92703K [0x00000000a0000000, 0x00000000a8980000, 0x00000000e0000000)
  object space 140800K, 65% used [0x00000000a0000000,0x00000000a5a87df0,0x00000000a8980000)
 Metaspace       used 63414K, capacity 65562K, committed 65880K, reserved 1105920K
  class space    used 8259K, capacity 8739K, committed 8832K, reserved 1048576K
}
Event: 79.988 GC heap before
{Heap before GC invocations=21 (full 3):
 PSYoungGen      total 242176K, used 229934K [0x00000000e0000000, 0x00000000f2800000, 0x0000000100000000)
  eden space 209920K, 98% used [0x00000000e0000000,0x00000000ec9bc798,0x00000000ecd00000)
  from space 32256K, 72% used [0x00000000ecd00000,0x00000000ee3cf1a8,0x00000000eec80000)
  to   space 34304K, 0% used [0x00000000f0680000,0x00000000f0680000,0x00000000f2800000)
 ParOldGen       total 140800K, used 92703K [0x00000000a0000000, 0x00000000a8980000, 0x00000000e0000000)
  object space 140800K, 65% used [0x00000000a0000000,0x00000000a5a87df0,0x00000000a8980000)
 Metaspace       used 63495K, capacity 65626K, committed 65880K, reserved 1105920K
  class space    used 8259K, capacity 8739K, committed 8832K, reserved 1048576K
Event: 80.053 GC heap after
Heap after GC invocations=21 (full 3):
 PSYoungGen      total 251904K, used 34280K [0x00000000e0000000, 0x00000000f4880000, 0x0000000100000000)
  eden space 217600K, 0% used [0x00000000e0000000,0x00000000e0000000,0x00000000ed480000)
  from space 34304K, 99% used [0x00000000f0680000,0x00000000f27fa028,0x00000000f2800000)
  to   space 51200K, 0% used [0x00000000ed480000,0x00000000ed480000,0x00000000f0680000)
 ParOldGen       total 140800K, used 124735K [0x00000000a0000000, 0x00000000a8980000, 0x00000000e0000000)
  object space 140800K, 88% used [0x00000000a0000000,0x00000000a79cffa8,0x00000000a8980000)
 Metaspace       used 63495K, capacity 65626K, committed 65880K, reserved 1105920K
  class space    used 8259K, capacity 8739K, committed 8832K, reserved 1048576K
}
Event: 80.053 GC heap before
{Heap before GC invocations=22 (full 4):
 PSYoungGen      total 251904K, used 34280K [0x00000000e0000000, 0x00000000f4880000, 0x0000000100000000)
  eden space 217600K, 0% used [0x00000000e0000000,0x00000000e0000000,0x00000000ed480000)
  from space 34304K, 99% used [0x00000000f0680000,0x00000000f27fa028,0x00000000f2800000)
  to   space 51200K, 0% used [0x00000000ed480000,0x00000000ed480000,0x00000000f0680000)
 ParOldGen       total 140800K, used 124735K [0x00000000a0000000, 0x00000000a8980000, 0x00000000e0000000)
  object space 140800K, 88% used [0x00000000a0000000,0x00000000a79cffa8,0x00000000a8980000)
 Metaspace       used 63495K, capacity 65626K, committed 65880K, reserved 1105920K
  class space    used 8259K, capacity 8739K, committed 8832K, reserved 1048576K
Event: 80.428 GC heap after
Heap after GC invocations=22 (full 4):
 PSYoungGen      total 251904K, used 0K [0x00000000e0000000, 0x00000000f4880000, 0x0000000100000000)
  eden space 217600K, 0% used [0x00000000e0000000,0x00000000e0000000,0x00000000ed480000)
  from space 34304K, 0% used [0x00000000f0680000,0x00000000f0680000,0x00000000f2800000)
  to   space 51200K, 0% used [0x00000000ed480000,0x00000000ed480000,0x00000000f0680000)
 ParOldGen       total 254976K, used 103762K [0x00000000a0000000, 0x00000000af900000, 0x00000000e0000000)
  object space 254976K, 40% used [0x00000000a0000000,0x00000000a6554880,0x00000000af900000)
 Metaspace       used 63495K, capacity 65626K, committed 65880K, reserved 1105920K
  class space    used 8259K, capacity 8739K, committed 8832K, reserved 1048576K
}

Deoptimization events (10 events):
Event: 80.915 Thread 0x00000000207ba800 Uncommon trap: reason=array_check action=maybe_recompile pc=0x0000000004d9cdd0 method=com.google.common.collect.RegularImmutableMap.fromEntryArray(I[Ljava/util/Map$Entry;)Lcom/google/common/collect/RegularImmutableMap; @ 200
Event: 80.918 Thread 0x00000000207ba800 Uncommon trap: reason=speculate_class_check action=maybe_recompile pc=0x0000000004c47d58 method=com.android.utils.PositionXmlParser.getPositionHelper(Lorg/w3c/dom/Node;II)Lcom/android/utils/PositionXmlParser$Position; @ 110
Event: 80.918 Thread 0x00000000207ba800 Uncommon trap: reason=speculate_class_check action=maybe_recompile pc=0x0000000004c47d58 method=com.android.utils.PositionXmlParser.getPositionHelper(Lorg/w3c/dom/Node;II)Lcom/android/utils/PositionXmlParser$Position; @ 110
Event: 80.919 Thread 0x00000000207ba800 Uncommon trap: reason=speculate_class_check action=maybe_recompile pc=0x0000000004c47d58 method=com.android.utils.PositionXmlParser.getPositionHelper(Lorg/w3c/dom/Node;II)Lcom/android/utils/PositionXmlParser$Position; @ 110
Event: 80.919 Thread 0x00000000207ba800 Uncommon trap: reason=speculate_class_check action=maybe_recompile pc=0x0000000004c47d58 method=com.android.utils.PositionXmlParser.getPositionHelper(Lorg/w3c/dom/Node;II)Lcom/android/utils/PositionXmlParser$Position; @ 110
Event: 80.950 Thread 0x00000000207ba800 Uncommon trap: reason=array_check action=maybe_recompile pc=0x0000000004d9cdd0 method=com.google.common.collect.RegularImmutableMap.fromEntryArray(I[Ljava/util/Map$Entry;)Lcom/google/common/collect/RegularImmutableMap; @ 200
Event: 81.075 Thread 0x00000000207ba800 Uncommon trap: reason=array_check action=maybe_recompile pc=0x0000000004d9cdd0 method=com.google.common.collect.RegularImmutableMap.fromEntryArray(I[Ljava/util/Map$Entry;)Lcom/google/common/collect/RegularImmutableMap; @ 200
Event: 81.075 Thread 0x00000000207ba800 Uncommon trap: reason=array_check action=maybe_recompile pc=0x0000000004d9cdd0 method=com.google.common.collect.RegularImmutableMap.fromEntryArray(I[Ljava/util/Map$Entry;)Lcom/google/common/collect/RegularImmutableMap; @ 200
Event: 81.186 Thread 0x00000000207b9000 Uncommon trap: reason=class_check action=maybe_recompile pc=0x0000000004bf6508 method=com.google.gson.stream.JsonWriter.beforeValue()V @ 92
Event: 81.186 Thread 0x00000000207b9000 Uncommon trap: reason=class_check action=maybe_recompile pc=0x0000000004bf6508 method=com.google.gson.stream.JsonWriter.beforeValue()V @ 92

Classes redefined (0 events):
No events

Internal exceptions (10 events):
Event: 72.153 Thread 0x00000000207ba800 Exception <a 'sun/nio/fs/WindowsException'> (0x00000000e7c0bdd0) thrown at [D:\src\AOSP-openjdk-cygwin\jdk8u\hotspot\src\share\vm\prims\jni.cpp, line 709]
Event: 72.246 Thread 0x00000000207b9000 Exception <a 'sun/nio/fs/WindowsException'> (0x00000000e822c9b8) thrown at [D:\src\AOSP-openjdk-cygwin\jdk8u\hotspot\src\share\vm\prims\jni.cpp, line 709]
Event: 72.246 Thread 0x00000000207b9000 Exception <a 'sun/nio/fs/WindowsException'> (0x00000000e822d060) thrown at [D:\src\AOSP-openjdk-cygwin\jdk8u\hotspot\src\share\vm\prims\jni.cpp, line 709]
Event: 72.246 Thread 0x00000000207b9000 Exception <a 'sun/nio/fs/WindowsException'> (0x00000000e822dfa8) thrown at [D:\src\AOSP-openjdk-cygwin\jdk8u\hotspot\src\share\vm\prims\jni.cpp, line 709]
Event: 72.246 Thread 0x00000000207b9000 Exception <a 'sun/nio/fs/WindowsException'> (0x00000000e822e658) thrown at [D:\src\AOSP-openjdk-cygwin\jdk8u\hotspot\src\share\vm\prims\jni.cpp, line 709]
Event: 72.247 Thread 0x00000000207b9000 Exception <a 'sun/nio/fs/WindowsException'> (0x00000000e822f6c8) thrown at [D:\src\AOSP-openjdk-cygwin\jdk8u\hotspot\src\share\vm\prims\jni.cpp, line 709]
Event: 72.247 Thread 0x00000000207b9000 Exception <a 'sun/nio/fs/WindowsException'> (0x00000000e822fd70) thrown at [D:\src\AOSP-openjdk-cygwin\jdk8u\hotspot\src\share\vm\prims\jni.cpp, line 709]
Event: 72.247 Thread 0x00000000207b9000 Exception <a 'sun/nio/fs/WindowsException'> (0x00000000e8230ce0) thrown at [D:\src\AOSP-openjdk-cygwin\jdk8u\hotspot\src\share\vm\prims\jni.cpp, line 709]
Event: 72.247 Thread 0x00000000207b9000 Exception <a 'sun/nio/fs/WindowsException'> (0x00000000e8231390) thrown at [D:\src\AOSP-openjdk-cygwin\jdk8u\hotspot\src\share\vm\prims\jni.cpp, line 709]
Event: 73.887 Thread 0x00000000207ba800 Implicit null exception at 0x0000000004b7f353 to 0x0000000004b80159

Events (10 events):
Event: 81.312 Thread 0x00000000207b8000 Thread added: 0x00000000207b8000
Event: 81.312 Thread 0x00000000207b6000 Thread added: 0x00000000207b6000
Event: 81.315 Thread 0x00000000207bd800 Thread added: 0x00000000207bd800
Event: 81.315 Thread 0x00000000207b9800 Thread added: 0x00000000207b9800
Event: 81.318 Thread 0x00000000207b6800 Thread added: 0x00000000207b6800
Event: 81.318 Thread 0x00000000207be000 Thread added: 0x00000000207be000
Event: 81.322 Thread 0x00000000207c4000 Thread added: 0x00000000207c4000
Event: 81.322 Thread 0x00000000207c0800 Thread added: 0x00000000207c0800
Event: 81.409 Executing VM operation: RevokeBias
Event: 81.409 Executing VM operation: RevokeBias done


Dynamic libraries:
0x00007ff73e220000 - 0x00007ff73e251000 	C:\Program Files\Android\Android Studio\jre\bin\java.exe
0x00007ffdea930000 - 0x00007ffdeab11000 	C:\WINDOWS\SYSTEM32\ntdll.dll
0x00007ffde80f0000 - 0x00007ffde81a2000 	C:\WINDOWS\System32\KERNEL32.DLL
0x00007ffde6d60000 - 0x00007ffde6fd3000 	C:\WINDOWS\System32\KERNELBASE.dll
0x00007ffdea310000 - 0x00007ffdea3b1000 	C:\WINDOWS\System32\ADVAPI32.dll
0x00007ffde8a10000 - 0x00007ffde8aae000 	C:\WINDOWS\System32\msvcrt.dll
0x00007ffdea570000 - 0x00007ffdea5cb000 	C:\WINDOWS\System32\sechost.dll
0x00007ffdea5d0000 - 0x00007ffdea6f4000 	C:\WINDOWS\System32\RPCRT4.dll
0x00007ffdea3e0000 - 0x00007ffdea570000 	C:\WINDOWS\System32\USER32.dll
0x00007ffde6fe0000 - 0x00007ffde7000000 	C:\WINDOWS\System32\win32u.dll
0x00007ffde8800000 - 0x00007ffde8828000 	C:\WINDOWS\System32\GDI32.dll
0x00007ffde7c20000 - 0x00007ffde7db2000 	C:\WINDOWS\System32\gdi32full.dll
0x00007ffde77c0000 - 0x00007ffde785f000 	C:\WINDOWS\System32\msvcp_win.dll
0x00007ffde7860000 - 0x00007ffde7958000 	C:\WINDOWS\System32\ucrtbase.dll
0x00007ffddb980000 - 0x00007ffddbbe9000 	C:\WINDOWS\WinSxS\amd64_microsoft.windows.common-controls_6595b64144ccf1df_6.0.17134.648_none_fb45a0e93062a6d2\COMCTL32.dll
0x00007ffde7dc0000 - 0x00007ffde80e2000 	C:\WINDOWS\System32\combase.dll
0x00007ffde79b0000 - 0x00007ffde7a2a000 	C:\WINDOWS\System32\bcryptPrimitives.dll
0x00007ffdea140000 - 0x00007ffdea16d000 	C:\WINDOWS\System32\IMM32.DLL
0x0000000058230000 - 0x0000000058302000 	C:\Program Files\Android\Android Studio\jre\jre\bin\msvcr100.dll
0x0000000058310000 - 0x0000000058b51000 	C:\Program Files\Android\Android Studio\jre\jre\bin\server\jvm.dll
0x00007ffde87f0000 - 0x00007ffde87f8000 	C:\WINDOWS\System32\PSAPI.DLL
0x00007ffde2250000 - 0x00007ffde2259000 	C:\WINDOWS\SYSTEM32\WSOCK32.dll
0x00007ffdd9da0000 - 0x00007ffdd9dc3000 	C:\WINDOWS\SYSTEM32\WINMM.dll
0x00007ffddf740000 - 0x00007ffddf74a000 	C:\WINDOWS\SYSTEM32\VERSION.dll
0x00007ffde8330000 - 0x00007ffde839c000 	C:\WINDOWS\System32\WS2_32.dll
0x00007ffddb5f0000 - 0x00007ffddb61a000 	C:\WINDOWS\SYSTEM32\WINMMBASE.dll
0x00007ffde7960000 - 0x00007ffde79a9000 	C:\WINDOWS\System32\cfgmgr32.dll
0x00007ffde2170000 - 0x00007ffde217f000 	C:\Program Files\Android\Android Studio\jre\jre\bin\verify.dll
0x00007ffde1720000 - 0x00007ffde1749000 	C:\Program Files\Android\Android Studio\jre\jre\bin\java.dll
0x00007ffde1b70000 - 0x00007ffde1b86000 	C:\Program Files\Android\Android Studio\jre\jre\bin\zip.dll
0x00007ffde8ab0000 - 0x00007ffde9ef0000 	C:\WINDOWS\System32\SHELL32.dll
0x00007ffde8960000 - 0x00007ffde8a09000 	C:\WINDOWS\System32\shcore.dll
0x00007ffde7000000 - 0x00007ffde770d000 	C:\WINDOWS\System32\windows.storage.dll
0x00007ffdea7f0000 - 0x00007ffdea841000 	C:\WINDOWS\System32\shlwapi.dll
0x00007ffde6cc0000 - 0x00007ffde6cd1000 	C:\WINDOWS\System32\kernel.appcore.dll
0x00007ffde6c40000 - 0x00007ffde6c5f000 	C:\WINDOWS\System32\profapi.dll
0x00007ffde6c60000 - 0x00007ffde6cac000 	C:\WINDOWS\System32\powrprof.dll
0x00007ffde6cb0000 - 0x00007ffde6cba000 	C:\WINDOWS\System32\FLTLIB.DLL
0x00007ffdb1870000 - 0x00007ffdb188a000 	C:\Program Files\Android\Android Studio\jre\jre\bin\net.dll
0x00007ffde6460000 - 0x00007ffde64c6000 	C:\WINDOWS\system32\mswsock.dll
0x00007ffdb1850000 - 0x00007ffdb1861000 	C:\Program Files\Android\Android Studio\jre\jre\bin\nio.dll
0x00007ffdd4fb0000 - 0x00007ffdd4fce000 	C:\Users\Developer\.gradle\native\25\windows-amd64\native-platform.dll
0x00007ffdcc6f0000 - 0x00007ffdcc6fd000 	C:\Program Files\Android\Android Studio\jre\jre\bin\management.dll
0x00007ffde6610000 - 0x00007ffde6627000 	C:\WINDOWS\SYSTEM32\CRYPTSP.dll
0x00007ffde6040000 - 0x00007ffde6073000 	C:\WINDOWS\system32\rsaenh.dll
0x00007ffde67a0000 - 0x00007ffde67c5000 	C:\WINDOWS\SYSTEM32\bcrypt.dll
0x00007ffde6b70000 - 0x00007ffde6b98000 	C:\WINDOWS\SYSTEM32\USERENV.dll
0x00007ffde6630000 - 0x00007ffde663b000 	C:\WINDOWS\SYSTEM32\CRYPTBASE.dll
0x00007ffde61e0000 - 0x00007ffde6218000 	C:\WINDOWS\SYSTEM32\IPHLPAPI.DLL
0x00007ffdea7e0000 - 0x00007ffdea7e8000 	C:\WINDOWS\System32\NSI.dll
0x00007ffde2350000 - 0x00007ffde2366000 	C:\WINDOWS\SYSTEM32\dhcpcsvc6.DLL
0x00007ffde1f90000 - 0x00007ffde1faa000 	C:\WINDOWS\SYSTEM32\dhcpcsvc.DLL
0x00007ffde2da0000 - 0x00007ffde2f69000 	C:\WINDOWS\SYSTEM32\dbghelp.dll

VM Arguments:
jvm_args: -Xmx1536m -Dfile.encoding=windows-1252 -Duser.country=IN -Duser.language=en -Duser.variant 
java_command: org.gradle.launcher.daemon.bootstrap.GradleDaemon 4.4
java_class_path (initial): C:\Users\Developer\.gradle\wrapper\dists\gradle-4.4-all\9br9xq1tocpiv8o6njlyu5op1\gradle-4.4\lib\gradle-launcher-4.4.jar
Launcher Type: SUN_STANDARD

Environment Variables:
PATH=C:\WINDOWS\system32;C:\WINDOWS;C:\WINDOWS\System32\Wbem;C:\WINDOWS\System32\WindowsPowerShell\v1.0\;F:\Git\cmd;C:\WINDOWS\System32\OpenSSH\;C:\Users\Developer\AppData\Local\Programs\Python\Python37-32\Scripts\;C:\Users\Developer\AppData\Local\Programs\Python\Python37-32\;C:\Users\Developer\AppData\Local\Microsoft\WindowsApps;
USERNAME=Developer
OS=Windows_NT
PROCESSOR_IDENTIFIER=Intel64 Family 6 Model 42 Stepping 7, GenuineIntel



---------------  S Y S T E M  ---------------

OS: Windows 10.0 , 64 bit Build 17134 (10.0.17134.648)

CPU:total 4 (initial active 4) (2 cores per cpu, 2 threads per core) family 6 model 42 stepping 7, cmov, cx8, fxsr, mmx, sse, sse2, sse3, ssse3, sse4.1, sse4.2, popcnt, avx, clmul, ht, tsc, tscinvbit

Memory: 4k page, physical 8280124k(3793444k free), swap 10311740k(4190164k free)

vm_info: OpenJDK 64-Bit Server VM (25.152-b01) for windows-amd64 JRE (1.8.0_152-release-1248-b01), built by "builder" with MS VC++ 10.0 (VS2010)

time: Wed Mar 13 19:59:02 2019
elapsed time: 81 seconds (0d 0h 1m 21s)

