#
# A fatal error has been detected by the Java Runtime Environment:
#
#  EXCEPTION_ACCESS_VIOLATION (0xc0000005) at pc=0x0000000074f0a9b2, pid=4144, tid=0x0000000000000bfc
#
# JRE version: OpenJDK Runtime Environment (8.0_152-b01) (build 1.8.0_152-release-1248-b01)
# Java VM: OpenJDK 64-Bit Server VM (25.152-b01 mixed mode windows-amd64 compressed oops)
# Problematic frame:
# V  [jvm.dll+0x8a9b2]
#
# Failed to write core dump. Minidumps are not enabled by default on client versions of Windows
#
# If you would like to submit a bug report, please visit:
#   http://bugreport.java.com/bugreport/crash.jsp
#

---------------  T H R E A D  ---------------

Current thread (0x000000000301c000):  GCTaskThread [stack: 0x0000000012da0000,0x0000000012ea0000] [id=3068]

siginfo: ExceptionCode=0xc0000005, reading address 0x00000000000000e8

Registers:
RAX=0x0000000000000000, RBX=0x00000000e044f148, RCX=0x0000000100628610, RDX=0x00000000e044f148
RSP=0x0000000012e9f528, RBP=0x0000000012595981, RSI=0x00000000030ec3c0, RDI=0x00000000a0b2ba00
R8 =0x0000000000000000, R9 =0x0000000100628610, R10=0x0000000000000008, R11=0x00000000ece09608
R12=0x000000001259595a, R13=0x0000000000000005, R14=0x0000000000000000, R15=0x0000000003012820
RIP=0x0000000074f0a9b2, EFLAGS=0x0000000000010246

Top of Stack: (sp=0x0000000012e9f528)
0x0000000012e9f528:   000000007524ca32 00000000e044f118
0x0000000012e9f538:   0000000000000006 00000000030ec3c0
0x0000000012e9f548:   00000000a487ff74 00000000ece01618
0x0000000012e9f558:   0000000000001000 00000000a8b7e178
0x0000000012e9f568:   0000000000000400 0000000000000000
0x0000000012e9f578:   00000000030ec300 000000001259595a
0x0000000012e9f588:   000000007524cda0 00000000ece0354c
0x0000000012e9f598:   0000000012595981 00000000030ec3c0
0x0000000012e9f5a8:   00000000a0b2ba00 00000000ece0354c
0x0000000012e9f5b8:   000000007524d945 00000000e0477550
0x0000000012e9f5c8:   0000000012595981 00000000030ec3c0
0x0000000012e9f5d8:   0000000000000003 00000000030ec3c0
0x0000000012e9f5e8:   000000007524c1eb 0000000000000000
0x0000000012e9f5f8:   0000000074f6f747 00000000030ec3c0
0x0000000012e9f608:   0000000074f6d903 00000000a0aec73d
0x0000000012e9f618:   00000000a0aec73d 00000000a0b2b9f8 

Instructions: (pc=0x0000000074f0a9b2)
0x0000000074f0a992:   e2 49 8d 0c 11 49 f7 d1 48 03 c1 49 c1 e9 03 48
0x0000000074f0a9a2:   c1 e8 03 41 23 c1 c3 48 8b 02 48 8b d1 49 8b c9
0x0000000074f0a9b2:   48 ff a0 e8 00 00 00 cc cc cc cc cc cc cc 80 3d
0x0000000074f0a9c2:   3a 10 73 00 00 48 8b c1 74 1b 8b 51 08 8b 0d 83 


Register to memory mapping:

RAX=0x0000000000000000 is an unknown value
RBX=0x00000000e044f148 is an oop

[error occurred during error reporting (printing register info), id 0xc0000005]

Stack: [0x0000000012da0000,0x0000000012ea0000],  sp=0x0000000012e9f528,  free space=1021k
Native frames: (J=compiled Java code, j=interpreted, Vv=VM code, C=native code)
V  [jvm.dll+0x8a9b2]


---------------  P R O C E S S  ---------------

Java Threads: ( => current thread )
  0x000000001eb6b800 JavaThread "RMI RenewClean-[127.0.0.1:51122,org.jetbrains.kotlin.daemon.common.LoopbackNetworkInterface$ClientLoopbackSocketFactory@6f3fd454]" daemon [_thread_blocked, id=868, stack(0x0000000020d20000,0x0000000020e20000)]
  0x000000001862e800 JavaThread "RMI TCP Connection(4)-127.0.0.1" daemon [_thread_blocked, id=6212, stack(0x0000000020c20000,0x0000000020d20000)]
  0x000000001ae03800 JavaThread "RMI RenewClean-[127.0.0.1:51122,org.jetbrains.kotlin.daemon.common.LoopbackNetworkInterface$ClientLoopbackSocketFactory@e763efb]" daemon [_thread_blocked, id=2184, stack(0x0000000020920000,0x0000000020a20000)]
  0x000000001b12a800 JavaThread "RMI TCP Connection(3)-127.0.0.1" daemon [_thread_in_native, id=9668, stack(0x0000000020820000,0x0000000020920000)]
  0x0000000018ce7000 JavaThread "RMI TCP Connection(2)-127.0.0.1" daemon [_thread_in_native, id=9052, stack(0x000000001a010000,0x000000001a110000)]
  0x0000000018cfb800 JavaThread "RMI Scheduler(0)" daemon [_thread_blocked, id=4972, stack(0x0000000019f10000,0x000000001a010000)]
  0x0000000018cd5800 JavaThread "RMI TCP Connection(1)-127.0.0.1" daemon [_thread_in_native, id=7612, stack(0x0000000019e10000,0x0000000019f10000)]
  0x00000000031ce800 JavaThread "DestroyJavaVM" [_thread_blocked, id=3364, stack(0x0000000002e50000,0x0000000002f50000)]
  0x0000000018ca7800 JavaThread "GC Daemon" daemon [_thread_blocked, id=6636, stack(0x00000000199d0000,0x0000000019ad0000)]
  0x0000000018ca7000 JavaThread "RMI Reaper" [_thread_blocked, id=6048, stack(0x00000000198d0000,0x00000000199d0000)]
  0x0000000018bbe000 JavaThread "Timer-0" daemon [_thread_blocked, id=4448, stack(0x00000000196d0000,0x00000000197d0000)]
  0x0000000018bbb800 JavaThread "RMI TCP Accept-17751" daemon [_thread_in_native, id=4372, stack(0x00000000195d0000,0x00000000196d0000)]
  0x0000000016b9e800 JavaThread "Service Thread" daemon [_thread_blocked, id=6276, stack(0x0000000018890000,0x0000000018990000)]
  0x0000000016b41000 JavaThread "C1 CompilerThread2" daemon [_thread_blocked, id=5772, stack(0x0000000018390000,0x0000000018490000)]
  0x0000000016b3b800 JavaThread "C2 CompilerThread1" daemon [_thread_blocked, id=6936, stack(0x0000000018290000,0x0000000018390000)]
  0x0000000016b48000 JavaThread "C2 CompilerThread0" daemon [_thread_blocked, id=3064, stack(0x0000000018190000,0x0000000018290000)]
  0x0000000016b46800 JavaThread "Attach Listener" daemon [_thread_blocked, id=772, stack(0x0000000018090000,0x0000000018190000)]
  0x0000000016b45000 JavaThread "Signal Dispatcher" daemon [_thread_blocked, id=5584, stack(0x0000000017f90000,0x0000000018090000)]
  0x0000000016b29800 JavaThread "Finalizer" daemon [_thread_blocked, id=2752, stack(0x0000000017da0000,0x0000000017ea0000)]
  0x00000000030f1800 JavaThread "Reference Handler" daemon [_thread_blocked, id=392, stack(0x0000000017ca0000,0x0000000017da0000)]

Other Threads:
  0x0000000016b04800 VMThread [stack: 0x0000000017ba0000,0x0000000017ca0000] [id=7012]
  0x00000000184d1800 WatcherThread [stack: 0x0000000018990000,0x0000000018a90000] [id=780]

=>0x000000000301c000 (exited) GCTaskThread [stack: 0x0000000012da0000,0x0000000012ea0000] [id=3068]

VM state:at safepoint (normal execution)

VM Mutex/Monitor currently owned by a thread:  ([mutex/lock_event])
[0x00000000031cdd60] Threads_lock - owner thread: 0x0000000016b04800
[0x00000000031cdc60] Heap_lock - owner thread: 0x000000001862e800

Heap:
 PSYoungGen      total 241664K, used 199940K [0x00000000e0000000, 0x00000000f3f00000, 0x0000000100000000)
  eden space 174080K, 100% used [0x00000000e0000000,0x00000000eaa00000,0x00000000eaa00000)
  from space 67584K, 38% used [0x00000000efd00000,0x00000000f1641240,0x00000000f3f00000)
  to   space 76288K, 54% used [0x00000000eaa00000,0x00000000ed296eb8,0x00000000ef480000)
 ParOldGen       total 272384K, used 154727K [0x00000000a0000000, 0x00000000b0a00000, 0x00000000e0000000)
  object space 272384K, 56% used [0x00000000a0000000,0x00000000a9719f00,0x00000000b0a00000)
 Metaspace       used 57031K, capacity 58103K, committed 58240K, reserved 1099776K
  class space    used 6751K, capacity 7006K, committed 7040K, reserved 1048576K

Card table byte_map: [0x0000000012590000,0x00000000128a0000] byte_map_base: 0x0000000012090000

Marking Bits: (ParMarkBitMap*) 0x0000000075645aa0
 Begin Bits: [0x0000000012ea0000, 0x00000000146a0000)
 End Bits:   [0x00000000146a0000, 0x0000000015ea0000)

Polling page: 0x0000000002f50000

CodeCache: size=245760Kb used=29293Kb max_used=29293Kb free=216466Kb
 bounds [0x00000000031d0000, 0x0000000004e90000, 0x00000000121d0000]
 total_blobs=8931 nmethods=8399 adapters=443
 compilation: enabled

Compilation events (10 events):
Event: 25.792 Thread 0x0000000016b41000 9837       3       org.jetbrains.kotlin.parsing.TruncatedSemanticWhitespaceAwarePsiBuilder::isOffsetBeyondEof (21 bytes)
Event: 25.792 Thread 0x0000000016b41000 nmethod 9837 0x0000000004e88f50 code [0x0000000004e890a0, 0x0000000004e89290]
Event: 25.792 Thread 0x0000000016b41000 9838       3       org.jetbrains.kotlin.parsing.TruncatedSemanticWhitespaceAwarePsiBuilder::eof (24 bytes)
Event: 25.792 Thread 0x0000000016b41000 nmethod 9838 0x0000000004e89310 code [0x0000000004e894a0, 0x0000000004e89a58]
Event: 25.792 Thread 0x0000000016b41000 9839   !   3       sun.reflect.GeneratedConstructorAccessor48::newInstance (53 bytes)
Event: 25.793 Thread 0x0000000016b41000 nmethod 9839 0x0000000004e89c10 code [0x0000000004e89e00, 0x0000000004e8a508]
Event: 25.793 Thread 0x0000000016b41000 9840   !   3       sun.reflect.GeneratedConstructorAccessor49::newInstance (53 bytes)
Event: 25.794 Thread 0x0000000016b41000 nmethod 9840 0x0000000004e8a910 code [0x0000000004e8aae0, 0x0000000004e8b168]
Event: 25.794 Thread 0x0000000016b41000 9841       3       org.jetbrains.kotlin.parsing.TruncatedSemanticWhitespaceAwarePsiBuilder::getTokenType (14 bytes)
Event: 25.794 Thread 0x0000000016b41000 nmethod 9841 0x0000000004e8b510 code [0x0000000004e8b6e0, 0x0000000004e8be68]

GC Heap History (10 events):
Event: 19.043 GC heap after
Heap after GC invocations=16 (full 3):
 PSYoungGen      total 146432K, used 48622K [0x00000000e0000000, 0x00000000f0080000, 0x0000000100000000)
  eden space 97792K, 0% used [0x00000000e0000000,0x00000000e0000000,0x00000000e5f80000)
  from space 48640K, 99% used [0x00000000e5f80000,0x00000000e8efba18,0x00000000e8f00000)
  to   space 65536K, 0% used [0x00000000ec080000,0x00000000ec080000,0x00000000f0080000)
 ParOldGen       total 131584K, used 96751K [0x00000000a0000000, 0x00000000a8080000, 0x00000000e0000000)
  object space 131584K, 73% used [0x00000000a0000000,0x00000000a5e7bff8,0x00000000a8080000)
 Metaspace       used 56000K, capacity 56959K, committed 57344K, reserved 1099776K
  class space    used 6682K, capacity 6909K, committed 6912K, reserved 1048576K
}
Event: 19.417 GC heap before
{Heap before GC invocations=17 (full 3):
 PSYoungGen      total 146432K, used 146414K [0x00000000e0000000, 0x00000000f0080000, 0x0000000100000000)
  eden space 97792K, 100% used [0x00000000e0000000,0x00000000e5f80000,0x00000000e5f80000)
  from space 48640K, 99% used [0x00000000e5f80000,0x00000000e8efba18,0x00000000e8f00000)
  to   space 65536K, 0% used [0x00000000ec080000,0x00000000ec080000,0x00000000f0080000)
 ParOldGen       total 131584K, used 96751K [0x00000000a0000000, 0x00000000a8080000, 0x00000000e0000000)
  object space 131584K, 73% used [0x00000000a0000000,0x00000000a5e7bff8,0x00000000a8080000)
 Metaspace       used 56221K, capacity 57217K, committed 57600K, reserved 1099776K
  class space    used 6705K, capacity 6911K, committed 6912K, reserved 1048576K
Event: 19.514 GC heap after
Heap after GC invocations=17 (full 3):
 PSYoungGen      total 186880K, used 64689K [0x00000000e0000000, 0x00000000f1d80000, 0x0000000100000000)
  eden space 121344K, 0% used [0x00000000e0000000,0x00000000e0000000,0x00000000e7680000)
  from space 65536K, 98% used [0x00000000ec080000,0x00000000effac6d0,0x00000000f0080000)
  to   space 75776K, 0% used [0x00000000e7680000,0x00000000e7680000,0x00000000ec080000)
 ParOldGen       total 131584K, used 109868K [0x00000000a0000000, 0x00000000a8080000, 0x00000000e0000000)
  object space 131584K, 83% used [0x00000000a0000000,0x00000000a6b4b220,0x00000000a8080000)
 Metaspace       used 56221K, capacity 57217K, committed 57600K, reserved 1099776K
  class space    used 6705K, capacity 6911K, committed 6912K, reserved 1048576K
}
Event: 19.892 GC heap before
{Heap before GC invocations=18 (full 3):
 PSYoungGen      total 186880K, used 186033K [0x00000000e0000000, 0x00000000f1d80000, 0x0000000100000000)
  eden space 121344K, 100% used [0x00000000e0000000,0x00000000e7680000,0x00000000e7680000)
  from space 65536K, 98% used [0x00000000ec080000,0x00000000effac6d0,0x00000000f0080000)
  to   space 75776K, 0% used [0x00000000e7680000,0x00000000e7680000,0x00000000ec080000)
 ParOldGen       total 131584K, used 109868K [0x00000000a0000000, 0x00000000a8080000, 0x00000000e0000000)
  object space 131584K, 83% used [0x00000000a0000000,0x00000000a6b4b220,0x00000000a8080000)
 Metaspace       used 56236K, capacity 57217K, committed 57600K, reserved 1099776K
  class space    used 6705K, capacity 6911K, committed 6912K, reserved 1048576K
Event: 19.980 GC heap after
Heap after GC invocations=18 (full 3):
 PSYoungGen      total 197120K, used 53501K [0x00000000e0000000, 0x00000000f4b80000, 0x0000000100000000)
  eden space 121344K, 0% used [0x00000000e0000000,0x00000000e0000000,0x00000000e7680000)
  from space 75776K, 70% used [0x00000000e7680000,0x00000000eaabf748,0x00000000ec080000)
  to   space 80384K, 0% used [0x00000000efd00000,0x00000000efd00000,0x00000000f4b80000)
 ParOldGen       total 145408K, used 145188K [0x00000000a0000000, 0x00000000a8e00000, 0x00000000e0000000)
  object space 145408K, 99% used [0x00000000a0000000,0x00000000a8dc9328,0x00000000a8e00000)
 Metaspace       used 56236K, capacity 57217K, committed 57600K, reserved 1099776K
  class space    used 6705K, capacity 6911K, committed 6912K, reserved 1048576K
}
Event: 19.980 GC heap before
{Heap before GC invocations=19 (full 4):
 PSYoungGen      total 197120K, used 53501K [0x00000000e0000000, 0x00000000f4b80000, 0x0000000100000000)
  eden space 121344K, 0% used [0x00000000e0000000,0x00000000e0000000,0x00000000e7680000)
  from space 75776K, 70% used [0x00000000e7680000,0x00000000eaabf748,0x00000000ec080000)
  to   space 80384K, 0% used [0x00000000efd00000,0x00000000efd00000,0x00000000f4b80000)
 ParOldGen       total 145408K, used 145188K [0x00000000a0000000, 0x00000000a8e00000, 0x00000000e0000000)
  object space 145408K, 99% used [0x00000000a0000000,0x00000000a8dc9328,0x00000000a8e00000)
 Metaspace       used 56236K, capacity 57217K, committed 57600K, reserved 1099776K
  class space    used 6705K, capacity 6911K, committed 6912K, reserved 1048576K
Event: 20.648 GC heap after
Heap after GC invocations=19 (full 4):
 PSYoungGen      total 197120K, used 0K [0x00000000e0000000, 0x00000000f4b80000, 0x0000000100000000)
  eden space 121344K, 0% used [0x00000000e0000000,0x00000000e0000000,0x00000000e7680000)
  from space 75776K, 0% used [0x00000000e7680000,0x00000000e7680000,0x00000000ec080000)
  to   space 80384K, 0% used [0x00000000efd00000,0x00000000efd00000,0x00000000f4b80000)
 ParOldGen       total 272384K, used 132199K [0x00000000a0000000, 0x00000000b0a00000, 0x00000000e0000000)
  object space 272384K, 48% used [0x00000000a0000000,0x00000000a8119cc0,0x00000000b0a00000)
 Metaspace       used 56203K, capacity 57145K, committed 57600K, reserved 1099776K
  class space    used 6702K, capacity 6907K, committed 6912K, reserved 1048576K
}
Event: 20.995 GC heap before
{Heap before GC invocations=20 (full 4):
 PSYoungGen      total 197120K, used 121344K [0x00000000e0000000, 0x00000000f4b80000, 0x0000000100000000)
  eden space 121344K, 100% used [0x00000000e0000000,0x00000000e7680000,0x00000000e7680000)
  from space 75776K, 0% used [0x00000000e7680000,0x00000000e7680000,0x00000000ec080000)
  to   space 80384K, 0% used [0x00000000efd00000,0x00000000efd00000,0x00000000f4b80000)
 ParOldGen       total 272384K, used 132199K [0x00000000a0000000, 0x00000000b0a00000, 0x00000000e0000000)
  object space 272384K, 48% used [0x00000000a0000000,0x00000000a8119cc0,0x00000000b0a00000)
 Metaspace       used 56208K, capacity 57177K, committed 57728K, reserved 1099776K
  class space    used 6704K, capacity 6939K, committed 7040K, reserved 1048576K
Event: 21.027 GC heap after
Heap after GC invocations=20 (full 4):
 PSYoungGen      total 241664K, used 25860K [0x00000000e0000000, 0x00000000f3f00000, 0x0000000100000000)
  eden space 174080K, 0% used [0x00000000e0000000,0x00000000e0000000,0x00000000eaa00000)
  from space 67584K, 38% used [0x00000000efd00000,0x00000000f1641240,0x00000000f3f00000)
  to   space 76288K, 0% used [0x00000000eaa00000,0x00000000eaa00000,0x00000000ef480000)
 ParOldGen       total 272384K, used 132199K [0x00000000a0000000, 0x00000000b0a00000, 0x00000000e0000000)
  object space 272384K, 48% used [0x00000000a0000000,0x00000000a8119cc0,0x00000000b0a00000)
 Metaspace       used 56208K, capacity 57177K, committed 57728K, reserved 1099776K
  class space    used 6704K, capacity 6939K, committed 7040K, reserved 1048576K
}
Event: 25.806 GC heap before
{Heap before GC invocations=21 (full 4):
 PSYoungGen      total 241664K, used 199940K [0x00000000e0000000, 0x00000000f3f00000, 0x0000000100000000)
  eden space 174080K, 100% used [0x00000000e0000000,0x00000000eaa00000,0x00000000eaa00000)
  from space 67584K, 38% used [0x00000000efd00000,0x00000000f1641240,0x00000000f3f00000)
  to   space 76288K, 0% used [0x00000000eaa00000,0x00000000eaa00000,0x00000000ef480000)
 ParOldGen       total 272384K, used 132199K [0x00000000a0000000, 0x00000000b0a00000, 0x00000000e0000000)
  object space 272384K, 48% used [0x00000000a0000000,0x00000000a8119cc0,0x00000000b0a00000)
 Metaspace       used 57031K, capacity 58103K, committed 58240K, reserved 1099776K
  class space    used 6751K, capacity 7006K, committed 7040K, reserved 1048576K

Deoptimization events (10 events):
Event: 23.724 Thread 0x000000001b12a800 Uncommon trap: reason=unstable_if action=reinterpret pc=0x0000000003639f08 method=org.jetbrains.kotlin.com.intellij.lang.impl.PsiBuilderImpl.processDone(Lorg/jetbrains/kotlin/com/intellij/lang/impl/PsiBuilderImpl$StartMarker;Ljava/lang/String;Lorg/jetbrai
Event: 23.725 Thread 0x000000001b12a800 Uncommon trap: reason=unstable_if action=reinterpret pc=0x000000000436f0b8 method=org.jetbrains.kotlin.gnu.trove.TIntObjectHashMap.isFull([Ljava/lang/Object;I)Z @ 12
Event: 23.781 Thread 0x000000001b12a800 Uncommon trap: reason=unstable_if action=reinterpret pc=0x0000000004d038a8 method=org.jetbrains.kotlin.com.intellij.lang.impl.PsiBuilderImpl.balanceWhiteSpaces()V @ 255
Event: 25.227 Thread 0x000000001862e800 Uncommon trap: reason=unstable_if action=reinterpret pc=0x0000000004739750 method=java.io.File.getName()Ljava/lang/String; @ 16
Event: 25.379 Thread 0x000000001862e800 Uncommon trap: reason=unstable_if action=reinterpret pc=0x0000000003987edc method=java.util.LinkedHashMap.afterNodeInsertion(Z)V @ 18
Event: 25.379 Thread 0x000000001862e800 Uncommon trap: reason=bimorphic action=maybe_recompile pc=0x0000000004bb9a24 method=java.util.HashMap.removeNode(ILjava/lang/Object;Ljava/lang/Object;ZZ)Ljava/util/HashMap$Node; @ 283
Event: 25.381 Thread 0x000000001862e800 Uncommon trap: reason=bimorphic action=maybe_recompile pc=0x0000000004bb9a24 method=java.util.HashMap.removeNode(ILjava/lang/Object;Ljava/lang/Object;ZZ)Ljava/util/HashMap$Node; @ 283
Event: 25.382 Thread 0x000000001862e800 Uncommon trap: reason=bimorphic action=maybe_recompile pc=0x0000000004bb9a24 method=java.util.HashMap.removeNode(ILjava/lang/Object;Ljava/lang/Object;ZZ)Ljava/util/HashMap$Node; @ 283
Event: 25.383 Thread 0x000000001862e800 Uncommon trap: reason=bimorphic action=maybe_recompile pc=0x0000000004bb9a24 method=java.util.HashMap.removeNode(ILjava/lang/Object;Ljava/lang/Object;ZZ)Ljava/util/HashMap$Node; @ 283
Event: 25.468 Thread 0x000000001862e800 Uncommon trap: reason=unstable_if action=reinterpret pc=0x0000000004469380 method=java.util.ArrayList.indexOf(Ljava/lang/Object;)I @ 1

Classes redefined (0 events):
No events

Internal exceptions (10 events):
Event: 10.995 Thread 0x0000000018ce7000 Exception <a 'java/lang/reflect/InvocationTargetException'> (0x00000000e333c160) thrown at [D:\src\AOSP-openjdk-cygwin\jdk8u\hotspot\src\share\vm\runtime\reflection.cpp, line 1092]
Event: 11.243 Thread 0x0000000018ce7000 Exception <a 'sun/nio/fs/WindowsException'> (0x00000000e33e1390) thrown at [D:\src\AOSP-openjdk-cygwin\jdk8u\hotspot\src\share\vm\prims\jni.cpp, line 709]
Event: 11.243 Thread 0x0000000018ce7000 Exception <a 'java/lang/reflect/InvocationTargetException'> (0x00000000e33e1f88) thrown at [D:\src\AOSP-openjdk-cygwin\jdk8u\hotspot\src\share\vm\runtime\reflection.cpp, line 1092]
Event: 11.316 Thread 0x0000000018ce7000 Exception <a 'sun/nio/fs/WindowsException'> (0x00000000e3416b90) thrown at [D:\src\AOSP-openjdk-cygwin\jdk8u\hotspot\src\share\vm\prims\jni.cpp, line 709]
Event: 11.316 Thread 0x0000000018ce7000 Exception <a 'java/lang/reflect/InvocationTargetException'> (0x00000000e3417788) thrown at [D:\src\AOSP-openjdk-cygwin\jdk8u\hotspot\src\share\vm\runtime\reflection.cpp, line 1092]
Event: 11.375 Thread 0x0000000018ce7000 Exception <a 'java/lang/NoSuchMethodError': <clinit>> (0x00000000e35ab788) thrown at [D:\src\AOSP-openjdk-cygwin\jdk8u\hotspot\src\share\vm\prims\jni.cpp, line 1613]
Event: 12.564 Thread 0x000000001ae03800 Exception <a 'java/lang/InterruptedException'> (0x00000000e385b210) thrown at [D:\src\AOSP-openjdk-cygwin\jdk8u\hotspot\src\share\vm\runtime\objectMonitor.cpp, line 1684]
Event: 19.163 Thread 0x000000001b12a800 Implicit null exception at 0x0000000004a7d5f1 to 0x0000000004a7da6d
Event: 24.732 Thread 0x000000001eb6b800 Exception <a 'java/lang/InterruptedException'> (0x00000000e7b5aab8) thrown at [D:\src\AOSP-openjdk-cygwin\jdk8u\hotspot\src\share\vm\runtime\objectMonitor.cpp, line 1684]
Event: 25.468 Thread 0x000000001862e800 Implicit null exception at 0x00000000044690d4 to 0x0000000004469376

Events (10 events):
Event: 25.583 Executing VM operation: ForceSafepoint done
Event: 25.597 Thread 0x000000001862e800 DEOPT PACKING pc=0x0000000004d4b7b5 sp=0x0000000020d1b010
Event: 25.597 Thread 0x000000001862e800 DEOPT UNPACKING pc=0x00000000032175d0 sp=0x0000000020d1ae10 mode 0
Event: 25.618 Thread 0x000000001862e800 DEOPT PACKING pc=0x0000000004d4b7b5 sp=0x0000000020d1b010
Event: 25.618 Thread 0x000000001862e800 DEOPT UNPACKING pc=0x00000000032175d0 sp=0x0000000020d1ae10 mode 0
Event: 25.646 Thread 0x000000001862e800 DEOPT PACKING pc=0x0000000004d4b7b5 sp=0x0000000020d1b010
Event: 25.646 Thread 0x000000001862e800 DEOPT UNPACKING pc=0x00000000032175d0 sp=0x0000000020d1ae10 mode 0
Event: 25.660 Thread 0x000000001862e800 DEOPT PACKING pc=0x0000000004d4b7b5 sp=0x0000000020d1b010
Event: 25.660 Thread 0x000000001862e800 DEOPT UNPACKING pc=0x00000000032175d0 sp=0x0000000020d1ae10 mode 0
Event: 25.805 Executing VM operation: ParallelGCFailedAllocation


Dynamic libraries:
0x00007ff7b1aa0000 - 0x00007ff7b1ad1000 	C:\Program Files\Android\Android Studio\jre\jre\bin\java.exe
0x00007ff9c2d90000 - 0x00007ff9c2f71000 	C:\WINDOWS\SYSTEM32\ntdll.dll
0x00007ff9c2250000 - 0x00007ff9c2302000 	C:\WINDOWS\System32\KERNEL32.DLL
0x00007ff9bf160000 - 0x00007ff9bf3d3000 	C:\WINDOWS\System32\KERNELBASE.dll
0x00007ff9c1960000 - 0x00007ff9c1a01000 	C:\WINDOWS\System32\ADVAPI32.dll
0x00007ff9c2940000 - 0x00007ff9c29de000 	C:\WINDOWS\System32\msvcrt.dll
0x00007ff9c29f0000 - 0x00007ff9c2a4b000 	C:\WINDOWS\System32\sechost.dll
0x00007ff9c17d0000 - 0x00007ff9c18f4000 	C:\WINDOWS\System32\RPCRT4.dll
0x00007ff9c2bd0000 - 0x00007ff9c2d60000 	C:\WINDOWS\System32\USER32.dll
0x00007ff9bf6d0000 - 0x00007ff9bf6f0000 	C:\WINDOWS\System32\win32u.dll
0x00007ff9c1df0000 - 0x00007ff9c1e18000 	C:\WINDOWS\System32\GDI32.dll
0x00007ff9bf530000 - 0x00007ff9bf6c2000 	C:\WINDOWS\System32\gdi32full.dll
0x00007ff9bf490000 - 0x00007ff9bf52f000 	C:\WINDOWS\System32\msvcp_win.dll
0x00007ff9bff30000 - 0x00007ff9c002a000 	C:\WINDOWS\System32\ucrtbase.dll
0x00007ff9b2140000 - 0x00007ff9b23a9000 	C:\WINDOWS\WinSxS\amd64_microsoft.windows.common-controls_6595b64144ccf1df_6.0.17134.590_none_fb3d9bff3069e088\COMCTL32.dll
0x00007ff9c1ac0000 - 0x00007ff9c1de2000 	C:\WINDOWS\System32\combase.dll
0x00007ff9bfeb0000 - 0x00007ff9bff2a000 	C:\WINDOWS\System32\bcryptPrimitives.dll
0x00007ff9c1a10000 - 0x00007ff9c1a3d000 	C:\WINDOWS\System32\IMM32.DLL
0x0000000074da0000 - 0x0000000074e72000 	C:\Program Files\Android\Android Studio\jre\jre\bin\msvcr100.dll
0x0000000074e80000 - 0x00000000756c1000 	C:\Program Files\Android\Android Studio\jre\jre\bin\server\jvm.dll
0x00007ff9c29e0000 - 0x00007ff9c29e8000 	C:\WINDOWS\System32\PSAPI.DLL
0x00007ff9bda90000 - 0x00007ff9bda99000 	C:\WINDOWS\SYSTEM32\WSOCK32.dll
0x00007ff9bca80000 - 0x00007ff9bcaa3000 	C:\WINDOWS\SYSTEM32\WINMM.dll
0x00007ff9c1a40000 - 0x00007ff9c1aac000 	C:\WINDOWS\System32\WS2_32.dll
0x00007ff9b42e0000 - 0x00007ff9b42ea000 	C:\WINDOWS\SYSTEM32\VERSION.dll
0x00007ff9bca20000 - 0x00007ff9bca4a000 	C:\WINDOWS\SYSTEM32\winmmbase.dll
0x00007ff9bf6f0000 - 0x00007ff9bf739000 	C:\WINDOWS\System32\cfgmgr32.dll
0x00007ff9bda80000 - 0x00007ff9bda8f000 	C:\Program Files\Android\Android Studio\jre\jre\bin\verify.dll
0x00007ff9bb240000 - 0x00007ff9bb269000 	C:\Program Files\Android\Android Studio\jre\jre\bin\java.dll
0x00007ff9bb220000 - 0x00007ff9bb236000 	C:\Program Files\Android\Android Studio\jre\jre\bin\zip.dll
0x00007ff9c0220000 - 0x00007ff9c1660000 	C:\WINDOWS\System32\SHELL32.dll
0x00007ff9c2040000 - 0x00007ff9c20e9000 	C:\WINDOWS\System32\shcore.dll
0x00007ff9bf740000 - 0x00007ff9bfe4d000 	C:\WINDOWS\System32\windows.storage.dll
0x00007ff9c1680000 - 0x00007ff9c16d1000 	C:\WINDOWS\System32\shlwapi.dll
0x00007ff9bf0c0000 - 0x00007ff9bf0d1000 	C:\WINDOWS\System32\kernel.appcore.dll
0x00007ff9bf0a0000 - 0x00007ff9bf0bf000 	C:\WINDOWS\System32\profapi.dll
0x00007ff9bf0e0000 - 0x00007ff9bf12c000 	C:\WINDOWS\System32\powrprof.dll
0x00007ff9bf130000 - 0x00007ff9bf13a000 	C:\WINDOWS\System32\FLTLIB.DLL
0x00007ff9bda70000 - 0x00007ff9bda7d000 	C:\Program Files\Android\Android Studio\jre\jre\bin\management.dll
0x00007ff9b7b40000 - 0x00007ff9b7b5a000 	C:\Program Files\Android\Android Studio\jre\jre\bin\net.dll
0x00007ff9be560000 - 0x00007ff9be5c6000 	C:\WINDOWS\system32\mswsock.dll
0x00007ff9b4490000 - 0x00007ff9b44a1000 	C:\Program Files\Android\Android Studio\jre\jre\bin\nio.dll
0x00007ff9bedc0000 - 0x00007ff9bedd7000 	C:\WINDOWS\SYSTEM32\CRYPTSP.dll
0x00007ff9be140000 - 0x00007ff9be173000 	C:\WINDOWS\system32\rsaenh.dll
0x00007ff9be9c0000 - 0x00007ff9be9e5000 	C:\WINDOWS\SYSTEM32\bcrypt.dll
0x00007ff9befa0000 - 0x00007ff9befc8000 	C:\WINDOWS\SYSTEM32\USERENV.dll
0x00007ff9be710000 - 0x00007ff9be71b000 	C:\WINDOWS\SYSTEM32\CRYPTBASE.dll
0x00007ff9be2e0000 - 0x00007ff9be318000 	C:\WINDOWS\SYSTEM32\IPHLPAPI.DLL
0x00007ff9c1ab0000 - 0x00007ff9c1ab8000 	C:\WINDOWS\System32\NSI.dll
0x00007ff9b82d0000 - 0x00007ff9b82e6000 	C:\WINDOWS\SYSTEM32\dhcpcsvc6.DLL
0x00007ff9b82b0000 - 0x00007ff9b82ca000 	C:\WINDOWS\SYSTEM32\dhcpcsvc.DLL
0x00007ff9bebf0000 - 0x00007ff9bedb9000 	C:\WINDOWS\SYSTEM32\dbghelp.dll

VM Arguments:
jvm_args: -Djava.awt.headless=true -Djava.rmi.server.hostname=127.0.0.1 -Xmx1536m -Dkotlin.environment.keepalive 
java_command: org.jetbrains.kotlin.daemon.KotlinCompileDaemon --daemon-runFilesPath C:\Users\Developer\AppData\Local\kotlin\daemon --daemon-autoshutdownIdleSeconds=7200 --daemon-compilerClasspath C:\Users\Developer\.gradle\caches\modules-2\files-2.1\org.jetbrains.kotlin\kotlin-compiler-embeddable\1.2.30\9b3f10d4717b9ac238b287e9b6eb2b4eadd8e870\kotlin-compiler-embeddable-1.2.30.jar;C:\Users\Developer\.gradle\caches\modules-2\files-2.1\org.jetbrains.kotlin\kotlin-stdlib\1.2.30\2dfac33f8b4e92c9dd1422cd286834701a6f6d6\kotlin-stdlib-1.2.30.jar;C:\Users\Developer\.gradle\caches\modules-2\files-2.1\org.jetbrains.kotlin\kotlin-script-runtime\1.2.30\37ee7531a636e99b639f8b1544cdda27d0ee30b0\kotlin-script-runtime-1.2.30.jar;C:\Users\Developer\.gradle\caches\modules-2\files-2.1\org.jetbrains.kotlin\kotlin-reflect\1.2.30\9758025a415ee400e1f90ff222bcfec247779133\kotlin-reflect-1.2.30.jar;C:\Program Files\Android\Android Studio\jre\lib\tools.jar
java_class_path (initial): C:\Users\Developer\.gradle\caches\modules-2\files-2.1\org.jetbrains.kotlin\kotlin-compiler-embeddable\1.2.30\9b3f10d4717b9ac238b287e9b6eb2b4eadd8e870\kotlin-compiler-embeddable-1.2.30.jar;C:\Users\Developer\.gradle\caches\modules-2\files-2.1\org.jetbrains.kotlin\kotlin-stdlib\1.2.30\2dfac33f8b4e92c9dd1422cd286834701a6f6d6\kotlin-stdlib-1.2.30.jar;C:\Users\Developer\.gradle\caches\modules-2\files-2.1\org.jetbrains.kotlin\kotlin-script-runtime\1.2.30\37ee7531a636e99b639f8b1544cdda27d0ee30b0\kotlin-script-runtime-1.2.30.jar;C:\Users\Developer\.gradle\caches\modules-2\files-2.1\org.jetbrains.kotlin\kotlin-reflect\1.2.30\9758025a415ee400e1f90ff222bcfec247779133\kotlin-reflect-1.2.30.jar;C:\Program Files\Android\Android Studio\jre\lib\tools.jar
Launcher Type: SUN_STANDARD

Environment Variables:
PATH=C:\WINDOWS\system32;C:\WINDOWS;C:\WINDOWS\System32\Wbem;C:\WINDOWS\System32\WindowsPowerShell\v1.0\;F:\Git\cmd;C:\WINDOWS\System32\OpenSSH\;C:\Users\Developer\AppData\Local\Programs\Python\Python37-32\Scripts\;C:\Users\Developer\AppData\Local\Programs\Python\Python37-32\;C:\Users\Developer\AppData\Local\Microsoft\WindowsApps;
USERNAME=Developer
OS=Windows_NT
PROCESSOR_IDENTIFIER=Intel64 Family 6 Model 42 Stepping 7, GenuineIntel



---------------  S Y S T E M  ---------------

OS: Windows 10.0 , 64 bit Build 17134 (10.0.17134.556)

CPU:total 4 (initial active 4) (2 cores per cpu, 2 threads per core) family 6 model 42 stepping 7, cmov, cx8, fxsr, mmx, sse, sse2, sse3, ssse3, sse4.1, sse4.2, popcnt, avx, clmul, ht, tsc, tscinvbit

Memory: 4k page, physical 8280124k(981244k free), swap 10246204k(1427888k free)

vm_info: OpenJDK 64-Bit Server VM (25.152-b01) for windows-amd64 JRE (1.8.0_152-release-1248-b01), built by "builder" with MS VC++ 10.0 (VS2010)

time: Tue Mar 05 11:31:26 2019
elapsed time: 25 seconds (0d 0h 0m 25s)

