#
# A fatal error has been detected by the Java Runtime Environment:
#
#  EXCEPTION_ACCESS_VIOLATION (0xc0000005) at pc=0x000000005594befd, pid=1932, tid=0x0000000000000470
#
# JRE version: OpenJDK Runtime Environment (8.0_152-b01) (build 1.8.0_152-release-1248-b01)
# Java VM: OpenJDK 64-Bit Server VM (25.152-b01 mixed mode windows-amd64 compressed oops)
# Problematic frame:
# V  [jvm.dll+0x10befd]
#
# Failed to write core dump. Minidumps are not enabled by default on client versions of Windows
#
# If you would like to submit a bug report, please visit:
#   http://bugreport.java.com/bugreport/crash.jsp
#

---------------  T H R E A D  ---------------

Current thread (0x00000000163c5800):  VMThread [stack: 0x0000000017470000,0x0000000017570000] [id=1136]

siginfo: ExceptionCode=0xc0000005, reading address 0x00000000000000fc

Registers:
RAX=0x0000000019da93b0, RBX=0x0000000000000006, RCX=0x0000000000000004, RDX=0x0000000055fc83a0
RSP=0x000000001756f420, RBP=0x0000000000000000, RSI=0x0000000000000004, RDI=0x0000000000000030
R8 =0x0000000000000026, R9 =0x000000001aedbbe0, R10=0x00000000000001fe, R11=0x000000001756f448
R12=0x0000000055fc83a0, R13=0x0000000000000000, R14=0x0000000055e0c600, R15=0x0000000055fc8310
RIP=0x000000005594befd, EFLAGS=0x0000000000010246

Top of Stack: (sp=0x000000001756f420)
0x000000001756f420:   0000000000000000 0000000000000001
0x000000001756f430:   00000001001c2de8 0000000055fc83a0
0x000000001756f440:   0000000000000001 00000000559224f6
0x000000001756f450:   0000000000000003 0000000000000030
0x000000001756f460:   0000000055fc83a0 00000001001c2688
0x000000001756f470:   00000001001c2688 0000000055927c50
0x000000001756f480:   00000001001c2688 0000000055fc83a0
0x000000001756f490:   000000001756f520 0000000006e4e320
0x000000001756f4a0:   0000000055fc83a0 0000000055940f7c
0x000000001756f4b0:   00000001001c24b0 0000000000000004
0x000000001756f4c0:   0000000000000005 0000000055882f5d
0x000000001756f4d0:   0000000055e0c600 00000000000001fe
0x000000001756f4e0:   ffffffffffffff00 0000000000000004
0x000000001756f4f0:   00000000000001e2 0000000000000000
0x000000001756f500:   0000000000000000 000000001aedbbe0
0x000000001756f510:   0000000000000000 0000000002981940 

Instructions: (pc=0x000000005594befd)
0x000000005594bedd:   cc cc cc 48 89 6c 24 18 48 89 74 24 20 41 54 48
0x000000005594beed:   83 ec 20 33 ed 48 89 7c 24 38 4c 8b e2 48 8b f1
0x000000005594befd:   39 a9 f8 00 00 00 7f 04 8b fd eb 0f 48 81 c1 00
0x000000005594bf0d:   01 00 00 e8 db e7 ff ff 48 8b f8 48 89 5c 24 30 


Register to memory mapping:

RAX={method} {0x0000000019da93b8} 'getFeature' '(Ljava/lang/String;)Z' in 'org/xml/sax/XMLReader'
RBX=0x0000000000000006 is an unknown value
RCX=0x0000000000000004 is an unknown value
RDX=0x0000000055fc83a0 is an unknown value
RSP=0x000000001756f420 is an unknown value
RBP=0x0000000000000000 is an unknown value
RSI=0x0000000000000004 is an unknown value
RDI=0x0000000000000030 is an unknown value
R8 =0x0000000000000026 is an unknown value
R9 =0x000000001aedbbe0 is an unknown value
R10=0x00000000000001fe is an unknown value
R11=0x000000001756f448 is an unknown value
R12=0x0000000055fc83a0 is an unknown value
R13=0x0000000000000000 is an unknown value
R14=0x0000000055e0c600 is an unknown value
R15=0x0000000055fc8310 is an unknown value


Stack: [0x0000000017470000,0x0000000017570000],  sp=0x000000001756f420,  free space=1021k
Native frames: (J=compiled Java code, j=interpreted, Vv=VM code, C=native code)

VM_Operation (0x000000002502b290): ParallelGCFailedAllocation, mode: safepoint, requested by thread 0x000000001e44c800


---------------  P R O C E S S  ---------------

Java Threads: ( => current thread )
  0x000000001e44e000 JavaThread "RMI RenewClean-[127.0.0.1:50752,org.jetbrains.kotlin.daemon.common.LoopbackNetworkInterface$ClientLoopbackSocketFactory@5463cd55]" daemon [_thread_blocked, id=1696, stack(0x0000000025030000,0x0000000025130000)]
  0x000000001e44c800 JavaThread "RMI TCP Connection(37)-127.0.0.1" daemon [_thread_blocked, id=4020, stack(0x0000000024f30000,0x0000000025030000)]
  0x000000001e44b000 JavaThread "RMI RenewClean-[127.0.0.1:50752,org.jetbrains.kotlin.daemon.common.LoopbackNetworkInterface$ClientLoopbackSocketFactory@105b5d96]" daemon [_thread_blocked, id=6500, stack(0x0000000024e30000,0x0000000024f30000)]
  0x000000001e44f800 JavaThread "RMI TCP Connection(36)-127.0.0.1" daemon [_thread_in_native, id=7756, stack(0x0000000024d30000,0x0000000024e30000)]
  0x000000001e44d800 JavaThread "RMI TCP Connection(35)-127.0.0.1" daemon [_thread_in_native, id=8248, stack(0x0000000024c30000,0x0000000024d30000)]
  0x000000001e44c000 JavaThread "RMI RenewClean-[127.0.0.1:50752,org.jetbrains.kotlin.daemon.common.LoopbackNetworkInterface$ClientLoopbackSocketFactory@664cf310]" daemon [_thread_blocked, id=10464, stack(0x0000000024b30000,0x0000000024c30000)]
  0x000000001e44a800 JavaThread "RMI RenewClean-[127.0.0.1:50752,org.jetbrains.kotlin.daemon.common.LoopbackNetworkInterface$ClientLoopbackSocketFactory@6b0a027c]" daemon [_thread_blocked, id=2428, stack(0x0000000024930000,0x0000000024a30000)]
  0x00000000185b5000 JavaThread "RMI Scheduler(0)" daemon [_thread_blocked, id=6652, stack(0x00000000197e0000,0x00000000198e0000)]
  0x000000000298e800 JavaThread "DestroyJavaVM" [_thread_blocked, id=8868, stack(0x00000000027e0000,0x00000000028e0000)]
  0x0000000018582000 JavaThread "GC Daemon" daemon [_thread_blocked, id=4080, stack(0x00000000192a0000,0x00000000193a0000)]
  0x0000000018577000 JavaThread "RMI Reaper" [_thread_blocked, id=8400, stack(0x00000000191a0000,0x00000000192a0000)]
  0x00000000184fe000 JavaThread "Timer-0" daemon [_thread_blocked, id=4408, stack(0x0000000018fa0000,0x00000000190a0000)]
  0x0000000018138800 JavaThread "RMI TCP Accept-17549" daemon [_thread_in_native, id=1556, stack(0x0000000018ea0000,0x0000000018fa0000)]
  0x0000000017d90800 JavaThread "Service Thread" daemon [_thread_blocked, id=2592, stack(0x0000000018160000,0x0000000018260000)]
  0x0000000016403800 JavaThread "C1 CompilerThread2" daemon [_thread_blocked, id=1320, stack(0x0000000017c60000,0x0000000017d60000)]
  0x00000000163fd800 JavaThread "C2 CompilerThread1" daemon [_thread_blocked, id=6984, stack(0x0000000017b60000,0x0000000017c60000)]
  0x0000000016409800 JavaThread "C2 CompilerThread0" daemon [_thread_blocked, id=7288, stack(0x0000000017a60000,0x0000000017b60000)]
  0x0000000016408800 JavaThread "Attach Listener" daemon [_thread_blocked, id=9060, stack(0x0000000017960000,0x0000000017a60000)]
  0x0000000016407800 JavaThread "Signal Dispatcher" daemon [_thread_blocked, id=10928, stack(0x0000000017860000,0x0000000017960000)]
  0x0000000002a8e000 JavaThread "Finalizer" daemon [_thread_blocked, id=4172, stack(0x0000000017670000,0x0000000017770000)]
  0x0000000002a83000 JavaThread "Reference Handler" daemon [_thread_blocked, id=5732, stack(0x0000000017570000,0x0000000017670000)]

Other Threads:
=>0x00000000163c5800 VMThread [stack: 0x0000000017470000,0x0000000017570000] [id=1136]
  0x0000000017da1000 WatcherThread [stack: 0x0000000018260000,0x0000000018360000] [id=572]

VM state:at safepoint (normal execution)

VM Mutex/Monitor currently owned by a thread:  ([mutex/lock_event])
[0x000000000298d260] Threads_lock - owner thread: 0x00000000163c5800
[0x000000000298d760] Heap_lock - owner thread: 0x000000001e44c800

Heap:
 PSYoungGen      total 365568K, used 41350K [0x00000000e0000000, 0x00000000ff200000, 0x0000000100000000)
  eden space 237568K, 0% used [0x00000000e0000000,0x00000000e0000000,0x00000000ee800000)
  from space 128000K, 32% used [0x00000000f7500000,0x00000000f9d61a18,0x00000000ff200000)
  to   space 136192K, 0% used [0x00000000ee800000,0x00000000ee800000,0x00000000f6d00000)
 ParOldGen       total 380416K, used 298653K [0x00000000a0000000, 0x00000000b7380000, 0x00000000e0000000)
  object space 380416K, 78% used [0x00000000a0000000,0x00000000b23a77a8,0x00000000b7380000)
 Metaspace       used 74112K, capacity 76291K, committed 82072K, reserved 1122304K
  class space    used 8146K, capacity 8611K, committed 9392K, reserved 1048576K

Card table byte_map: [0x0000000011e50000,0x0000000012160000] byte_map_base: 0x0000000011950000

Marking Bits: (ParMarkBitMap*) 0x0000000056005aa0
 Begin Bits: [0x0000000012760000, 0x0000000013f60000)
 End Bits:   [0x0000000013f60000, 0x0000000015760000)

Polling page: 0x0000000002720000

CodeCache: size=245760Kb used=65796Kb max_used=68937Kb free=179963Kb
 bounds [0x0000000002a90000, 0x0000000006e70000, 0x0000000011a90000]
 total_blobs=18282 nmethods=17720 adapters=471
 compilation: enabled

Compilation events (10 events):
Event: 2678.405 Thread 0x0000000016403800 24426       3       com.sun.tools.javac.jvm.ClassReader$7::read (14 bytes)
Event: 2678.405 Thread 0x0000000016403800 nmethod 24426 0x0000000003080350 code [0x00000000030804c0, 0x0000000003080748]
Event: 2678.406 Thread 0x0000000016403800 24427       3       com.sun.tools.javac.jvm.ClassReader::readInnerClasses (183 bytes)
Event: 2678.406 Thread 0x00000000163fd800 24428   !   4       java.io.RandomAccessFile::close (62 bytes)
Event: 2678.407 Thread 0x0000000016403800 nmethod 24427 0x000000000525a250 code [0x000000000525a500, 0x000000000525b678]
Event: 2678.413 Thread 0x00000000163fd800 nmethod 24428 0x00000000047ed390 code [0x00000000047ed500, 0x00000000047edf98]
Event: 2678.550 Thread 0x0000000016403800 24429       3       com.sun.tools.javac.tree.JCTree$JCTypeParameter::accept (6 bytes)
Event: 2678.550 Thread 0x0000000016403800 nmethod 24429 0x000000000497e090 code [0x000000000497e200, 0x000000000497e428]
Event: 2678.570 Thread 0x0000000016403800 24430       3       com.sun.tools.javac.comp.Check$1SpecialTreeVisitor::visitVarDef (45 bytes)
Event: 2678.570 Thread 0x0000000016403800 nmethod 24430 0x00000000048574d0 code [0x0000000004857640, 0x0000000004857a50]

GC Heap History (10 events):
Event: 2573.569 GC heap after
Heap after GC invocations=48 (full 8):
 PSYoungGen      total 335872K, used 61204K [0x00000000e0000000, 0x00000000fea00000, 0x0000000100000000)
  eden space 196608K, 0% used [0x00000000e0000000,0x00000000e0000000,0x00000000ec000000)
  from space 139264K, 43% used [0x00000000f6200000,0x00000000f9dc53a0,0x00000000fea00000)
  to   space 152576K, 0% used [0x00000000ec000000,0x00000000ec000000,0x00000000f5500000)
 ParOldGen       total 380416K, used 139882K [0x00000000a0000000, 0x00000000b7380000, 0x00000000e0000000)
  object space 380416K, 36% used [0x00000000a0000000,0x00000000a889abb8,0x00000000b7380000)
 Metaspace       used 72100K, capacity 73985K, committed 82072K, reserved 1122304K
  class space    used 7925K, capacity 8331K, committed 9392K, reserved 1048576K
}
Event: 2574.941 GC heap before
{Heap before GC invocations=49 (full 8):
 PSYoungGen      total 335872K, used 257812K [0x00000000e0000000, 0x00000000fea00000, 0x0000000100000000)
  eden space 196608K, 100% used [0x00000000e0000000,0x00000000ec000000,0x00000000ec000000)
  from space 139264K, 43% used [0x00000000f6200000,0x00000000f9dc53a0,0x00000000fea00000)
  to   space 152576K, 0% used [0x00000000ec000000,0x00000000ec000000,0x00000000f5500000)
 ParOldGen       total 380416K, used 139882K [0x00000000a0000000, 0x00000000b7380000, 0x00000000e0000000)
  object space 380416K, 36% used [0x00000000a0000000,0x00000000a889abb8,0x00000000b7380000)
 Metaspace       used 72474K, capacity 74379K, committed 82072K, reserved 1122304K
  class space    used 7964K, capacity 8374K, committed 9392K, reserved 1048576K
Event: 2575.039 GC heap after
Heap after GC invocations=49 (full 8):
 PSYoungGen      total 349184K, used 37206K [0x00000000e0000000, 0x0000000100000000, 0x0000000100000000)
  eden space 196608K, 0% used [0x00000000e0000000,0x00000000e0000000,0x00000000ec000000)
  from space 152576K, 24% used [0x00000000ec000000,0x00000000ee455850,0x00000000f5500000)
  to   space 148480K, 0% used [0x00000000f6f00000,0x00000000f6f00000,0x0000000100000000)
 ParOldGen       total 380416K, used 200783K [0x00000000a0000000, 0x00000000b7380000, 0x00000000e0000000)
  object space 380416K, 52% used [0x00000000a0000000,0x00000000ac413ee8,0x00000000b7380000)
 Metaspace       used 72474K, capacity 74379K, committed 82072K, reserved 1122304K
  class space    used 7964K, capacity 8374K, committed 9392K, reserved 1048576K
}
Event: 2676.358 GC heap before
{Heap before GC invocations=50 (full 8):
 PSYoungGen      total 349184K, used 233814K [0x00000000e0000000, 0x0000000100000000, 0x0000000100000000)
  eden space 196608K, 100% used [0x00000000e0000000,0x00000000ec000000,0x00000000ec000000)
  from space 152576K, 24% used [0x00000000ec000000,0x00000000ee455850,0x00000000f5500000)
  to   space 148480K, 0% used [0x00000000f6f00000,0x00000000f6f00000,0x0000000100000000)
 ParOldGen       total 380416K, used 200783K [0x00000000a0000000, 0x00000000b7380000, 0x00000000e0000000)
  object space 380416K, 52% used [0x00000000a0000000,0x00000000ac413ee8,0x00000000b7380000)
 Metaspace       used 73015K, capacity 74931K, committed 82072K, reserved 1122304K
  class space    used 8024K, capacity 8448K, committed 9392K, reserved 1048576K
Event: 2676.395 GC heap after
Heap after GC invocations=50 (full 8):
 PSYoungGen      total 361472K, used 29546K [0x00000000e0000000, 0x00000000ff600000, 0x0000000100000000)
  eden space 223232K, 0% used [0x00000000e0000000,0x00000000e0000000,0x00000000eda00000)
  from space 138240K, 21% used [0x00000000f6f00000,0x00000000f8bdaa00,0x00000000ff600000)
  to   space 145408K, 0% used [0x00000000eda00000,0x00000000eda00000,0x00000000f6800000)
 ParOldGen       total 380416K, used 213567K [0x00000000a0000000, 0x00000000b7380000, 0x00000000e0000000)
  object space 380416K, 56% used [0x00000000a0000000,0x00000000ad08fcb0,0x00000000b7380000)
 Metaspace       used 73015K, capacity 74931K, committed 82072K, reserved 1122304K
  class space    used 8024K, capacity 8448K, committed 9392K, reserved 1048576K
}
Event: 2678.157 GC heap before
{Heap before GC invocations=51 (full 8):
 PSYoungGen      total 361472K, used 252778K [0x00000000e0000000, 0x00000000ff600000, 0x0000000100000000)
  eden space 223232K, 100% used [0x00000000e0000000,0x00000000eda00000,0x00000000eda00000)
  from space 138240K, 21% used [0x00000000f6f00000,0x00000000f8bdaa00,0x00000000ff600000)
  to   space 145408K, 0% used [0x00000000eda00000,0x00000000eda00000,0x00000000f6800000)
 ParOldGen       total 380416K, used 213567K [0x00000000a0000000, 0x00000000b7380000, 0x00000000e0000000)
  object space 380416K, 56% used [0x00000000a0000000,0x00000000ad08fcb0,0x00000000b7380000)
 Metaspace       used 74100K, capacity 76289K, committed 82072K, reserved 1122304K
  class space    used 8144K, capacity 8609K, committed 9392K, reserved 1048576K
Event: 2678.230 GC heap after
Heap after GC invocations=51 (full 8):
 PSYoungGen      total 368640K, used 71443K [0x00000000e0000000, 0x00000000fff00000, 0x0000000100000000)
  eden space 223232K, 0% used [0x00000000e0000000,0x00000000e0000000,0x00000000eda00000)
  from space 145408K, 49% used [0x00000000eda00000,0x00000000f1fc4fb8,0x00000000f6800000)
  to   space 141312K, 0% used [0x00000000f7500000,0x00000000f7500000,0x00000000fff00000)
 ParOldGen       total 380416K, used 239309K [0x00000000a0000000, 0x00000000b7380000, 0x00000000e0000000)
  object space 380416K, 62% used [0x00000000a0000000,0x00000000ae9b3690,0x00000000b7380000)
 Metaspace       used 74100K, capacity 76289K, committed 82072K, reserved 1122304K
  class space    used 8144K, capacity 8609K, committed 9392K, reserved 1048576K
}
Event: 2678.597 GC heap before
{Heap before GC invocations=52 (full 8):
 PSYoungGen      total 368640K, used 294675K [0x00000000e0000000, 0x00000000fff00000, 0x0000000100000000)
  eden space 223232K, 100% used [0x00000000e0000000,0x00000000eda00000,0x00000000eda00000)
  from space 145408K, 49% used [0x00000000eda00000,0x00000000f1fc4fb8,0x00000000f6800000)
  to   space 141312K, 0% used [0x00000000f7500000,0x00000000f7500000,0x00000000fff00000)
 ParOldGen       total 380416K, used 239309K [0x00000000a0000000, 0x00000000b7380000, 0x00000000e0000000)
  object space 380416K, 62% used [0x00000000a0000000,0x00000000ae9b3690,0x00000000b7380000)
 Metaspace       used 74112K, capacity 76291K, committed 82072K, reserved 1122304K
  class space    used 8146K, capacity 8611K, committed 9392K, reserved 1048576K
Event: 2678.679 GC heap after
Heap after GC invocations=52 (full 8):
 PSYoungGen      total 365568K, used 41350K [0x00000000e0000000, 0x00000000ff200000, 0x0000000100000000)
  eden space 237568K, 0% used [0x00000000e0000000,0x00000000e0000000,0x00000000ee800000)
  from space 128000K, 32% used [0x00000000f7500000,0x00000000f9d61a18,0x00000000ff200000)
  to   space 136192K, 0% used [0x00000000ee800000,0x00000000ee800000,0x00000000f6d00000)
 ParOldGen       total 380416K, used 298653K [0x00000000a0000000, 0x00000000b7380000, 0x00000000e0000000)
  object space 380416K, 78% used [0x00000000a0000000,0x00000000b23a77a8,0x00000000b7380000)
 Metaspace       used 74112K, capacity 76291K, committed 82072K, reserved 1122304K
  class space    used 8146K, capacity 8611K, committed 9392K, reserved 1048576K
}
Event: 2678.679 GC heap before
{Heap before GC invocations=53 (full 9):
 PSYoungGen      total 365568K, used 41350K [0x00000000e0000000, 0x00000000ff200000, 0x0000000100000000)
  eden space 237568K, 0% used [0x00000000e0000000,0x00000000e0000000,0x00000000ee800000)
  from space 128000K, 32% used [0x00000000f7500000,0x00000000f9d61a18,0x00000000ff200000)
  to   space 136192K, 0% used [0x00000000ee800000,0x00000000ee800000,0x00000000f6d00000)
 ParOldGen       total 380416K, used 298653K [0x00000000a0000000, 0x00000000b7380000, 0x00000000e0000000)
  object space 380416K, 78% used [0x00000000a0000000,0x00000000b23a77a8,0x00000000b7380000)
 Metaspace       used 74112K, capacity 76291K, committed 82072K, reserved 1122304K
  class space    used 8146K, capacity 8611K, committed 9392K, reserved 1048576K

Deoptimization events (10 events):
Event: 2574.779 Thread 0x000000001e449000 Uncommon trap: reason=class_check action=maybe_recompile pc=0x000000000541c2a4 method=org.jetbrains.kotlin.load.java.lazy.descriptors.LazyJavaScope.resolveMethodToFunctionDescriptor(Lorg/jetbrains/kotlin/load/java/structure/JavaMethod;)Lorg/jetbrains/kotl
Event: 2575.165 Thread 0x000000001e449000 Uncommon trap: reason=class_check action=maybe_recompile pc=0x0000000006dd78d0 method=org.jetbrains.kotlin.load.java.lazy.descriptors.LazyJavaScope.resolveMethodToFunctionDescriptor(Lorg/jetbrains/kotlin/load/java/structure/JavaMethod;)Lorg/jetbrains/kotl
Event: 2575.319 Thread 0x000000001e449000 Uncommon trap: reason=class_check action=maybe_recompile pc=0x0000000006a2c228 method=org.jetbrains.kotlin.resolve.calls.tower.MemberScopeTowerLevel.collectMembers(Lkotlin/jvm/functions/Function2;)Ljava/util/Collection; @ 315
Event: 2575.332 Thread 0x000000001e449000 Uncommon trap: reason=class_check action=maybe_recompile pc=0x0000000006a2c228 method=org.jetbrains.kotlin.resolve.calls.tower.MemberScopeTowerLevel.collectMembers(Lkotlin/jvm/functions/Function2;)Ljava/util/Collection; @ 315
Event: 2575.658 Thread 0x000000001e449000 Uncommon trap: reason=class_check action=maybe_recompile pc=0x0000000006dd78d0 method=org.jetbrains.kotlin.load.java.lazy.descriptors.LazyJavaScope.resolveMethodToFunctionDescriptor(Lorg/jetbrains/kotlin/load/java/structure/JavaMethod;)Lorg/jetbrains/kotl
Event: 2575.681 Thread 0x000000001e449000 Uncommon trap: reason=array_check action=maybe_recompile pc=0x00000000059559d0 method=java.util.ComparableTimSort.binarySort([Ljava/lang/Object;III)V @ 193
Event: 2676.244 Thread 0x000000001e44f800 Uncommon trap: reason=unstable_if action=reinterpret pc=0x000000000396fef8 method=java.lang.String$CaseInsensitiveComparator.compare(Ljava/lang/String;Ljava/lang/String;)I @ 70
Event: 2676.504 Thread 0x000000001e44f800 Uncommon trap: reason=class_check action=maybe_recompile pc=0x000000000383fa78 method=sun.misc.URLClassPath.getLoader(I)Lsun/misc/URLClassPath$Loader; @ 94
Event: 2676.567 Thread 0x000000001e44f800 Uncommon trap: reason=class_check action=maybe_recompile pc=0x0000000002dd4d5c method=com.sun.tools.javac.tree.TreeScanner.visitReturn(Lcom/sun/tools/javac/tree/JCTree$JCReturn;)V @ 5
Event: 2678.339 Thread 0x000000001e44c800 Uncommon trap: reason=speculate_class_check action=maybe_recompile pc=0x00000000051681f4 method=com.sun.tools.javac.code.Type.hasTag(Lcom/sun/tools/javac/code/TypeTag;)Z @ 2

Classes redefined (0 events):
No events

Internal exceptions (10 events):
Event: 2569.674 Thread 0x000000001e44b000 Exception <a 'java/lang/InterruptedException'> (0x00000000f08ea0e0) thrown at [D:\src\AOSP-openjdk-cygwin\jdk8u\hotspot\src\share\vm\runtime\objectMonitor.cpp, line 1684]
Event: 2569.698 Thread 0x000000001e44f000 Exception <a 'sun/nio/fs/WindowsException'> (0x00000000f0b19b08) thrown at [D:\src\AOSP-openjdk-cygwin\jdk8u\hotspot\src\share\vm\prims\jni.cpp, line 709]
Event: 2571.376 Thread 0x000000001e44a800 Exception <a 'java/lang/InterruptedException'> (0x00000000e69330b8) thrown at [D:\src\AOSP-openjdk-cygwin\jdk8u\hotspot\src\share\vm\runtime\objectMonitor.cpp, line 1684]
Event: 2572.716 Thread 0x000000001e44f800 Implicit null exception at 0x00000000032e46e0 to 0x00000000032e4b31
Event: 2574.332 Thread 0x000000001e44c000 Exception <a 'java/lang/InterruptedException'> (0x00000000e5bc7dd8) thrown at [D:\src\AOSP-openjdk-cygwin\jdk8u\hotspot\src\share\vm\runtime\objectMonitor.cpp, line 1684]
Event: 2574.338 Thread 0x000000001e449000 Exception <a 'sun/nio/fs/WindowsException'> (0x00000000e5b52638) thrown at [D:\src\AOSP-openjdk-cygwin\jdk8u\hotspot\src\share\vm\prims\jni.cpp, line 709]
Event: 2574.775 Thread 0x000000001e449000 Implicit null exception at 0x0000000004b92562 to 0x0000000004b987b5
Event: 2675.844 Thread 0x000000001e44b000 Exception <a 'java/lang/InterruptedException'> (0x00000000e625e5e0) thrown at [D:\src\AOSP-openjdk-cygwin\jdk8u\hotspot\src\share\vm\runtime\objectMonitor.cpp, line 1684]
Event: 2675.852 Thread 0x000000001e44f800 Exception <a 'sun/nio/fs/WindowsException'> (0x00000000e63974f8) thrown at [D:\src\AOSP-openjdk-cygwin\jdk8u\hotspot\src\share\vm\prims\jni.cpp, line 709]
Event: 2677.267 Thread 0x000000001e44e000 Exception <a 'java/lang/InterruptedException'> (0x00000000e1361980) thrown at [D:\src\AOSP-openjdk-cygwin\jdk8u\hotspot\src\share\vm\runtime\objectMonitor.cpp, line 1684]

Events (10 events):
Event: 2678.360 loading class kotlin/Pair
Event: 2678.360 loading class kotlin/Pair done
Event: 2678.368 Thread 0x0000000016409800 flushing nmethod 0x00000000065de5d0
Event: 2678.369 Thread 0x0000000016409800 flushing nmethod 0x0000000006748e10
Event: 2678.370 Thread 0x0000000016409800 flushing nmethod 0x0000000006b425d0
Event: 2678.370 Thread 0x0000000016409800 flushing nmethod 0x0000000006c66810
Event: 2678.371 Thread 0x0000000016409800 flushing nmethod 0x0000000006cbff10
Event: 2678.543 loading class org/jetbrains/kotlin/cli/common/messages/GroupingMessageCollector
Event: 2678.543 loading class org/jetbrains/kotlin/cli/common/messages/GroupingMessageCollector done
Event: 2678.597 Executing VM operation: ParallelGCFailedAllocation


Dynamic libraries:
0x00007ff600a60000 - 0x00007ff600a91000 	C:\Program Files\Android\Android Studio\jre\jre\bin\java.exe
0x00007ffbc1250000 - 0x00007ffbc1431000 	C:\WINDOWS\SYSTEM32\ntdll.dll
0x00007ffbc0b60000 - 0x00007ffbc0c12000 	C:\WINDOWS\System32\KERNEL32.DLL
0x00007ffbbd700000 - 0x00007ffbbd973000 	C:\WINDOWS\System32\KERNELBASE.dll
0x00007ffbc0d40000 - 0x00007ffbc0de1000 	C:\WINDOWS\System32\ADVAPI32.dll
0x00007ffbc0c90000 - 0x00007ffbc0d2e000 	C:\WINDOWS\System32\msvcrt.dll
0x00007ffbbe9f0000 - 0x00007ffbbea4b000 	C:\WINDOWS\System32\sechost.dll
0x00007ffbbe710000 - 0x00007ffbbe834000 	C:\WINDOWS\System32\RPCRT4.dll
0x00007ffbc05a0000 - 0x00007ffbc0730000 	C:\WINDOWS\System32\USER32.dll
0x00007ffbbd980000 - 0x00007ffbbd9a0000 	C:\WINDOWS\System32\win32u.dll
0x00007ffbc0570000 - 0x00007ffbc0598000 	C:\WINDOWS\System32\GDI32.dll
0x00007ffbbe200000 - 0x00007ffbbe392000 	C:\WINDOWS\System32\gdi32full.dll
0x00007ffbbd9a0000 - 0x00007ffbbda3f000 	C:\WINDOWS\System32\msvcp_win.dll
0x00007ffbbe5e0000 - 0x00007ffbbe6da000 	C:\WINDOWS\System32\ucrtbase.dll
0x00007ffbb03f0000 - 0x00007ffbb0659000 	C:\WINDOWS\WinSxS\amd64_microsoft.windows.common-controls_6595b64144ccf1df_6.0.17134.590_none_fb3d9bff3069e088\COMCTL32.dll
0x00007ffbc0df0000 - 0x00007ffbc1112000 	C:\WINDOWS\System32\combase.dll
0x00007ffbbd620000 - 0x00007ffbbd69a000 	C:\WINDOWS\System32\bcryptPrimitives.dll
0x00007ffbbe6e0000 - 0x00007ffbbe70d000 	C:\WINDOWS\System32\IMM32.DLL
0x0000000055760000 - 0x0000000055832000 	C:\Program Files\Android\Android Studio\jre\jre\bin\msvcr100.dll
0x0000000055840000 - 0x0000000056081000 	C:\Program Files\Android\Android Studio\jre\jre\bin\server\jvm.dll
0x00007ffbc0d30000 - 0x00007ffbc0d38000 	C:\WINDOWS\System32\PSAPI.DLL
0x00007ffbaa940000 - 0x00007ffbaa949000 	C:\WINDOWS\SYSTEM32\WSOCK32.dll
0x00007ffbbb750000 - 0x00007ffbbb773000 	C:\WINDOWS\SYSTEM32\WINMM.dll
0x00007ffbb46e0000 - 0x00007ffbb46ea000 	C:\WINDOWS\SYSTEM32\VERSION.dll
0x00007ffbc0c20000 - 0x00007ffbc0c8c000 	C:\WINDOWS\System32\WS2_32.dll
0x00007ffbbb2b0000 - 0x00007ffbbb2da000 	C:\WINDOWS\SYSTEM32\winmmbase.dll
0x00007ffbbe590000 - 0x00007ffbbe5d9000 	C:\WINDOWS\System32\cfgmgr32.dll
0x00007ffbaa830000 - 0x00007ffbaa83f000 	C:\Program Files\Android\Android Studio\jre\jre\bin\verify.dll
0x00007ffba7410000 - 0x00007ffba7439000 	C:\Program Files\Android\Android Studio\jre\jre\bin\java.dll
0x00007ffba70e0000 - 0x00007ffba70f6000 	C:\Program Files\Android\Android Studio\jre\jre\bin\zip.dll
0x00007ffbbeab0000 - 0x00007ffbbfef0000 	C:\WINDOWS\System32\SHELL32.dll
0x00007ffbc0730000 - 0x00007ffbc07d9000 	C:\WINDOWS\System32\shcore.dll
0x00007ffbbda40000 - 0x00007ffbbe14d000 	C:\WINDOWS\System32\windows.storage.dll
0x00007ffbc0b00000 - 0x00007ffbc0b51000 	C:\WINDOWS\System32\shlwapi.dll
0x00007ffbbd5d0000 - 0x00007ffbbd5e1000 	C:\WINDOWS\System32\kernel.appcore.dll
0x00007ffbbd5b0000 - 0x00007ffbbd5cf000 	C:\WINDOWS\System32\profapi.dll
0x00007ffbbd560000 - 0x00007ffbbd5ac000 	C:\WINDOWS\System32\powrprof.dll
0x00007ffbbd610000 - 0x00007ffbbd61a000 	C:\WINDOWS\System32\FLTLIB.DLL
0x00007ffba7090000 - 0x00007ffba709d000 	C:\Program Files\Android\Android Studio\jre\jre\bin\management.dll
0x00007ffba70c0000 - 0x00007ffba70da000 	C:\Program Files\Android\Android Studio\jre\jre\bin\net.dll
0x00007ffbbcd80000 - 0x00007ffbbcde6000 	C:\WINDOWS\system32\mswsock.dll
0x00007ffba70a0000 - 0x00007ffba70b1000 	C:\Program Files\Android\Android Studio\jre\jre\bin\nio.dll
0x00007ffbbcf30000 - 0x00007ffbbcf47000 	C:\WINDOWS\SYSTEM32\CRYPTSP.dll
0x00007ffbbc960000 - 0x00007ffbbc993000 	C:\WINDOWS\system32\rsaenh.dll
0x00007ffbbd0c0000 - 0x00007ffbbd0e5000 	C:\WINDOWS\SYSTEM32\bcrypt.dll
0x00007ffbbd460000 - 0x00007ffbbd488000 	C:\WINDOWS\SYSTEM32\USERENV.dll
0x00007ffbbcf50000 - 0x00007ffbbcf5b000 	C:\WINDOWS\SYSTEM32\CRYPTBASE.dll
0x00007ffbbcb00000 - 0x00007ffbbcb38000 	C:\WINDOWS\SYSTEM32\IPHLPAPI.DLL
0x00007ffbc0110000 - 0x00007ffbc0118000 	C:\WINDOWS\System32\NSI.dll
0x00007ffbb6ff0000 - 0x00007ffbb7006000 	C:\WINDOWS\SYSTEM32\dhcpcsvc6.DLL
0x00007ffbb6fa0000 - 0x00007ffbb6fba000 	C:\WINDOWS\SYSTEM32\dhcpcsvc.DLL
0x00007ffbb2490000 - 0x00007ffbb2659000 	C:\WINDOWS\SYSTEM32\dbghelp.dll

VM Arguments:
jvm_args: -Djava.awt.headless=true -Djava.rmi.server.hostname=127.0.0.1 -Xmx1536m -Dkotlin.environment.keepalive 
java_command: org.jetbrains.kotlin.daemon.KotlinCompileDaemon --daemon-runFilesPath C:\Users\Developer\AppData\Local\kotlin\daemon --daemon-autoshutdownIdleSeconds=7200 --daemon-compilerClasspath C:\Users\Developer\.gradle\caches\modules-2\files-2.1\org.jetbrains.kotlin\kotlin-compiler-embeddable\1.2.30\9b3f10d4717b9ac238b287e9b6eb2b4eadd8e870\kotlin-compiler-embeddable-1.2.30.jar;C:\Users\Developer\.gradle\caches\modules-2\files-2.1\org.jetbrains.kotlin\kotlin-stdlib\1.2.30\2dfac33f8b4e92c9dd1422cd286834701a6f6d6\kotlin-stdlib-1.2.30.jar;C:\Users\Developer\.gradle\caches\modules-2\files-2.1\org.jetbrains.kotlin\kotlin-script-runtime\1.2.30\37ee7531a636e99b639f8b1544cdda27d0ee30b0\kotlin-script-runtime-1.2.30.jar;C:\Users\Developer\.gradle\caches\modules-2\files-2.1\org.jetbrains.kotlin\kotlin-reflect\1.2.30\9758025a415ee400e1f90ff222bcfec247779133\kotlin-reflect-1.2.30.jar;C:\Program Files\Android\Android Studio\jre\lib\tools.jar
java_class_path (initial): C:\Users\Developer\.gradle\caches\modules-2\files-2.1\org.jetbrains.kotlin\kotlin-compiler-embeddable\1.2.30\9b3f10d4717b9ac238b287e9b6eb2b4eadd8e870\kotlin-compiler-embeddable-1.2.30.jar;C:\Users\Developer\.gradle\caches\modules-2\files-2.1\org.jetbrains.kotlin\kotlin-stdlib\1.2.30\2dfac33f8b4e92c9dd1422cd286834701a6f6d6\kotlin-stdlib-1.2.30.jar;C:\Users\Developer\.gradle\caches\modules-2\files-2.1\org.jetbrains.kotlin\kotlin-script-runtime\1.2.30\37ee7531a636e99b639f8b1544cdda27d0ee30b0\kotlin-script-runtime-1.2.30.jar;C:\Users\Developer\.gradle\caches\modules-2\files-2.1\org.jetbrains.kotlin\kotlin-reflect\1.2.30\9758025a415ee400e1f90ff222bcfec247779133\kotlin-reflect-1.2.30.jar;C:\Program Files\Android\Android Studio\jre\lib\tools.jar
Launcher Type: SUN_STANDARD

Environment Variables:
PATH=C:\WINDOWS\system32;C:\WINDOWS;C:\WINDOWS\System32\Wbem;C:\WINDOWS\System32\WindowsPowerShell\v1.0\;F:\Git\cmd;C:\WINDOWS\System32\OpenSSH\;C:\Users\Developer\AppData\Local\Programs\Python\Python37-32\Scripts\;C:\Users\Developer\AppData\Local\Programs\Python\Python37-32\;C:\Users\Developer\AppData\Local\Microsoft\WindowsApps;
USERNAME=Developer
OS=Windows_NT
PROCESSOR_IDENTIFIER=Intel64 Family 6 Model 42 Stepping 7, GenuineIntel



---------------  S Y S T E M  ---------------

OS: Windows 10.0 , 64 bit Build 17134 (10.0.17134.556)

CPU:total 4 (initial active 4) (2 cores per cpu, 2 threads per core) family 6 model 42 stepping 7, cmov, cx8, fxsr, mmx, sse, sse2, sse3, ssse3, sse4.1, sse4.2, popcnt, avx, clmul, ht, tsc, tscinvbit

Memory: 4k page, physical 8280124k(1378308k free), swap 10049596k(2308464k free)

vm_info: OpenJDK 64-Bit Server VM (25.152-b01) for windows-amd64 JRE (1.8.0_152-release-1248-b01), built by "builder" with MS VC++ 10.0 (VS2010)

time: Thu Mar 07 16:48:44 2019
elapsed time: 2678 seconds (0d 0h 44m 38s)

